{
  "latestSettings": "nameFunctionExpressions injectIntegerCasts injectTraceLogs generateMain generateGettersAndSetters performOtherCodeTransformations includeConsoleFunctions deleteIntermediateFiles",
  "nameFunctionExpressions injectIntegerCasts injectTraceLogs generateMain generateGettersAndSetters performOtherCodeTransformations includeConsoleFunctions deleteIntermediateFiles": {
    "settings": {
      "nameFunctionExpressions": true,
      "injectIntegerCasts": true,
      "injectTraceLogs": true,
      "generateMain": true,
      "generateGettersAndSetters": true,
      "performOtherCodeTransformations": true,
      "includeConsoleFunctions": true,
      "deleteIntermediateFiles": true
    },
    "version": "Tese",
    "originalFilePath": "transpilejs\\examples\\custom\\my-examples\\array.js",
    "annotatorOutput": "Annotator completed successfully!\n",
    "annotatorTime": 10890.312799990177,
    "annotatorSuccess": true,
    "annotatedFilePath": "transpilejs\\examples\\custom\\my-examples\\array_annotated.ts",
    "selectorOutput": "Function Dependencies:\narrayGetter -> Dependencies: \narraySetter -> Dependencies: \narrayDoubleWay -> Dependencies: \narrayElementSetter -> Dependencies: \narrayElementPusher -> Dependencies: unshift, push\narrayElementDeleter -> Dependencies: shift, pop\narraySplice -> Dependencies: \naGetter -> Dependencies: \naSetter -> Dependencies: \naUnary -> Dependencies: \nresGetter -> Dependencies: \nresSetter -> Dependencies: \nresUnary -> Dependencies: \nremGetter -> Dependencies: \nremSetter -> Dependencies: \nremDoubleWay -> Dependencies: \nremElementSetter -> Dependencies: \nremElementPusher -> Dependencies: unshift, push\nremElementDeleter -> Dependencies: shift, pop\nremSplice -> Dependencies: \nremremGetter -> Dependencies: \nremremSetter -> Dependencies: \nremremDoubleWay -> Dependencies: \nremremElementSetter -> Dependencies: \nremremElementPusher -> Dependencies: unshift, push\nremremElementDeleter -> Dependencies: shift, pop\nremremSplice -> Dependencies: \nmain -> Dependencies: toString\n\nTrying to compile functions: main\nImportable Functions: arrayGetter,arraySetter,arrayDoubleWay,arrayElementSetter,arrayElementPusher,arrayElementDeleter,arraySplice,aGetter,aSetter,aUnary,resGetter,resSetter,resUnary,remGetter,remSetter,remDoubleWay,remElementSetter,remElementPusher,remElementDeleter,remSplice,remremGetter,remremSetter,remremDoubleWay,remremElementSetter,remremElementPusher,remremElementDeleter,remremSplice\nAS Compilation failed: 29 compile error(s)\nERROR TS2304: Cannot find name 'arraySetter'.\n   :\n 3 │ arraySetter([1, 2, 3, 4, 5]);\n   │ ~~~~~~~~~~~\n   └─ in ../examples/custom/my-examples/array_output/array_compilable.ts(3,5)\r\n\r\nERROR TS2304: Cannot find name 'arrayGetter'.\n   :\n 4 │ console.log((arrayGetter()).toString());\n   │              ~~~~~~~~~~~\n   └─ in ../examples/custom/my-examples/array_output/array_compilable.ts(4,18)\r\n\r\nERROR TS2304: Cannot find name 'arrayElementSetter'.\n   :\n 6 │ arrayElementSetter(33, 2);\n   │ ~~~~~~~~~~~~~~~~~~\n   └─ in ../examples/custom/my-examples/array_output/array_compilable.ts(6,5)\r\n\r\nERROR TS2304: Cannot find name 'arrayGetter'.\n   :\n 7 │ console.log((arrayGetter()).toString());\n   │              ~~~~~~~~~~~\n   └─ in ../examples/custom/my-examples/array_output/array_compilable.ts(7,18)\r\n\r\nERROR TS2304: Cannot find name 'aSetter'.\n   :\n 8 │ aSetter(3);\n   │ ~~~~~~~\n   └─ in ../examples/custom/my-examples/array_output/array_compilable.ts(8,5)\r\n\r\nERROR TS2304: Cannot find name 'arrayElementSetter'.\n   :\n 9 │ arrayElementSetter(333, aGetter());\n   │ ~~~~~~~~~~~~~~~~~~\n   └─ in ../examples/custom/my-examples/array_output/array_compilable.ts(9,5)\r\n\r\nERROR TS2304: Cannot find name 'arrayGetter'.\n    :\n 10 │ console.log((arrayGetter()).toString());\n    │              ~~~~~~~~~~~\n    └─ in ../examples/custom/my-examples/array_output/array_compilable.ts(10,18)\r\n\r\nERROR TS2304: Cannot find name 'arrayElementSetter'.\n    :\n 12 │ arrayElementSetter(0, (aGetter() + 2.5) * 0);\n    │ ~~~~~~~~~~~~~~~~~~\n    └─ in ../examples/custom/my-examples/array_output/array_compilable.ts(12,5)\r\n\r\nERROR TS2304: Cannot find name 'arrayGetter'.\n    :\n 13 │ console.log((arrayGetter()).toString());\n    │              ~~~~~~~~~~~\n    └─ in ../examples/custom/my-examples/array_output/array_compilable.ts(13,18)\r\n\r\nERROR TS2304: Cannot find name 'resSetter'.\n    :\n 14 │ resSetter(arrayGetter()[i32(aGetter())]);\n    │ ~~~~~~~~~\n    └─ in ../examples/custom/my-examples/array_output/array_compilable.ts(14,5)\r\n\r\nERROR TS2304: Cannot find name 'arrayGetter'.\n    :\n 15 │ console.log((arrayGetter()).toString());\n    │              ~~~~~~~~~~~\n    └─ in ../examples/custom/my-examples/array_output/array_compilable.ts(15,18)\r\n\r\nERROR TS2304: Cannot find name 'resSetter'.\n    :\n 17 │ resSetter(arrayGetter()[i32((aGetter() + 2.5) * 0)]);\n    │ ~~~~~~~~~\n    └─ in ../examples/custom/my-examples/array_output/array_compilable.ts(17,5)\r\n\r\nERROR TS2304: Cannot find name 'arrayGetter'.\n    :\n 18 │ console.log((arrayGetter()).toString());\n    │              ~~~~~~~~~~~\n    └─ in ../examples/custom/my-examples/array_output/array_compilable.ts(18,18)\r\n\r\nERROR TS2304: Cannot find name 'arrayElementPusher'.\n    :\n 20 │ arrayElementPusher(6, false);\n    │ ~~~~~~~~~~~~~~~~~~\n    └─ in ../examples/custom/my-examples/array_output/array_compilable.ts(20,5)\r\n\r\nERROR TS2304: Cannot find name 'arrayGetter'.\n    :\n 21 │ console.log((arrayGetter()).toString());\n    │              ~~~~~~~~~~~\n    └─ in ../examples/custom/my-examples/array_output/array_compilable.ts(21,18)\r\n\r\nERROR TS2304: Cannot find name 'arrayElementDeleter'.\n    :\n 22 │ console.log((arrayElementDeleter(false)).toString());\n    │              ~~~~~~~~~~~~~~~~~~~\n    └─ in ../examples/custom/my-examples/array_output/array_compilable.ts(22,18)\r\n\r\nERROR TS2304: Cannot find name 'arrayGetter'.\n    :\n 23 │ console.log((arrayGetter()).toString());\n    │              ~~~~~~~~~~~\n    └─ in ../examples/custom/my-examples/array_output/array_compilable.ts(23,18)\r\n\r\nERROR TS2304: Cannot find name 'arrayElementPusher'.\n    :\n 25 │ arrayElementPusher(0, true);\n    │ ~~~~~~~~~~~~~~~~~~\n    └─ in ../examples/custom/my-examples/array_output/array_compilable.ts(25,5)\r\n\r\nERROR TS2304: Cannot find name 'arrayGetter'.\n    :\n 26 │ console.log((arrayGetter()).toString());\n    │              ~~~~~~~~~~~\n    └─ in ../examples/custom/my-examples/array_output/array_compilable.ts(26,18)\r\n\r\nERROR TS2304: Cannot find name 'arrayElementDeleter'.\n    :\n 27 │ console.log((arrayElementDeleter(true)).toString());\n    │              ~~~~~~~~~~~~~~~~~~~\n    └─ in ../examples/custom/my-examples/array_output/array_compilable.ts(27,18)\r\n\r\nERROR TS2304: Cannot find name 'arrayGetter'.\n    :\n 28 │ console.log((arrayGetter()).toString());\n    │              ~~~~~~~~~~~\n    └─ in ../examples/custom/my-examples/array_output/array_compilable.ts(28,18)\r\n\r\nERROR TS2304: Cannot find name 'arraySplice'.\n    :\n 30 │ console.log((arraySplice(2, 2, [])).toString());\n    │              ~~~~~~~~~~~\n    └─ in ../examples/custom/my-examples/array_output/array_compilable.ts(30,18)\r\n\r\nERROR TS2304: Cannot find name 'arrayGetter'.\n    :\n 31 │ console.log((arrayGetter()).toString());\n    │              ~~~~~~~~~~~\n    └─ in ../examples/custom/my-examples/array_output/array_compilable.ts(31,18)\r\n\r\nERROR TS2304: Cannot find name 'remSetter'.\n    :\n 32 │ remSetter(arraySplice(0, 1, [444, 909]));\n    │ ~~~~~~~~~\n    └─ in ../examples/custom/my-examples/array_output/array_compilable.ts(32,5)\r\n\r\nERROR TS2304: Cannot find name 'remGetter'.\n    :\n 33 │ console.log((remGetter()).toString());\n    │              ~~~~~~~~~\n    └─ in ../examples/custom/my-examples/array_output/array_compilable.ts(33,18)\r\n\r\nERROR TS2304: Cannot find name 'arrayGetter'.\n    :\n 34 │ console.log((arrayGetter()).toString());\n    │              ~~~~~~~~~~~\n    └─ in ../examples/custom/my-examples/array_output/array_compilable.ts(34,18)\r\n\r\nERROR TS2304: Cannot find name 'remremSetter'.\n    :\n 35 │ remremSetter(arraySplice(1, arrayGetter().length, []));\n    │ ~~~~~~~~~~~~\n    └─ in ../examples/custom/my-examples/array_output/array_compilable.ts(35,5)\r\n\r\nERROR TS2304: Cannot find name 'remremGetter'.\n    :\n 36 │ console.log((remremGetter()).toString());\n    │              ~~~~~~~~~~~~\n    └─ in ../examples/custom/my-examples/array_output/array_compilable.ts(36,18)\r\n\r\nERROR TS2304: Cannot find name 'arrayGetter'.\n    :\n 37 │ console.log((arrayGetter()).toString());\n    │              ~~~~~~~~~~~\n    └─ in ../examples/custom/my-examples/array_output/array_compilable.ts(37,18)\r\n\r\nFAILURE 29 compile error(s)\r\n\nTrying to compile functions: main\nImportable Functions: arrayGetter,arraySetter,arrayDoubleWay,arrayElementSetter,arrayElementPusher,arrayElementDeleter,arraySplice,aGetter,aSetter,aUnary,resGetter,resSetter,resUnary,remGetter,remSetter,remDoubleWay,remElementSetter,remElementPusher,remElementDeleter,remSplice,remremGetter,remremSetter,remremDoubleWay,remremElementSetter,remremElementPusher,remremElementDeleter,remremSplice\nAS Compilation failed: 4 compile error(s)\nERROR TS2304: Cannot find name 'aGetter'.\n    :\n 33 │ arrayElementSetter(333, aGetter());\n    │                         ~~~~~~~\n    └─ in ../examples/custom/my-examples/array_output/array_compilable.ts(33,29)\r\n\r\nERROR TS2304: Cannot find name 'aGetter'.\n    :\n 36 │ arrayElementSetter(0, (aGetter() + 2.5) * 0);\n    │                        ~~~~~~~\n    └─ in ../examples/custom/my-examples/array_output/array_compilable.ts(36,28)\r\n\r\nERROR TS2304: Cannot find name 'aGetter'.\n    :\n 38 │ resSetter(arrayGetter()[i32(aGetter())]);\n    │                             ~~~~~~~\n    └─ in ../examples/custom/my-examples/array_output/array_compilable.ts(38,33)\r\n\r\nERROR TS2304: Cannot find name 'aGetter'.\n    :\n 41 │ resSetter(arrayGetter()[i32((aGetter() + 2.5) * 0)]);\n    │                              ~~~~~~~\n    └─ in ../examples/custom/my-examples/array_output/array_compilable.ts(41,34)\r\n\r\nFAILURE 4 compile error(s)\r\n\nTrying to compile functions: main\nImportable Functions: arrayGetter,arraySetter,arrayDoubleWay,arrayElementSetter,arrayElementPusher,arrayElementDeleter,arraySplice,aGetter,aSetter,aUnary,resGetter,resSetter,resUnary,remGetter,remSetter,remDoubleWay,remElementSetter,remElementPusher,remElementDeleter,remSplice,remremGetter,remremSetter,remremDoubleWay,remremElementSetter,remremElementPusher,remremElementDeleter,remremSplice\nAS Compilation successful!\nSelector completed successfully!\n",
    "selectorTime": 16836.17159998417,
    "selectorSuccess": true,
    "outputFolder": "transpilejs\\examples\\custom\\my-examples\\array_output",
    "transpiledFilePath": "transpilejs\\examples\\custom\\my-examples\\array_output\\array_transpiled.js",
    "compilableFilePath": "transpilejs\\examples\\custom\\my-examples\\array_output\\array_compilable.ts",
    "transpilationTime": 27727.52629995346,
    "transpilationSuccess": true,
    "runner": {
      "success": true,
      "ran": true,
      "runs": 20,
      "original": {
        "size": 932,
        "lines": 38,
        "output": "[ 1, 2, 3, 4, 5 ]\n[ 1, 2, 33, 4, 5 ]\n[ 1, 2, 33, 333, 5 ]\n[ 0, 2, 33, 333, 5 ]\n[ 0, 2, 33, 333, 5 ]\n[ 0, 2, 33, 333, 5 ]\n[ 0, 2, 33, 333, 5, 6 ]\n6\n[ 0, 2, 33, 333, 5 ]\n[ 0, 0, 2, 33, 333, 5 ]\n0\n[ 0, 2, 33, 333, 5 ]\n[ 33, 333 ]\n[ 0, 2, 5 ]\n[ 0 ]\n[ 444, 909, 2, 5 ]\n[ 909, 2, 5 ]\n[ 444 ]\n",
        "averageRuntime": 167.53844000399113,
        "standardDeviation": 10.72906201512189
      },
      "annotated": {
        "size": 5340,
        "lines": 111,
        "output": "1,2,3,4,5\n1,2,33,4,5\n1,2,33,333,5\n0,2,33,333,5\n0,2,33,333,5\n0,2,33,333,5\n0,2,33,333,5,6\n6\n0,2,33,333,5\n0,0,2,33,333,5\n0\n0,2,33,333,5\n33,333\n0,2,5\n0\n444,909,2,5\n909,2,5\n444\n",
        "averageRuntime": 177.9392799973488,
        "standardDeviation": 20.547365947662268
      },
      "transpiled": {
        "size": 21274,
        "lines": 108,
        "output": "1.0,2.0,3.0,4.0,5.0\n1.0,2.0,33.0,4.0,5.0\n1.0,2.0,33.0,333.0,5.0\n0.0,2.0,33.0,333.0,5.0\n0.0,2.0,33.0,333.0,5.0\n0.0,2.0,33.0,333.0,5.0\n0.0,2.0,33.0,333.0,5.0,6.0\n6.0\n0.0,2.0,33.0,333.0,5.0\n0.0,0.0,2.0,33.0,333.0,5.0\n0.0\n0.0,2.0,33.0,333.0,5.0\n33.0,333.0\n0.0,2.0,5.0\n0.0\n444.0,909.0,2.0,5.0\n909.0,2.0,5.0\n444.0\n",
        "averageRuntime": 179.56972500383853,
        "standardDeviation": 13.09904444257128
      },
      "compilable": {
        "size": 2865,
        "lines": 63
      }
    }
  },
  "nameFunctionExpressions injectIntegerCasts injectTraceLogs generateGettersAndSetters performOtherCodeTransformations includeConsoleFunctions deleteIntermediateFiles": {
    "settings": {
      "nameFunctionExpressions": true,
      "injectIntegerCasts": true,
      "injectTraceLogs": true,
      "generateMain": false,
      "generateGettersAndSetters": true,
      "performOtherCodeTransformations": true,
      "includeConsoleFunctions": true,
      "deleteIntermediateFiles": true
    },
    "version": "Tese",
    "originalFilePath": "transpilejs\\examples\\custom\\my-examples\\array.js",
    "annotatorOutput": "Annotator completed successfully!\n",
    "annotatorTime": 8836.760399997234,
    "annotatorSuccess": true,
    "annotatedFilePath": "transpilejs\\examples\\custom\\my-examples\\array_annotated.ts",
    "transpilationError": "Command failed: ts-node selector.ts \"transpilejs\\examples\\custom\\my-examples\\array_annotated.ts\" --noGeneratedMain --deleteIntermediateFiles --verbose\nFunction Dependencies:\narrayGetter -> Dependencies: \narraySetter -> Dependencies: \narrayDoubleWay -> Dependencies: \narrayElementSetter -> Dependencies: \narrayElementPusher -> Dependencies: unshift, push\narrayElementDeleter -> Dependencies: shift, pop\narraySplice -> Dependencies: \naGetter -> Dependencies: \naSetter -> Dependencies: \naUnary -> Dependencies: \nresGetter -> Dependencies: \nresSetter -> Dependencies: \nresUnary -> Dependencies: \nremGetter -> Dependencies: \nremSetter -> Dependencies: \nremDoubleWay -> Dependencies: \nremElementSetter -> Dependencies: \nremElementPusher -> Dependencies: unshift, push\nremElementDeleter -> Dependencies: shift, pop\nremSplice -> Dependencies: \nremremGetter -> Dependencies: \nremremSetter -> Dependencies: \nremremDoubleWay -> Dependencies: \nremremElementSetter -> Dependencies: \nremremElementPusher -> Dependencies: unshift, push\nremremElementDeleter -> Dependencies: shift, pop\nremremSplice -> Dependencies: \n\nTrying to compile functions: \nImportable Functions: arrayGetter,arraySetter,arrayDoubleWay,arrayElementSetter,arrayElementPusher,arrayElementDeleter,arraySplice,aGetter,aSetter,aUnary,resGetter,resSetter,resUnary,remGetter,remSetter,remDoubleWay,remElementSetter,remElementPusher,remElementDeleter,remSplice,remremGetter,remremSetter,remremDoubleWay,remremElementSetter,remremElementPusher,remremElementDeleter,remremSplice\n\nSelector Error: Unable to compile anything\n",
    "transpilationSuccess": false,
    "selectorOutput": "Command failed: ts-node selector.ts \"transpilejs\\examples\\custom\\my-examples\\array_annotated.ts\" --noGeneratedMain --deleteIntermediateFiles --verbose\nFunction Dependencies:\narrayGetter -> Dependencies: \narraySetter -> Dependencies: \narrayDoubleWay -> Dependencies: \narrayElementSetter -> Dependencies: \narrayElementPusher -> Dependencies: unshift, push\narrayElementDeleter -> Dependencies: shift, pop\narraySplice -> Dependencies: \naGetter -> Dependencies: \naSetter -> Dependencies: \naUnary -> Dependencies: \nresGetter -> Dependencies: \nresSetter -> Dependencies: \nresUnary -> Dependencies: \nremGetter -> Dependencies: \nremSetter -> Dependencies: \nremDoubleWay -> Dependencies: \nremElementSetter -> Dependencies: \nremElementPusher -> Dependencies: unshift, push\nremElementDeleter -> Dependencies: shift, pop\nremSplice -> Dependencies: \nremremGetter -> Dependencies: \nremremSetter -> Dependencies: \nremremDoubleWay -> Dependencies: \nremremElementSetter -> Dependencies: \nremremElementPusher -> Dependencies: unshift, push\nremremElementDeleter -> Dependencies: shift, pop\nremremSplice -> Dependencies: \n\nTrying to compile functions: \nImportable Functions: arrayGetter,arraySetter,arrayDoubleWay,arrayElementSetter,arrayElementPusher,arrayElementDeleter,arraySplice,aGetter,aSetter,aUnary,resGetter,resSetter,resUnary,remGetter,remSetter,remDoubleWay,remElementSetter,remElementPusher,remElementDeleter,remSplice,remremGetter,remremSetter,remremDoubleWay,remremElementSetter,remremElementPusher,remremElementDeleter,remremSplice\n\nSelector Error: Unable to compile anything\n",
    "selectorSuccess": false,
    "runner": {
      "success": true,
      "ran": false,
      "runs": 20
    }
  },
  "nameFunctionExpressions injectIntegerCasts injectTraceLogs generateMain performOtherCodeTransformations includeConsoleFunctions deleteIntermediateFiles": {
    "settings": {
      "nameFunctionExpressions": true,
      "injectIntegerCasts": true,
      "injectTraceLogs": true,
      "generateMain": true,
      "generateGettersAndSetters": false,
      "performOtherCodeTransformations": true,
      "includeConsoleFunctions": true,
      "deleteIntermediateFiles": true
    },
    "version": "Tese",
    "originalFilePath": "transpilejs\\examples\\custom\\my-examples\\array.js",
    "annotatorOutput": "Annotator completed successfully!\n",
    "annotatorTime": 8794.471100002527,
    "annotatorSuccess": true,
    "annotatedFilePath": "transpilejs\\examples\\custom\\my-examples\\array_annotated.ts",
    "transpilationError": "Command failed: ts-node selector.ts \"transpilejs\\examples\\custom\\my-examples\\array_annotated.ts\" --noGeneratedGettersAndSetters --deleteIntermediateFiles --verbose\nFunction Dependencies:\nmain -> Dependencies: toString, push, pop, unshift, shift\n\nTrying to compile functions: main\nImportable Functions: \nAS Compilation failed: 29 compile error(s)\nERROR TS2304: Cannot find name 'array'.\n   :\n 3 │ array = [1, 2, 3, 4, 5];\n   │ ~~~~~\n   └─ in ../examples/custom/my-examples/array_output/array_compilable.ts(3,5)\r\n\r\nERROR TS2304: Cannot find name 'array'.\n   :\n 4 │ console.log((array).toString());\n   │              ~~~~~\n   └─ in ../examples/custom/my-examples/array_output/array_compilable.ts(4,18)\r\n\r\nERROR TS2304: Cannot find name 'array'.\n   :\n 6 │ array[2] = 33;\n   │ ~~~~~\n   └─ in ../examples/custom/my-examples/array_output/array_compilable.ts(6,5)\r\n\r\nERROR TS2304: Cannot find name 'array'.\n   :\n 7 │ console.log((array).toString());\n   │              ~~~~~\n   └─ in ../examples/custom/my-examples/array_output/array_compilable.ts(7,18)\r\n\r\nERROR TS2304: Cannot find name 'a'.\n   :\n 8 │ a = 3;\n   │ ~\n   └─ in ../examples/custom/my-examples/array_output/array_compilable.ts(8,5)\r\n\r\nERROR TS2304: Cannot find name 'array'.\n   :\n 9 │ array[i32(a)] = 333;\n   │ ~~~~~\n   └─ in ../examples/custom/my-examples/array_output/array_compilable.ts(9,5)\r\n\r\nERROR TS2304: Cannot find name 'array'.\n    :\n 10 │ console.log((array).toString());\n    │              ~~~~~\n    └─ in ../examples/custom/my-examples/array_output/array_compilable.ts(10,18)\r\n\r\nERROR TS2304: Cannot find name 'array'.\n    :\n 12 │ array[i32((a + 2.5) * 0)] = 0;\n    │ ~~~~~\n    └─ in ../examples/custom/my-examples/array_output/array_compilable.ts(12,5)\r\n\r\nERROR TS2304: Cannot find name 'array'.\n    :\n 13 │ console.log((array).toString());\n    │              ~~~~~\n    └─ in ../examples/custom/my-examples/array_output/array_compilable.ts(13,18)\r\n\r\nERROR TS2304: Cannot find name 'res'.\n    :\n 14 │ res = array[i32(a)];\n    │ ~~~\n    └─ in ../examples/custom/my-examples/array_output/array_compilable.ts(14,5)\r\n\r\nERROR TS2304: Cannot find name 'array'.\n    :\n 15 │ console.log((array).toString());\n    │              ~~~~~\n    └─ in ../examples/custom/my-examples/array_output/array_compilable.ts(15,18)\r\n\r\nERROR TS2304: Cannot find name 'res'.\n    :\n 17 │ res = array[i32((a + 2.5) * 0)];\n    │ ~~~\n    └─ in ../examples/custom/my-examples/array_output/array_compilable.ts(17,5)\r\n\r\nERROR TS2304: Cannot find name 'array'.\n    :\n 18 │ console.log((array).toString());\n    │              ~~~~~\n    └─ in ../examples/custom/my-examples/array_output/array_compilable.ts(18,18)\r\n\r\nERROR TS2304: Cannot find name 'array'.\n    :\n 20 │ array.push(6);\n    │ ~~~~~\n    └─ in ../examples/custom/my-examples/array_output/array_compilable.ts(20,5)\r\n\r\nERROR TS2304: Cannot find name 'array'.\n    :\n 21 │ console.log((array).toString());\n    │              ~~~~~\n    └─ in ../examples/custom/my-examples/array_output/array_compilable.ts(21,18)\r\n\r\nERROR TS2304: Cannot find name 'array'.\n    :\n 22 │ console.log((array.pop()).toString());\n    │              ~~~~~\n    └─ in ../examples/custom/my-examples/array_output/array_compilable.ts(22,18)\r\n\r\nERROR TS2304: Cannot find name 'array'.\n    :\n 23 │ console.log((array).toString());\n    │              ~~~~~\n    └─ in ../examples/custom/my-examples/array_output/array_compilable.ts(23,18)\r\n\r\nERROR TS2304: Cannot find name 'array'.\n    :\n 25 │ array.unshift(0);\n    │ ~~~~~\n    └─ in ../examples/custom/my-examples/array_output/array_compilable.ts(25,5)\r\n\r\nERROR TS2304: Cannot find name 'array'.\n    :\n 26 │ console.log((array).toString());\n    │              ~~~~~\n    └─ in ../examples/custom/my-examples/array_output/array_compilable.ts(26,18)\r\n\r\nERROR TS2304: Cannot find name 'array'.\n    :\n 27 │ console.log((array.shift()).toString());\n    │              ~~~~~\n    └─ in ../examples/custom/my-examples/array_output/array_compilable.ts(27,18)\r\n\r\nERROR TS2304: Cannot find name 'array'.\n    :\n 28 │ console.log((array).toString());\n    │              ~~~~~\n    └─ in ../examples/custom/my-examples/array_output/array_compilable.ts(28,18)\r\n\r\nERROR TS2304: Cannot find name 'array'.\n    :\n 30 │ console.log((array.splice(2, 2)).toString());\n    │              ~~~~~\n    └─ in ../examples/custom/my-examples/array_output/array_compilable.ts(30,18)\r\n\r\nERROR TS2304: Cannot find name 'array'.\n    :\n 31 │ console.log((array).toString());\n    │              ~~~~~\n    └─ in ../examples/custom/my-examples/array_output/array_compilable.ts(31,18)\r\n\r\nERROR TS2540: Cannot assign to '~lib/builtins/rem' because it is a constant or a read-only property.\n    :\n 32 │ rem = array.splice(0, 1, 444, 909);\n    │ ~~~\n    └─ in ../examples/custom/my-examples/array_output/array_compilable.ts(32,5)\r\n\r\nERROR TS2339: Property 'toString' does not exist on type '~lib/builtins/rem'.\n    :\n 33 │ console.log((rem).toString());\n    │                   ~~~~~~~~\n    └─ in ../examples/custom/my-examples/array_output/array_compilable.ts(33,23)\r\n\r\nERROR TS2304: Cannot find name 'array'.\n    :\n 34 │ console.log((array).toString());\n    │              ~~~~~\n    └─ in ../examples/custom/my-examples/array_output/array_compilable.ts(34,18)\r\n\r\nERROR TS2304: Cannot find name 'remrem'.\n    :\n 35 │ remrem = array.splice(1);\n    │ ~~~~~~\n    └─ in ../examples/custom/my-examples/array_output/array_compilable.ts(35,5)\r\n\r\nERROR TS2304: Cannot find name 'remrem'.\n    :\n 36 │ console.log((remrem).toString());\n    │              ~~~~~~\n    └─ in ../examples/custom/my-examples/array_output/array_compilable.ts(36,18)\r\n\r\nERROR TS2304: Cannot find name 'array'.\n    :\n 37 │ console.log((array).toString());\n    │              ~~~~~\n    └─ in ../examples/custom/my-examples/array_output/array_compilable.ts(37,18)\r\n\r\nFAILURE 29 compile error(s)\r\n\nTrying to compile functions: \nImportable Functions: \n\nSelector Error: Unable to compile anything\n",
    "transpilationSuccess": false,
    "selectorOutput": "Command failed: ts-node selector.ts \"transpilejs\\examples\\custom\\my-examples\\array_annotated.ts\" --noGeneratedGettersAndSetters --deleteIntermediateFiles --verbose\nFunction Dependencies:\nmain -> Dependencies: toString, push, pop, unshift, shift\n\nTrying to compile functions: main\nImportable Functions: \nAS Compilation failed: 29 compile error(s)\nERROR TS2304: Cannot find name 'array'.\n   :\n 3 │ array = [1, 2, 3, 4, 5];\n   │ ~~~~~\n   └─ in ../examples/custom/my-examples/array_output/array_compilable.ts(3,5)\r\n\r\nERROR TS2304: Cannot find name 'array'.\n   :\n 4 │ console.log((array).toString());\n   │              ~~~~~\n   └─ in ../examples/custom/my-examples/array_output/array_compilable.ts(4,18)\r\n\r\nERROR TS2304: Cannot find name 'array'.\n   :\n 6 │ array[2] = 33;\n   │ ~~~~~\n   └─ in ../examples/custom/my-examples/array_output/array_compilable.ts(6,5)\r\n\r\nERROR TS2304: Cannot find name 'array'.\n   :\n 7 │ console.log((array).toString());\n   │              ~~~~~\n   └─ in ../examples/custom/my-examples/array_output/array_compilable.ts(7,18)\r\n\r\nERROR TS2304: Cannot find name 'a'.\n   :\n 8 │ a = 3;\n   │ ~\n   └─ in ../examples/custom/my-examples/array_output/array_compilable.ts(8,5)\r\n\r\nERROR TS2304: Cannot find name 'array'.\n   :\n 9 │ array[i32(a)] = 333;\n   │ ~~~~~\n   └─ in ../examples/custom/my-examples/array_output/array_compilable.ts(9,5)\r\n\r\nERROR TS2304: Cannot find name 'array'.\n    :\n 10 │ console.log((array).toString());\n    │              ~~~~~\n    └─ in ../examples/custom/my-examples/array_output/array_compilable.ts(10,18)\r\n\r\nERROR TS2304: Cannot find name 'array'.\n    :\n 12 │ array[i32((a + 2.5) * 0)] = 0;\n    │ ~~~~~\n    └─ in ../examples/custom/my-examples/array_output/array_compilable.ts(12,5)\r\n\r\nERROR TS2304: Cannot find name 'array'.\n    :\n 13 │ console.log((array).toString());\n    │              ~~~~~\n    └─ in ../examples/custom/my-examples/array_output/array_compilable.ts(13,18)\r\n\r\nERROR TS2304: Cannot find name 'res'.\n    :\n 14 │ res = array[i32(a)];\n    │ ~~~\n    └─ in ../examples/custom/my-examples/array_output/array_compilable.ts(14,5)\r\n\r\nERROR TS2304: Cannot find name 'array'.\n    :\n 15 │ console.log((array).toString());\n    │              ~~~~~\n    └─ in ../examples/custom/my-examples/array_output/array_compilable.ts(15,18)\r\n\r\nERROR TS2304: Cannot find name 'res'.\n    :\n 17 │ res = array[i32((a + 2.5) * 0)];\n    │ ~~~\n    └─ in ../examples/custom/my-examples/array_output/array_compilable.ts(17,5)\r\n\r\nERROR TS2304: Cannot find name 'array'.\n    :\n 18 │ console.log((array).toString());\n    │              ~~~~~\n    └─ in ../examples/custom/my-examples/array_output/array_compilable.ts(18,18)\r\n\r\nERROR TS2304: Cannot find name 'array'.\n    :\n 20 │ array.push(6);\n    │ ~~~~~\n    └─ in ../examples/custom/my-examples/array_output/array_compilable.ts(20,5)\r\n\r\nERROR TS2304: Cannot find name 'array'.\n    :\n 21 │ console.log((array).toString());\n    │              ~~~~~\n    └─ in ../examples/custom/my-examples/array_output/array_compilable.ts(21,18)\r\n\r\nERROR TS2304: Cannot find name 'array'.\n    :\n 22 │ console.log((array.pop()).toString());\n    │              ~~~~~\n    └─ in ../examples/custom/my-examples/array_output/array_compilable.ts(22,18)\r\n\r\nERROR TS2304: Cannot find name 'array'.\n    :\n 23 │ console.log((array).toString());\n    │              ~~~~~\n    └─ in ../examples/custom/my-examples/array_output/array_compilable.ts(23,18)\r\n\r\nERROR TS2304: Cannot find name 'array'.\n    :\n 25 │ array.unshift(0);\n    │ ~~~~~\n    └─ in ../examples/custom/my-examples/array_output/array_compilable.ts(25,5)\r\n\r\nERROR TS2304: Cannot find name 'array'.\n    :\n 26 │ console.log((array).toString());\n    │              ~~~~~\n    └─ in ../examples/custom/my-examples/array_output/array_compilable.ts(26,18)\r\n\r\nERROR TS2304: Cannot find name 'array'.\n    :\n 27 │ console.log((array.shift()).toString());\n    │              ~~~~~\n    └─ in ../examples/custom/my-examples/array_output/array_compilable.ts(27,18)\r\n\r\nERROR TS2304: Cannot find name 'array'.\n    :\n 28 │ console.log((array).toString());\n    │              ~~~~~\n    └─ in ../examples/custom/my-examples/array_output/array_compilable.ts(28,18)\r\n\r\nERROR TS2304: Cannot find name 'array'.\n    :\n 30 │ console.log((array.splice(2, 2)).toString());\n    │              ~~~~~\n    └─ in ../examples/custom/my-examples/array_output/array_compilable.ts(30,18)\r\n\r\nERROR TS2304: Cannot find name 'array'.\n    :\n 31 │ console.log((array).toString());\n    │              ~~~~~\n    └─ in ../examples/custom/my-examples/array_output/array_compilable.ts(31,18)\r\n\r\nERROR TS2540: Cannot assign to '~lib/builtins/rem' because it is a constant or a read-only property.\n    :\n 32 │ rem = array.splice(0, 1, 444, 909);\n    │ ~~~\n    └─ in ../examples/custom/my-examples/array_output/array_compilable.ts(32,5)\r\n\r\nERROR TS2339: Property 'toString' does not exist on type '~lib/builtins/rem'.\n    :\n 33 │ console.log((rem).toString());\n    │                   ~~~~~~~~\n    └─ in ../examples/custom/my-examples/array_output/array_compilable.ts(33,23)\r\n\r\nERROR TS2304: Cannot find name 'array'.\n    :\n 34 │ console.log((array).toString());\n    │              ~~~~~\n    └─ in ../examples/custom/my-examples/array_output/array_compilable.ts(34,18)\r\n\r\nERROR TS2304: Cannot find name 'remrem'.\n    :\n 35 │ remrem = array.splice(1);\n    │ ~~~~~~\n    └─ in ../examples/custom/my-examples/array_output/array_compilable.ts(35,5)\r\n\r\nERROR TS2304: Cannot find name 'remrem'.\n    :\n 36 │ console.log((remrem).toString());\n    │              ~~~~~~\n    └─ in ../examples/custom/my-examples/array_output/array_compilable.ts(36,18)\r\n\r\nERROR TS2304: Cannot find name 'array'.\n    :\n 37 │ console.log((array).toString());\n    │              ~~~~~\n    └─ in ../examples/custom/my-examples/array_output/array_compilable.ts(37,18)\r\n\r\nFAILURE 29 compile error(s)\r\n\nTrying to compile functions: \nImportable Functions: \n\nSelector Error: Unable to compile anything\n",
    "selectorSuccess": false,
    "runner": {
      "success": true,
      "ran": false,
      "runs": 20
    }
  },
  "injectIntegerCasts injectTraceLogs generateMain generateGettersAndSetters performOtherCodeTransformations includeConsoleFunctions deleteIntermediateFiles": {
    "settings": {
      "nameFunctionExpressions": false,
      "injectIntegerCasts": true,
      "injectTraceLogs": true,
      "generateMain": true,
      "generateGettersAndSetters": true,
      "performOtherCodeTransformations": true,
      "includeConsoleFunctions": true,
      "deleteIntermediateFiles": true
    },
    "version": "Tese",
    "originalFilePath": "transpilejs\\examples\\custom\\my-examples\\array.js",
    "annotatorOutput": "Annotator completed successfully!\n",
    "annotatorTime": 5827.189100027084,
    "annotatorSuccess": true,
    "annotatedFilePath": "transpilejs\\examples\\custom\\my-examples\\array_annotated.ts",
    "selectorOutput": "Function Dependencies:\narrayGetter -> Dependencies: \narraySetter -> Dependencies: \narrayDoubleWay -> Dependencies: \narrayElementSetter -> Dependencies: \narrayElementPusher -> Dependencies: unshift, push\narrayElementDeleter -> Dependencies: shift, pop\narraySplice -> Dependencies: \naGetter -> Dependencies: \naSetter -> Dependencies: \naUnary -> Dependencies: \nresGetter -> Dependencies: \nresSetter -> Dependencies: \nresUnary -> Dependencies: \nremGetter -> Dependencies: \nremSetter -> Dependencies: \nremDoubleWay -> Dependencies: \nremElementSetter -> Dependencies: \nremElementPusher -> Dependencies: unshift, push\nremElementDeleter -> Dependencies: shift, pop\nremSplice -> Dependencies: \nremremGetter -> Dependencies: \nremremSetter -> Dependencies: \nremremDoubleWay -> Dependencies: \nremremElementSetter -> Dependencies: \nremremElementPusher -> Dependencies: unshift, push\nremremElementDeleter -> Dependencies: shift, pop\nremremSplice -> Dependencies: \nmain -> Dependencies: toString\n\nTrying to compile functions: main\nImportable Functions: arrayGetter,arraySetter,arrayDoubleWay,arrayElementSetter,arrayElementPusher,arrayElementDeleter,arraySplice,aGetter,aSetter,aUnary,resGetter,resSetter,resUnary,remGetter,remSetter,remDoubleWay,remElementSetter,remElementPusher,remElementDeleter,remSplice,remremGetter,remremSetter,remremDoubleWay,remremElementSetter,remremElementPusher,remremElementDeleter,remremSplice\nAS Compilation failed: 29 compile error(s)\nERROR TS2304: Cannot find name 'arraySetter'.\n   :\n 3 │ arraySetter([1, 2, 3, 4, 5]);\n   │ ~~~~~~~~~~~\n   └─ in ../examples/custom/my-examples/array_output/array_compilable.ts(3,5)\r\n\r\nERROR TS2304: Cannot find name 'arrayGetter'.\n   :\n 4 │ console.log((arrayGetter()).toString());\n   │              ~~~~~~~~~~~\n   └─ in ../examples/custom/my-examples/array_output/array_compilable.ts(4,18)\r\n\r\nERROR TS2304: Cannot find name 'arrayElementSetter'.\n   :\n 6 │ arrayElementSetter(33, 2);\n   │ ~~~~~~~~~~~~~~~~~~\n   └─ in ../examples/custom/my-examples/array_output/array_compilable.ts(6,5)\r\n\r\nERROR TS2304: Cannot find name 'arrayGetter'.\n   :\n 7 │ console.log((arrayGetter()).toString());\n   │              ~~~~~~~~~~~\n   └─ in ../examples/custom/my-examples/array_output/array_compilable.ts(7,18)\r\n\r\nERROR TS2304: Cannot find name 'aSetter'.\n   :\n 8 │ aSetter(3);\n   │ ~~~~~~~\n   └─ in ../examples/custom/my-examples/array_output/array_compilable.ts(8,5)\r\n\r\nERROR TS2304: Cannot find name 'arrayElementSetter'.\n   :\n 9 │ arrayElementSetter(333, aGetter());\n   │ ~~~~~~~~~~~~~~~~~~\n   └─ in ../examples/custom/my-examples/array_output/array_compilable.ts(9,5)\r\n\r\nERROR TS2304: Cannot find name 'arrayGetter'.\n    :\n 10 │ console.log((arrayGetter()).toString());\n    │              ~~~~~~~~~~~\n    └─ in ../examples/custom/my-examples/array_output/array_compilable.ts(10,18)\r\n\r\nERROR TS2304: Cannot find name 'arrayElementSetter'.\n    :\n 12 │ arrayElementSetter(0, (aGetter() + 2.5) * 0);\n    │ ~~~~~~~~~~~~~~~~~~\n    └─ in ../examples/custom/my-examples/array_output/array_compilable.ts(12,5)\r\n\r\nERROR TS2304: Cannot find name 'arrayGetter'.\n    :\n 13 │ console.log((arrayGetter()).toString());\n    │              ~~~~~~~~~~~\n    └─ in ../examples/custom/my-examples/array_output/array_compilable.ts(13,18)\r\n\r\nERROR TS2304: Cannot find name 'resSetter'.\n    :\n 14 │ resSetter(arrayGetter()[i32(aGetter())]);\n    │ ~~~~~~~~~\n    └─ in ../examples/custom/my-examples/array_output/array_compilable.ts(14,5)\r\n\r\nERROR TS2304: Cannot find name 'arrayGetter'.\n    :\n 15 │ console.log((arrayGetter()).toString());\n    │              ~~~~~~~~~~~\n    └─ in ../examples/custom/my-examples/array_output/array_compilable.ts(15,18)\r\n\r\nERROR TS2304: Cannot find name 'resSetter'.\n    :\n 17 │ resSetter(arrayGetter()[i32((aGetter() + 2.5) * 0)]);\n    │ ~~~~~~~~~\n    └─ in ../examples/custom/my-examples/array_output/array_compilable.ts(17,5)\r\n\r\nERROR TS2304: Cannot find name 'arrayGetter'.\n    :\n 18 │ console.log((arrayGetter()).toString());\n    │              ~~~~~~~~~~~\n    └─ in ../examples/custom/my-examples/array_output/array_compilable.ts(18,18)\r\n\r\nERROR TS2304: Cannot find name 'arrayElementPusher'.\n    :\n 20 │ arrayElementPusher(6, false);\n    │ ~~~~~~~~~~~~~~~~~~\n    └─ in ../examples/custom/my-examples/array_output/array_compilable.ts(20,5)\r\n\r\nERROR TS2304: Cannot find name 'arrayGetter'.\n    :\n 21 │ console.log((arrayGetter()).toString());\n    │              ~~~~~~~~~~~\n    └─ in ../examples/custom/my-examples/array_output/array_compilable.ts(21,18)\r\n\r\nERROR TS2304: Cannot find name 'arrayElementDeleter'.\n    :\n 22 │ console.log((arrayElementDeleter(false)).toString());\n    │              ~~~~~~~~~~~~~~~~~~~\n    └─ in ../examples/custom/my-examples/array_output/array_compilable.ts(22,18)\r\n\r\nERROR TS2304: Cannot find name 'arrayGetter'.\n    :\n 23 │ console.log((arrayGetter()).toString());\n    │              ~~~~~~~~~~~\n    └─ in ../examples/custom/my-examples/array_output/array_compilable.ts(23,18)\r\n\r\nERROR TS2304: Cannot find name 'arrayElementPusher'.\n    :\n 25 │ arrayElementPusher(0, true);\n    │ ~~~~~~~~~~~~~~~~~~\n    └─ in ../examples/custom/my-examples/array_output/array_compilable.ts(25,5)\r\n\r\nERROR TS2304: Cannot find name 'arrayGetter'.\n    :\n 26 │ console.log((arrayGetter()).toString());\n    │              ~~~~~~~~~~~\n    └─ in ../examples/custom/my-examples/array_output/array_compilable.ts(26,18)\r\n\r\nERROR TS2304: Cannot find name 'arrayElementDeleter'.\n    :\n 27 │ console.log((arrayElementDeleter(true)).toString());\n    │              ~~~~~~~~~~~~~~~~~~~\n    └─ in ../examples/custom/my-examples/array_output/array_compilable.ts(27,18)\r\n\r\nERROR TS2304: Cannot find name 'arrayGetter'.\n    :\n 28 │ console.log((arrayGetter()).toString());\n    │              ~~~~~~~~~~~\n    └─ in ../examples/custom/my-examples/array_output/array_compilable.ts(28,18)\r\n\r\nERROR TS2304: Cannot find name 'arraySplice'.\n    :\n 30 │ console.log((arraySplice(2, 2, [])).toString());\n    │              ~~~~~~~~~~~\n    └─ in ../examples/custom/my-examples/array_output/array_compilable.ts(30,18)\r\n\r\nERROR TS2304: Cannot find name 'arrayGetter'.\n    :\n 31 │ console.log((arrayGetter()).toString());\n    │              ~~~~~~~~~~~\n    └─ in ../examples/custom/my-examples/array_output/array_compilable.ts(31,18)\r\n\r\nERROR TS2304: Cannot find name 'remSetter'.\n    :\n 32 │ remSetter(arraySplice(0, 1, [444, 909]));\n    │ ~~~~~~~~~\n    └─ in ../examples/custom/my-examples/array_output/array_compilable.ts(32,5)\r\n\r\nERROR TS2304: Cannot find name 'remGetter'.\n    :\n 33 │ console.log((remGetter()).toString());\n    │              ~~~~~~~~~\n    └─ in ../examples/custom/my-examples/array_output/array_compilable.ts(33,18)\r\n\r\nERROR TS2304: Cannot find name 'arrayGetter'.\n    :\n 34 │ console.log((arrayGetter()).toString());\n    │              ~~~~~~~~~~~\n    └─ in ../examples/custom/my-examples/array_output/array_compilable.ts(34,18)\r\n\r\nERROR TS2304: Cannot find name 'remremSetter'.\n    :\n 35 │ remremSetter(arraySplice(1, arrayGetter().length, []));\n    │ ~~~~~~~~~~~~\n    └─ in ../examples/custom/my-examples/array_output/array_compilable.ts(35,5)\r\n\r\nERROR TS2304: Cannot find name 'remremGetter'.\n    :\n 36 │ console.log((remremGetter()).toString());\n    │              ~~~~~~~~~~~~\n    └─ in ../examples/custom/my-examples/array_output/array_compilable.ts(36,18)\r\n\r\nERROR TS2304: Cannot find name 'arrayGetter'.\n    :\n 37 │ console.log((arrayGetter()).toString());\n    │              ~~~~~~~~~~~\n    └─ in ../examples/custom/my-examples/array_output/array_compilable.ts(37,18)\r\n\r\nFAILURE 29 compile error(s)\r\n\nTrying to compile functions: main\nImportable Functions: arrayGetter,arraySetter,arrayDoubleWay,arrayElementSetter,arrayElementPusher,arrayElementDeleter,arraySplice,aGetter,aSetter,aUnary,resGetter,resSetter,resUnary,remGetter,remSetter,remDoubleWay,remElementSetter,remElementPusher,remElementDeleter,remSplice,remremGetter,remremSetter,remremDoubleWay,remremElementSetter,remremElementPusher,remremElementDeleter,remremSplice\nAS Compilation failed: 4 compile error(s)\nERROR TS2304: Cannot find name 'aGetter'.\n    :\n 33 │ arrayElementSetter(333, aGetter());\n    │                         ~~~~~~~\n    └─ in ../examples/custom/my-examples/array_output/array_compilable.ts(33,29)\r\n\r\nERROR TS2304: Cannot find name 'aGetter'.\n    :\n 36 │ arrayElementSetter(0, (aGetter() + 2.5) * 0);\n    │                        ~~~~~~~\n    └─ in ../examples/custom/my-examples/array_output/array_compilable.ts(36,28)\r\n\r\nERROR TS2304: Cannot find name 'aGetter'.\n    :\n 38 │ resSetter(arrayGetter()[i32(aGetter())]);\n    │                             ~~~~~~~\n    └─ in ../examples/custom/my-examples/array_output/array_compilable.ts(38,33)\r\n\r\nERROR TS2304: Cannot find name 'aGetter'.\n    :\n 41 │ resSetter(arrayGetter()[i32((aGetter() + 2.5) * 0)]);\n    │                              ~~~~~~~\n    └─ in ../examples/custom/my-examples/array_output/array_compilable.ts(41,34)\r\n\r\nFAILURE 4 compile error(s)\r\n\nTrying to compile functions: main\nImportable Functions: arrayGetter,arraySetter,arrayDoubleWay,arrayElementSetter,arrayElementPusher,arrayElementDeleter,arraySplice,aGetter,aSetter,aUnary,resGetter,resSetter,resUnary,remGetter,remSetter,remDoubleWay,remElementSetter,remElementPusher,remElementDeleter,remSplice,remremGetter,remremSetter,remremDoubleWay,remremElementSetter,remremElementPusher,remremElementDeleter,remremSplice\nAS Compilation successful!\nSelector completed successfully!\n",
    "selectorTime": 15201.123199999332,
    "selectorSuccess": true,
    "outputFolder": "transpilejs\\examples\\custom\\my-examples\\array_output",
    "transpiledFilePath": "transpilejs\\examples\\custom\\my-examples\\array_output\\array_transpiled.js",
    "compilableFilePath": "transpilejs\\examples\\custom\\my-examples\\array_output\\array_compilable.ts",
    "transpilationTime": 21029.004700005054,
    "transpilationSuccess": true,
    "runner": {
      "success": true,
      "ran": true,
      "runs": 20,
      "original": {
        "size": 932,
        "lines": 38,
        "output": "[ 1, 2, 3, 4, 5 ]\n[ 1, 2, 33, 4, 5 ]\n[ 1, 2, 33, 333, 5 ]\n[ 0, 2, 33, 333, 5 ]\n[ 0, 2, 33, 333, 5 ]\n[ 0, 2, 33, 333, 5 ]\n[ 0, 2, 33, 333, 5, 6 ]\n6\n[ 0, 2, 33, 333, 5 ]\n[ 0, 0, 2, 33, 333, 5 ]\n0\n[ 0, 2, 33, 333, 5 ]\n[ 33, 333 ]\n[ 0, 2, 5 ]\n[ 0 ]\n[ 444, 909, 2, 5 ]\n[ 909, 2, 5 ]\n[ 444 ]\n",
        "averageRuntime": 210.25546999275684,
        "standardDeviation": 21.84618519807017
      },
      "annotated": {
        "size": 5340,
        "lines": 111,
        "output": "1,2,3,4,5\n1,2,33,4,5\n1,2,33,333,5\n0,2,33,333,5\n0,2,33,333,5\n0,2,33,333,5\n0,2,33,333,5,6\n6\n0,2,33,333,5\n0,0,2,33,333,5\n0\n0,2,33,333,5\n33,333\n0,2,5\n0\n444,909,2,5\n909,2,5\n444\n",
        "averageRuntime": 194.25248999893665,
        "standardDeviation": 33.6925690790778
      },
      "transpiled": {
        "size": 21274,
        "lines": 108,
        "output": "1.0,2.0,3.0,4.0,5.0\n1.0,2.0,33.0,4.0,5.0\n1.0,2.0,33.0,333.0,5.0\n0.0,2.0,33.0,333.0,5.0\n0.0,2.0,33.0,333.0,5.0\n0.0,2.0,33.0,333.0,5.0\n0.0,2.0,33.0,333.0,5.0,6.0\n6.0\n0.0,2.0,33.0,333.0,5.0\n0.0,0.0,2.0,33.0,333.0,5.0\n0.0\n0.0,2.0,33.0,333.0,5.0\n33.0,333.0\n0.0,2.0,5.0\n0.0\n444.0,909.0,2.0,5.0\n909.0,2.0,5.0\n444.0\n",
        "averageRuntime": 206.75489999949932,
        "standardDeviation": 26.855609743380533
      },
      "compilable": {
        "size": 2865,
        "lines": 63
      }
    }
  },
  "nameFunctionExpressions injectTraceLogs generateMain generateGettersAndSetters performOtherCodeTransformations includeConsoleFunctions deleteIntermediateFiles": {
    "settings": {
      "nameFunctionExpressions": true,
      "injectIntegerCasts": false,
      "injectTraceLogs": true,
      "generateMain": true,
      "generateGettersAndSetters": true,
      "performOtherCodeTransformations": true,
      "includeConsoleFunctions": true,
      "deleteIntermediateFiles": true
    },
    "version": "Tese",
    "originalFilePath": "transpilejs\\examples\\custom\\my-examples\\array.js",
    "annotatorOutput": "Annotator completed successfully!\n",
    "annotatorTime": 8642.787799954414,
    "annotatorSuccess": true,
    "annotatedFilePath": "transpilejs\\examples\\custom\\my-examples\\array_annotated.ts",
    "transpilationError": "Command failed: ts-node selector.ts \"transpilejs\\examples\\custom\\my-examples\\array_annotated.ts\" --noIntegerCasts --deleteIntermediateFiles --verbose\nFunction Dependencies:\narrayGetter -> Dependencies: \narraySetter -> Dependencies: \narrayDoubleWay -> Dependencies: \narrayElementSetter -> Dependencies: \narrayElementPusher -> Dependencies: unshift, push\narrayElementDeleter -> Dependencies: shift, pop\narraySplice -> Dependencies: \naGetter -> Dependencies: \naSetter -> Dependencies: \naUnary -> Dependencies: \nresGetter -> Dependencies: \nresSetter -> Dependencies: \nresUnary -> Dependencies: \nremGetter -> Dependencies: \nremSetter -> Dependencies: \nremDoubleWay -> Dependencies: \nremElementSetter -> Dependencies: \nremElementPusher -> Dependencies: unshift, push\nremElementDeleter -> Dependencies: shift, pop\nremSplice -> Dependencies: \nremremGetter -> Dependencies: \nremremSetter -> Dependencies: \nremremDoubleWay -> Dependencies: \nremremElementSetter -> Dependencies: \nremremElementPusher -> Dependencies: unshift, push\nremremElementDeleter -> Dependencies: shift, pop\nremremSplice -> Dependencies: \nmain -> Dependencies: toString\n\nTrying to compile functions: main\nImportable Functions: arrayGetter,arraySetter,arrayDoubleWay,arrayElementSetter,arrayElementPusher,arrayElementDeleter,arraySplice,aGetter,aSetter,aUnary,resGetter,resSetter,resUnary,remGetter,remSetter,remDoubleWay,remElementSetter,remElementPusher,remElementDeleter,remSplice,remremGetter,remremSetter,remremDoubleWay,remremElementSetter,remremElementPusher,remremElementDeleter,remremSplice\nAS Compilation failed: 29 compile error(s)\nERROR TS2304: Cannot find name 'arraySetter'.\n   :\n 3 │ arraySetter([1, 2, 3, 4, 5]);\n   │ ~~~~~~~~~~~\n   └─ in ../examples/custom/my-examples/array_output/array_compilable.ts(3,5)\r\n\r\nERROR TS2304: Cannot find name 'arrayGetter'.\n   :\n 4 │ console.log((arrayGetter()).toString());\n   │              ~~~~~~~~~~~\n   └─ in ../examples/custom/my-examples/array_output/array_compilable.ts(4,18)\r\n\r\nERROR TS2304: Cannot find name 'arrayElementSetter'.\n   :\n 6 │ arrayElementSetter(33, 2);\n   │ ~~~~~~~~~~~~~~~~~~\n   └─ in ../examples/custom/my-examples/array_output/array_compilable.ts(6,5)\r\n\r\nERROR TS2304: Cannot find name 'arrayGetter'.\n   :\n 7 │ console.log((arrayGetter()).toString());\n   │              ~~~~~~~~~~~\n   └─ in ../examples/custom/my-examples/array_output/array_compilable.ts(7,18)\r\n\r\nERROR TS2304: Cannot find name 'aSetter'.\n   :\n 8 │ aSetter(3);\n   │ ~~~~~~~\n   └─ in ../examples/custom/my-examples/array_output/array_compilable.ts(8,5)\r\n\r\nERROR TS2304: Cannot find name 'arrayElementSetter'.\n   :\n 9 │ arrayElementSetter(333, aGetter());\n   │ ~~~~~~~~~~~~~~~~~~\n   └─ in ../examples/custom/my-examples/array_output/array_compilable.ts(9,5)\r\n\r\nERROR TS2304: Cannot find name 'arrayGetter'.\n    :\n 10 │ console.log((arrayGetter()).toString());\n    │              ~~~~~~~~~~~\n    └─ in ../examples/custom/my-examples/array_output/array_compilable.ts(10,18)\r\n\r\nERROR TS2304: Cannot find name 'arrayElementSetter'.\n    :\n 12 │ arrayElementSetter(0, (aGetter() + 2.5) * 0);\n    │ ~~~~~~~~~~~~~~~~~~\n    └─ in ../examples/custom/my-examples/array_output/array_compilable.ts(12,5)\r\n\r\nERROR TS2304: Cannot find name 'arrayGetter'.\n    :\n 13 │ console.log((arrayGetter()).toString());\n    │              ~~~~~~~~~~~\n    └─ in ../examples/custom/my-examples/array_output/array_compilable.ts(13,18)\r\n\r\nERROR TS2304: Cannot find name 'resSetter'.\n    :\n 14 │ resSetter(arrayGetter()[aGetter()]);\n    │ ~~~~~~~~~\n    └─ in ../examples/custom/my-examples/array_output/array_compilable.ts(14,5)\r\n\r\nERROR TS2304: Cannot find name 'arrayGetter'.\n    :\n 15 │ console.log((arrayGetter()).toString());\n    │              ~~~~~~~~~~~\n    └─ in ../examples/custom/my-examples/array_output/array_compilable.ts(15,18)\r\n\r\nERROR TS2304: Cannot find name 'resSetter'.\n    :\n 17 │ resSetter(arrayGetter()[(aGetter() + 2.5) * 0]);\n    │ ~~~~~~~~~\n    └─ in ../examples/custom/my-examples/array_output/array_compilable.ts(17,5)\r\n\r\nERROR TS2304: Cannot find name 'arrayGetter'.\n    :\n 18 │ console.log((arrayGetter()).toString());\n    │              ~~~~~~~~~~~\n    └─ in ../examples/custom/my-examples/array_output/array_compilable.ts(18,18)\r\n\r\nERROR TS2304: Cannot find name 'arrayElementPusher'.\n    :\n 20 │ arrayElementPusher(6, false);\n    │ ~~~~~~~~~~~~~~~~~~\n    └─ in ../examples/custom/my-examples/array_output/array_compilable.ts(20,5)\r\n\r\nERROR TS2304: Cannot find name 'arrayGetter'.\n    :\n 21 │ console.log((arrayGetter()).toString());\n    │              ~~~~~~~~~~~\n    └─ in ../examples/custom/my-examples/array_output/array_compilable.ts(21,18)\r\n\r\nERROR TS2304: Cannot find name 'arrayElementDeleter'.\n    :\n 22 │ console.log((arrayElementDeleter(false)).toString());\n    │              ~~~~~~~~~~~~~~~~~~~\n    └─ in ../examples/custom/my-examples/array_output/array_compilable.ts(22,18)\r\n\r\nERROR TS2304: Cannot find name 'arrayGetter'.\n    :\n 23 │ console.log((arrayGetter()).toString());\n    │              ~~~~~~~~~~~\n    └─ in ../examples/custom/my-examples/array_output/array_compilable.ts(23,18)\r\n\r\nERROR TS2304: Cannot find name 'arrayElementPusher'.\n    :\n 25 │ arrayElementPusher(0, true);\n    │ ~~~~~~~~~~~~~~~~~~\n    └─ in ../examples/custom/my-examples/array_output/array_compilable.ts(25,5)\r\n\r\nERROR TS2304: Cannot find name 'arrayGetter'.\n    :\n 26 │ console.log((arrayGetter()).toString());\n    │              ~~~~~~~~~~~\n    └─ in ../examples/custom/my-examples/array_output/array_compilable.ts(26,18)\r\n\r\nERROR TS2304: Cannot find name 'arrayElementDeleter'.\n    :\n 27 │ console.log((arrayElementDeleter(true)).toString());\n    │              ~~~~~~~~~~~~~~~~~~~\n    └─ in ../examples/custom/my-examples/array_output/array_compilable.ts(27,18)\r\n\r\nERROR TS2304: Cannot find name 'arrayGetter'.\n    :\n 28 │ console.log((arrayGetter()).toString());\n    │              ~~~~~~~~~~~\n    └─ in ../examples/custom/my-examples/array_output/array_compilable.ts(28,18)\r\n\r\nERROR TS2304: Cannot find name 'arraySplice'.\n    :\n 30 │ console.log((arraySplice(2, 2, [])).toString());\n    │              ~~~~~~~~~~~\n    └─ in ../examples/custom/my-examples/array_output/array_compilable.ts(30,18)\r\n\r\nERROR TS2304: Cannot find name 'arrayGetter'.\n    :\n 31 │ console.log((arrayGetter()).toString());\n    │              ~~~~~~~~~~~\n    └─ in ../examples/custom/my-examples/array_output/array_compilable.ts(31,18)\r\n\r\nERROR TS2304: Cannot find name 'remSetter'.\n    :\n 32 │ remSetter(arraySplice(0, 1, [444, 909]));\n    │ ~~~~~~~~~\n    └─ in ../examples/custom/my-examples/array_output/array_compilable.ts(32,5)\r\n\r\nERROR TS2304: Cannot find name 'remGetter'.\n    :\n 33 │ console.log((remGetter()).toString());\n    │              ~~~~~~~~~\n    └─ in ../examples/custom/my-examples/array_output/array_compilable.ts(33,18)\r\n\r\nERROR TS2304: Cannot find name 'arrayGetter'.\n    :\n 34 │ console.log((arrayGetter()).toString());\n    │              ~~~~~~~~~~~\n    └─ in ../examples/custom/my-examples/array_output/array_compilable.ts(34,18)\r\n\r\nERROR TS2304: Cannot find name 'remremSetter'.\n    :\n 35 │ remremSetter(arraySplice(1, arrayGetter().length, []));\n    │ ~~~~~~~~~~~~\n    └─ in ../examples/custom/my-examples/array_output/array_compilable.ts(35,5)\r\n\r\nERROR TS2304: Cannot find name 'remremGetter'.\n    :\n 36 │ console.log((remremGetter()).toString());\n    │              ~~~~~~~~~~~~\n    └─ in ../examples/custom/my-examples/array_output/array_compilable.ts(36,18)\r\n\r\nERROR TS2304: Cannot find name 'arrayGetter'.\n    :\n 37 │ console.log((arrayGetter()).toString());\n    │              ~~~~~~~~~~~\n    └─ in ../examples/custom/my-examples/array_output/array_compilable.ts(37,18)\r\n\r\nFAILURE 29 compile error(s)\r\n\nTrying to compile functions: main\nImportable Functions: arrayGetter,arraySetter,arrayDoubleWay,arrayElementSetter,arrayElementPusher,arrayElementDeleter,arraySplice,aGetter,aSetter,aUnary,resGetter,resSetter,resUnary,remGetter,remSetter,remDoubleWay,remElementSetter,remElementPusher,remElementDeleter,remSplice,remremGetter,remremSetter,remremDoubleWay,remremElementSetter,remremElementPusher,remremElementDeleter,remremSplice\nAS Compilation failed: 5 compile error(s)\nERROR TS2304: Cannot find name 'aGetter'.\n    :\n 33 │ arrayElementSetter(333, aGetter());\n    │                         ~~~~~~~\n    └─ in ../examples/custom/my-examples/array_output/array_compilable.ts(33,29)\r\n\r\nERROR TS2304: Cannot find name 'aGetter'.\n    :\n 36 │ arrayElementSetter(0, (aGetter() + 2.5) * 0);\n    │                        ~~~~~~~\n    └─ in ../examples/custom/my-examples/array_output/array_compilable.ts(36,28)\r\n\r\nERROR TS2304: Cannot find name 'aGetter'.\n    :\n 38 │ resSetter(arrayGetter()[aGetter()]);\n    │                         ~~~~~~~\n    └─ in ../examples/custom/my-examples/array_output/array_compilable.ts(38,29)\r\n\r\nERROR TS2304: Cannot find name 'aGetter'.\n    :\n 41 │ resSetter(arrayGetter()[(aGetter() + 2.5) * 0]);\n    │                          ~~~~~~~\n    └─ in ../examples/custom/my-examples/array_output/array_compilable.ts(41,30)\r\n\r\nERROR AS200: Conversion from type 'f64' to 'i32' requires an explicit cast.\n    :\n 41 │ resSetter(arrayGetter()[(aGetter() + 2.5) * 0]);\n    │                         ~~~~~~~~~~~~~~~~~~~~~\n    └─ in ../examples/custom/my-examples/array_output/array_compilable.ts(41,29)\r\n\r\nFAILURE 5 compile error(s)\r\n\nTrying to compile functions: main\nImportable Functions: arrayGetter,arraySetter,arrayDoubleWay,arrayElementSetter,arrayElementPusher,arrayElementDeleter,arraySplice,aGetter,aSetter,aUnary,resGetter,resSetter,resUnary,remGetter,remSetter,remDoubleWay,remElementSetter,remElementPusher,remElementDeleter,remSplice,remremGetter,remremSetter,remremDoubleWay,remremElementSetter,remremElementPusher,remremElementDeleter,remremSplice\nAS Compilation failed: 2 compile error(s)\nERROR AS200: Conversion from type 'f64' to 'i32' requires an explicit cast.\n    :\n 40 │ resSetter(arrayGetter()[aGetter()]);\n    │                         ~~~~~~~~~\n    └─ in ../examples/custom/my-examples/array_output/array_compilable.ts(40,29)\r\n\r\nERROR AS200: Conversion from type 'f64' to 'i32' requires an explicit cast.\n    :\n 43 │ resSetter(arrayGetter()[(aGetter() + 2.5) * 0]);\n    │                         ~~~~~~~~~~~~~~~~~~~~~\n    └─ in ../examples/custom/my-examples/array_output/array_compilable.ts(43,29)\r\n\r\nFAILURE 2 compile error(s)\r\n\nTrying to compile functions: \nImportable Functions: arrayGetter,arraySetter,arrayDoubleWay,arrayElementSetter,arrayElementPusher,arrayElementDeleter,arraySplice,aGetter,aSetter,aUnary,resGetter,resSetter,resUnary,remGetter,remSetter,remDoubleWay,remElementSetter,remElementPusher,remElementDeleter,remSplice,remremGetter,remremSetter,remremDoubleWay,remremElementSetter,remremElementPusher,remremElementDeleter,remremSplice,main\n\nSelector Error: Unable to compile anything\n",
    "transpilationSuccess": false,
    "selectorOutput": "Command failed: ts-node selector.ts \"transpilejs\\examples\\custom\\my-examples\\array_annotated.ts\" --noIntegerCasts --deleteIntermediateFiles --verbose\nFunction Dependencies:\narrayGetter -> Dependencies: \narraySetter -> Dependencies: \narrayDoubleWay -> Dependencies: \narrayElementSetter -> Dependencies: \narrayElementPusher -> Dependencies: unshift, push\narrayElementDeleter -> Dependencies: shift, pop\narraySplice -> Dependencies: \naGetter -> Dependencies: \naSetter -> Dependencies: \naUnary -> Dependencies: \nresGetter -> Dependencies: \nresSetter -> Dependencies: \nresUnary -> Dependencies: \nremGetter -> Dependencies: \nremSetter -> Dependencies: \nremDoubleWay -> Dependencies: \nremElementSetter -> Dependencies: \nremElementPusher -> Dependencies: unshift, push\nremElementDeleter -> Dependencies: shift, pop\nremSplice -> Dependencies: \nremremGetter -> Dependencies: \nremremSetter -> Dependencies: \nremremDoubleWay -> Dependencies: \nremremElementSetter -> Dependencies: \nremremElementPusher -> Dependencies: unshift, push\nremremElementDeleter -> Dependencies: shift, pop\nremremSplice -> Dependencies: \nmain -> Dependencies: toString\n\nTrying to compile functions: main\nImportable Functions: arrayGetter,arraySetter,arrayDoubleWay,arrayElementSetter,arrayElementPusher,arrayElementDeleter,arraySplice,aGetter,aSetter,aUnary,resGetter,resSetter,resUnary,remGetter,remSetter,remDoubleWay,remElementSetter,remElementPusher,remElementDeleter,remSplice,remremGetter,remremSetter,remremDoubleWay,remremElementSetter,remremElementPusher,remremElementDeleter,remremSplice\nAS Compilation failed: 29 compile error(s)\nERROR TS2304: Cannot find name 'arraySetter'.\n   :\n 3 │ arraySetter([1, 2, 3, 4, 5]);\n   │ ~~~~~~~~~~~\n   └─ in ../examples/custom/my-examples/array_output/array_compilable.ts(3,5)\r\n\r\nERROR TS2304: Cannot find name 'arrayGetter'.\n   :\n 4 │ console.log((arrayGetter()).toString());\n   │              ~~~~~~~~~~~\n   └─ in ../examples/custom/my-examples/array_output/array_compilable.ts(4,18)\r\n\r\nERROR TS2304: Cannot find name 'arrayElementSetter'.\n   :\n 6 │ arrayElementSetter(33, 2);\n   │ ~~~~~~~~~~~~~~~~~~\n   └─ in ../examples/custom/my-examples/array_output/array_compilable.ts(6,5)\r\n\r\nERROR TS2304: Cannot find name 'arrayGetter'.\n   :\n 7 │ console.log((arrayGetter()).toString());\n   │              ~~~~~~~~~~~\n   └─ in ../examples/custom/my-examples/array_output/array_compilable.ts(7,18)\r\n\r\nERROR TS2304: Cannot find name 'aSetter'.\n   :\n 8 │ aSetter(3);\n   │ ~~~~~~~\n   └─ in ../examples/custom/my-examples/array_output/array_compilable.ts(8,5)\r\n\r\nERROR TS2304: Cannot find name 'arrayElementSetter'.\n   :\n 9 │ arrayElementSetter(333, aGetter());\n   │ ~~~~~~~~~~~~~~~~~~\n   └─ in ../examples/custom/my-examples/array_output/array_compilable.ts(9,5)\r\n\r\nERROR TS2304: Cannot find name 'arrayGetter'.\n    :\n 10 │ console.log((arrayGetter()).toString());\n    │              ~~~~~~~~~~~\n    └─ in ../examples/custom/my-examples/array_output/array_compilable.ts(10,18)\r\n\r\nERROR TS2304: Cannot find name 'arrayElementSetter'.\n    :\n 12 │ arrayElementSetter(0, (aGetter() + 2.5) * 0);\n    │ ~~~~~~~~~~~~~~~~~~\n    └─ in ../examples/custom/my-examples/array_output/array_compilable.ts(12,5)\r\n\r\nERROR TS2304: Cannot find name 'arrayGetter'.\n    :\n 13 │ console.log((arrayGetter()).toString());\n    │              ~~~~~~~~~~~\n    └─ in ../examples/custom/my-examples/array_output/array_compilable.ts(13,18)\r\n\r\nERROR TS2304: Cannot find name 'resSetter'.\n    :\n 14 │ resSetter(arrayGetter()[aGetter()]);\n    │ ~~~~~~~~~\n    └─ in ../examples/custom/my-examples/array_output/array_compilable.ts(14,5)\r\n\r\nERROR TS2304: Cannot find name 'arrayGetter'.\n    :\n 15 │ console.log((arrayGetter()).toString());\n    │              ~~~~~~~~~~~\n    └─ in ../examples/custom/my-examples/array_output/array_compilable.ts(15,18)\r\n\r\nERROR TS2304: Cannot find name 'resSetter'.\n    :\n 17 │ resSetter(arrayGetter()[(aGetter() + 2.5) * 0]);\n    │ ~~~~~~~~~\n    └─ in ../examples/custom/my-examples/array_output/array_compilable.ts(17,5)\r\n\r\nERROR TS2304: Cannot find name 'arrayGetter'.\n    :\n 18 │ console.log((arrayGetter()).toString());\n    │              ~~~~~~~~~~~\n    └─ in ../examples/custom/my-examples/array_output/array_compilable.ts(18,18)\r\n\r\nERROR TS2304: Cannot find name 'arrayElementPusher'.\n    :\n 20 │ arrayElementPusher(6, false);\n    │ ~~~~~~~~~~~~~~~~~~\n    └─ in ../examples/custom/my-examples/array_output/array_compilable.ts(20,5)\r\n\r\nERROR TS2304: Cannot find name 'arrayGetter'.\n    :\n 21 │ console.log((arrayGetter()).toString());\n    │              ~~~~~~~~~~~\n    └─ in ../examples/custom/my-examples/array_output/array_compilable.ts(21,18)\r\n\r\nERROR TS2304: Cannot find name 'arrayElementDeleter'.\n    :\n 22 │ console.log((arrayElementDeleter(false)).toString());\n    │              ~~~~~~~~~~~~~~~~~~~\n    └─ in ../examples/custom/my-examples/array_output/array_compilable.ts(22,18)\r\n\r\nERROR TS2304: Cannot find name 'arrayGetter'.\n    :\n 23 │ console.log((arrayGetter()).toString());\n    │              ~~~~~~~~~~~\n    └─ in ../examples/custom/my-examples/array_output/array_compilable.ts(23,18)\r\n\r\nERROR TS2304: Cannot find name 'arrayElementPusher'.\n    :\n 25 │ arrayElementPusher(0, true);\n    │ ~~~~~~~~~~~~~~~~~~\n    └─ in ../examples/custom/my-examples/array_output/array_compilable.ts(25,5)\r\n\r\nERROR TS2304: Cannot find name 'arrayGetter'.\n    :\n 26 │ console.log((arrayGetter()).toString());\n    │              ~~~~~~~~~~~\n    └─ in ../examples/custom/my-examples/array_output/array_compilable.ts(26,18)\r\n\r\nERROR TS2304: Cannot find name 'arrayElementDeleter'.\n    :\n 27 │ console.log((arrayElementDeleter(true)).toString());\n    │              ~~~~~~~~~~~~~~~~~~~\n    └─ in ../examples/custom/my-examples/array_output/array_compilable.ts(27,18)\r\n\r\nERROR TS2304: Cannot find name 'arrayGetter'.\n    :\n 28 │ console.log((arrayGetter()).toString());\n    │              ~~~~~~~~~~~\n    └─ in ../examples/custom/my-examples/array_output/array_compilable.ts(28,18)\r\n\r\nERROR TS2304: Cannot find name 'arraySplice'.\n    :\n 30 │ console.log((arraySplice(2, 2, [])).toString());\n    │              ~~~~~~~~~~~\n    └─ in ../examples/custom/my-examples/array_output/array_compilable.ts(30,18)\r\n\r\nERROR TS2304: Cannot find name 'arrayGetter'.\n    :\n 31 │ console.log((arrayGetter()).toString());\n    │              ~~~~~~~~~~~\n    └─ in ../examples/custom/my-examples/array_output/array_compilable.ts(31,18)\r\n\r\nERROR TS2304: Cannot find name 'remSetter'.\n    :\n 32 │ remSetter(arraySplice(0, 1, [444, 909]));\n    │ ~~~~~~~~~\n    └─ in ../examples/custom/my-examples/array_output/array_compilable.ts(32,5)\r\n\r\nERROR TS2304: Cannot find name 'remGetter'.\n    :\n 33 │ console.log((remGetter()).toString());\n    │              ~~~~~~~~~\n    └─ in ../examples/custom/my-examples/array_output/array_compilable.ts(33,18)\r\n\r\nERROR TS2304: Cannot find name 'arrayGetter'.\n    :\n 34 │ console.log((arrayGetter()).toString());\n    │              ~~~~~~~~~~~\n    └─ in ../examples/custom/my-examples/array_output/array_compilable.ts(34,18)\r\n\r\nERROR TS2304: Cannot find name 'remremSetter'.\n    :\n 35 │ remremSetter(arraySplice(1, arrayGetter().length, []));\n    │ ~~~~~~~~~~~~\n    └─ in ../examples/custom/my-examples/array_output/array_compilable.ts(35,5)\r\n\r\nERROR TS2304: Cannot find name 'remremGetter'.\n    :\n 36 │ console.log((remremGetter()).toString());\n    │              ~~~~~~~~~~~~\n    └─ in ../examples/custom/my-examples/array_output/array_compilable.ts(36,18)\r\n\r\nERROR TS2304: Cannot find name 'arrayGetter'.\n    :\n 37 │ console.log((arrayGetter()).toString());\n    │              ~~~~~~~~~~~\n    └─ in ../examples/custom/my-examples/array_output/array_compilable.ts(37,18)\r\n\r\nFAILURE 29 compile error(s)\r\n\nTrying to compile functions: main\nImportable Functions: arrayGetter,arraySetter,arrayDoubleWay,arrayElementSetter,arrayElementPusher,arrayElementDeleter,arraySplice,aGetter,aSetter,aUnary,resGetter,resSetter,resUnary,remGetter,remSetter,remDoubleWay,remElementSetter,remElementPusher,remElementDeleter,remSplice,remremGetter,remremSetter,remremDoubleWay,remremElementSetter,remremElementPusher,remremElementDeleter,remremSplice\nAS Compilation failed: 5 compile error(s)\nERROR TS2304: Cannot find name 'aGetter'.\n    :\n 33 │ arrayElementSetter(333, aGetter());\n    │                         ~~~~~~~\n    └─ in ../examples/custom/my-examples/array_output/array_compilable.ts(33,29)\r\n\r\nERROR TS2304: Cannot find name 'aGetter'.\n    :\n 36 │ arrayElementSetter(0, (aGetter() + 2.5) * 0);\n    │                        ~~~~~~~\n    └─ in ../examples/custom/my-examples/array_output/array_compilable.ts(36,28)\r\n\r\nERROR TS2304: Cannot find name 'aGetter'.\n    :\n 38 │ resSetter(arrayGetter()[aGetter()]);\n    │                         ~~~~~~~\n    └─ in ../examples/custom/my-examples/array_output/array_compilable.ts(38,29)\r\n\r\nERROR TS2304: Cannot find name 'aGetter'.\n    :\n 41 │ resSetter(arrayGetter()[(aGetter() + 2.5) * 0]);\n    │                          ~~~~~~~\n    └─ in ../examples/custom/my-examples/array_output/array_compilable.ts(41,30)\r\n\r\nERROR AS200: Conversion from type 'f64' to 'i32' requires an explicit cast.\n    :\n 41 │ resSetter(arrayGetter()[(aGetter() + 2.5) * 0]);\n    │                         ~~~~~~~~~~~~~~~~~~~~~\n    └─ in ../examples/custom/my-examples/array_output/array_compilable.ts(41,29)\r\n\r\nFAILURE 5 compile error(s)\r\n\nTrying to compile functions: main\nImportable Functions: arrayGetter,arraySetter,arrayDoubleWay,arrayElementSetter,arrayElementPusher,arrayElementDeleter,arraySplice,aGetter,aSetter,aUnary,resGetter,resSetter,resUnary,remGetter,remSetter,remDoubleWay,remElementSetter,remElementPusher,remElementDeleter,remSplice,remremGetter,remremSetter,remremDoubleWay,remremElementSetter,remremElementPusher,remremElementDeleter,remremSplice\nAS Compilation failed: 2 compile error(s)\nERROR AS200: Conversion from type 'f64' to 'i32' requires an explicit cast.\n    :\n 40 │ resSetter(arrayGetter()[aGetter()]);\n    │                         ~~~~~~~~~\n    └─ in ../examples/custom/my-examples/array_output/array_compilable.ts(40,29)\r\n\r\nERROR AS200: Conversion from type 'f64' to 'i32' requires an explicit cast.\n    :\n 43 │ resSetter(arrayGetter()[(aGetter() + 2.5) * 0]);\n    │                         ~~~~~~~~~~~~~~~~~~~~~\n    └─ in ../examples/custom/my-examples/array_output/array_compilable.ts(43,29)\r\n\r\nFAILURE 2 compile error(s)\r\n\nTrying to compile functions: \nImportable Functions: arrayGetter,arraySetter,arrayDoubleWay,arrayElementSetter,arrayElementPusher,arrayElementDeleter,arraySplice,aGetter,aSetter,aUnary,resGetter,resSetter,resUnary,remGetter,remSetter,remDoubleWay,remElementSetter,remElementPusher,remElementDeleter,remSplice,remremGetter,remremSetter,remremDoubleWay,remremElementSetter,remremElementPusher,remremElementDeleter,remremSplice,main\n\nSelector Error: Unable to compile anything\n",
    "selectorSuccess": false,
    "runner": {
      "success": true,
      "ran": false,
      "runs": 20
    }
  },
  "nameFunctionExpressions injectIntegerCasts injectTraceLogs generateMain generateGettersAndSetters includeConsoleFunctions deleteIntermediateFiles": {
    "settings": {
      "nameFunctionExpressions": true,
      "injectIntegerCasts": true,
      "injectTraceLogs": true,
      "generateMain": true,
      "generateGettersAndSetters": true,
      "performOtherCodeTransformations": false,
      "includeConsoleFunctions": true,
      "deleteIntermediateFiles": true
    },
    "version": "Tese",
    "originalFilePath": "transpilejs\\examples\\custom\\my-examples\\array.js",
    "annotatorOutput": "Annotator completed successfully!\n",
    "annotatorTime": 7607.509400010109,
    "annotatorSuccess": true,
    "annotatedFilePath": "transpilejs\\examples\\custom\\my-examples\\array_annotated.ts",
    "transpilationError": "Command failed: ts-node selector.ts \"transpilejs\\examples\\custom\\my-examples\\array_annotated.ts\" --deleteIntermediateFiles --verbose\nFunction Dependencies:\narrayGetter -> Dependencies: \narraySetter -> Dependencies: \narrayDoubleWay -> Dependencies: \narrayElementSetter -> Dependencies: \narrayElementPusher -> Dependencies: unshift, push\narrayElementDeleter -> Dependencies: shift, pop\narraySplice -> Dependencies: \naGetter -> Dependencies: \naSetter -> Dependencies: \naUnary -> Dependencies: \nresGetter -> Dependencies: \nresSetter -> Dependencies: \nresUnary -> Dependencies: \nremGetter -> Dependencies: \nremSetter -> Dependencies: \nremDoubleWay -> Dependencies: \nremElementSetter -> Dependencies: \nremElementPusher -> Dependencies: unshift, push\nremElementDeleter -> Dependencies: shift, pop\nremSplice -> Dependencies: \nremremGetter -> Dependencies: \nremremSetter -> Dependencies: \nremremDoubleWay -> Dependencies: \nremremElementSetter -> Dependencies: \nremremElementPusher -> Dependencies: unshift, push\nremremElementDeleter -> Dependencies: shift, pop\nremremSplice -> Dependencies: \nmain -> Dependencies: \n\nTrying to compile functions: main\nImportable Functions: arrayGetter,arraySetter,arrayDoubleWay,arrayElementSetter,arrayElementPusher,arrayElementDeleter,arraySplice,aGetter,aSetter,aUnary,resGetter,resSetter,resUnary,remGetter,remSetter,remDoubleWay,remElementSetter,remElementPusher,remElementDeleter,remSplice,remremGetter,remremSetter,remremDoubleWay,remremElementSetter,remremElementPusher,remremElementDeleter,remremSplice\nAS Compilation failed: 29 compile error(s)\nERROR TS2304: Cannot find name 'arraySetter'.\n   :\n 3 │ arraySetter([1, 2, 3, 4, 5]);\n   │ ~~~~~~~~~~~\n   └─ in ../examples/custom/my-examples/array_output/array_compilable.ts(3,5)\r\n\r\nERROR TS2304: Cannot find name 'arrayGetter'.\n   :\n 4 │ console.log(arrayGetter());\n   │             ~~~~~~~~~~~\n   └─ in ../examples/custom/my-examples/array_output/array_compilable.ts(4,17)\r\n\r\nERROR TS2304: Cannot find name 'arrayElementSetter'.\n   :\n 6 │ arrayElementSetter(33, 2);\n   │ ~~~~~~~~~~~~~~~~~~\n   └─ in ../examples/custom/my-examples/array_output/array_compilable.ts(6,5)\r\n\r\nERROR TS2304: Cannot find name 'arrayGetter'.\n   :\n 7 │ console.log(arrayGetter());\n   │             ~~~~~~~~~~~\n   └─ in ../examples/custom/my-examples/array_output/array_compilable.ts(7,17)\r\n\r\nERROR TS2304: Cannot find name 'aSetter'.\n   :\n 8 │ aSetter(3);\n   │ ~~~~~~~\n   └─ in ../examples/custom/my-examples/array_output/array_compilable.ts(8,5)\r\n\r\nERROR TS2304: Cannot find name 'arrayElementSetter'.\n   :\n 9 │ arrayElementSetter(333, aGetter());\n   │ ~~~~~~~~~~~~~~~~~~\n   └─ in ../examples/custom/my-examples/array_output/array_compilable.ts(9,5)\r\n\r\nERROR TS2304: Cannot find name 'arrayGetter'.\n    :\n 10 │ console.log(arrayGetter());\n    │             ~~~~~~~~~~~\n    └─ in ../examples/custom/my-examples/array_output/array_compilable.ts(10,17)\r\n\r\nERROR TS2304: Cannot find name 'arrayElementSetter'.\n    :\n 12 │ arrayElementSetter(0, (aGetter() + 2.5) * 0);\n    │ ~~~~~~~~~~~~~~~~~~\n    └─ in ../examples/custom/my-examples/array_output/array_compilable.ts(12,5)\r\n\r\nERROR TS2304: Cannot find name 'arrayGetter'.\n    :\n 13 │ console.log(arrayGetter());\n    │             ~~~~~~~~~~~\n    └─ in ../examples/custom/my-examples/array_output/array_compilable.ts(13,17)\r\n\r\nERROR TS2304: Cannot find name 'resSetter'.\n    :\n 14 │ resSetter(arrayGetter()[i32(aGetter())]);\n    │ ~~~~~~~~~\n    └─ in ../examples/custom/my-examples/array_output/array_compilable.ts(14,5)\r\n\r\nERROR TS2304: Cannot find name 'arrayGetter'.\n    :\n 15 │ console.log(arrayGetter());\n    │             ~~~~~~~~~~~\n    └─ in ../examples/custom/my-examples/array_output/array_compilable.ts(15,17)\r\n\r\nERROR TS2304: Cannot find name 'resSetter'.\n    :\n 17 │ resSetter(arrayGetter()[i32((aGetter() + 2.5) * 0)]);\n    │ ~~~~~~~~~\n    └─ in ../examples/custom/my-examples/array_output/array_compilable.ts(17,5)\r\n\r\nERROR TS2304: Cannot find name 'arrayGetter'.\n    :\n 18 │ console.log(arrayGetter());\n    │             ~~~~~~~~~~~\n    └─ in ../examples/custom/my-examples/array_output/array_compilable.ts(18,17)\r\n\r\nERROR TS2304: Cannot find name 'arrayElementPusher'.\n    :\n 20 │ arrayElementPusher(6, false);\n    │ ~~~~~~~~~~~~~~~~~~\n    └─ in ../examples/custom/my-examples/array_output/array_compilable.ts(20,5)\r\n\r\nERROR TS2304: Cannot find name 'arrayGetter'.\n    :\n 21 │ console.log(arrayGetter());\n    │             ~~~~~~~~~~~\n    └─ in ../examples/custom/my-examples/array_output/array_compilable.ts(21,17)\r\n\r\nERROR TS2304: Cannot find name 'arrayElementDeleter'.\n    :\n 22 │ console.log(arrayElementDeleter(false));\n    │             ~~~~~~~~~~~~~~~~~~~\n    └─ in ../examples/custom/my-examples/array_output/array_compilable.ts(22,17)\r\n\r\nERROR TS2304: Cannot find name 'arrayGetter'.\n    :\n 23 │ console.log(arrayGetter());\n    │             ~~~~~~~~~~~\n    └─ in ../examples/custom/my-examples/array_output/array_compilable.ts(23,17)\r\n\r\nERROR TS2304: Cannot find name 'arrayElementPusher'.\n    :\n 25 │ arrayElementPusher(0, true);\n    │ ~~~~~~~~~~~~~~~~~~\n    └─ in ../examples/custom/my-examples/array_output/array_compilable.ts(25,5)\r\n\r\nERROR TS2304: Cannot find name 'arrayGetter'.\n    :\n 26 │ console.log(arrayGetter());\n    │             ~~~~~~~~~~~\n    └─ in ../examples/custom/my-examples/array_output/array_compilable.ts(26,17)\r\n\r\nERROR TS2304: Cannot find name 'arrayElementDeleter'.\n    :\n 27 │ console.log(arrayElementDeleter(true));\n    │             ~~~~~~~~~~~~~~~~~~~\n    └─ in ../examples/custom/my-examples/array_output/array_compilable.ts(27,17)\r\n\r\nERROR TS2304: Cannot find name 'arrayGetter'.\n    :\n 28 │ console.log(arrayGetter());\n    │             ~~~~~~~~~~~\n    └─ in ../examples/custom/my-examples/array_output/array_compilable.ts(28,17)\r\n\r\nERROR TS2304: Cannot find name 'arraySplice'.\n    :\n 30 │ console.log(arraySplice(2, 2, []));\n    │             ~~~~~~~~~~~\n    └─ in ../examples/custom/my-examples/array_output/array_compilable.ts(30,17)\r\n\r\nERROR TS2304: Cannot find name 'arrayGetter'.\n    :\n 31 │ console.log(arrayGetter());\n    │             ~~~~~~~~~~~\n    └─ in ../examples/custom/my-examples/array_output/array_compilable.ts(31,17)\r\n\r\nERROR TS2304: Cannot find name 'remSetter'.\n    :\n 32 │ remSetter(arraySplice(0, 1, [444, 909]));\n    │ ~~~~~~~~~\n    └─ in ../examples/custom/my-examples/array_output/array_compilable.ts(32,5)\r\n\r\nERROR TS2304: Cannot find name 'remGetter'.\n    :\n 33 │ console.log(remGetter());\n    │             ~~~~~~~~~\n    └─ in ../examples/custom/my-examples/array_output/array_compilable.ts(33,17)\r\n\r\nERROR TS2304: Cannot find name 'arrayGetter'.\n    :\n 34 │ console.log(arrayGetter());\n    │             ~~~~~~~~~~~\n    └─ in ../examples/custom/my-examples/array_output/array_compilable.ts(34,17)\r\n\r\nERROR TS2304: Cannot find name 'remremSetter'.\n    :\n 35 │ remremSetter(arraySplice(1, arrayGetter().length, []));\n    │ ~~~~~~~~~~~~\n    └─ in ../examples/custom/my-examples/array_output/array_compilable.ts(35,5)\r\n\r\nERROR TS2304: Cannot find name 'remremGetter'.\n    :\n 36 │ console.log(remremGetter());\n    │             ~~~~~~~~~~~~\n    └─ in ../examples/custom/my-examples/array_output/array_compilable.ts(36,17)\r\n\r\nERROR TS2304: Cannot find name 'arrayGetter'.\n    :\n 37 │ console.log(arrayGetter());\n    │             ~~~~~~~~~~~\n    └─ in ../examples/custom/my-examples/array_output/array_compilable.ts(37,17)\r\n\r\nFAILURE 29 compile error(s)\r\n\nTrying to compile functions: main\nImportable Functions: arrayGetter,arraySetter,arrayDoubleWay,arrayElementSetter,arrayElementPusher,arrayElementDeleter,arraySplice,aGetter,aSetter,aUnary,resGetter,resSetter,resUnary,remGetter,remSetter,remDoubleWay,remElementSetter,remElementPusher,remElementDeleter,remSplice,remremGetter,remremSetter,remremDoubleWay,remremElementSetter,remremElementPusher,remremElementDeleter,remremSplice\nAS Compilation failed: 22 compile error(s)\nERROR TS2322: Type '~lib/array/Array<f64>' is not assignable to type '~lib/string/String'.\n    :\n 28 │ console.log(arrayGetter());\n    │             ~~~~~~~~~~~~~\n    └─ in ../examples/custom/my-examples/array_output/array_compilable.ts(28,17)\r\n\r\nERROR TS2322: Type '~lib/array/Array<f64>' is not assignable to type '~lib/string/String'.\n    :\n 31 │ console.log(arrayGetter());\n    │             ~~~~~~~~~~~~~\n    └─ in ../examples/custom/my-examples/array_output/array_compilable.ts(31,17)\r\n\r\nERROR TS2304: Cannot find name 'aGetter'.\n    :\n 33 │ arrayElementSetter(333, aGetter());\n    │                         ~~~~~~~\n    └─ in ../examples/custom/my-examples/array_output/array_compilable.ts(33,29)\r\n\r\nERROR TS2322: Type '~lib/array/Array<f64>' is not assignable to type '~lib/string/String'.\n    :\n 34 │ console.log(arrayGetter());\n    │             ~~~~~~~~~~~~~\n    └─ in ../examples/custom/my-examples/array_output/array_compilable.ts(34,17)\r\n\r\nERROR TS2304: Cannot find name 'aGetter'.\n    :\n 36 │ arrayElementSetter(0, (aGetter() + 2.5) * 0);\n    │                        ~~~~~~~\n    └─ in ../examples/custom/my-examples/array_output/array_compilable.ts(36,28)\r\n\r\nERROR TS2322: Type '~lib/array/Array<f64>' is not assignable to type '~lib/string/String'.\n    :\n 37 │ console.log(arrayGetter());\n    │             ~~~~~~~~~~~~~\n    └─ in ../examples/custom/my-examples/array_output/array_compilable.ts(37,17)\r\n\r\nERROR TS2304: Cannot find name 'aGetter'.\n    :\n 38 │ resSetter(arrayGetter()[i32(aGetter())]);\n    │                             ~~~~~~~\n    └─ in ../examples/custom/my-examples/array_output/array_compilable.ts(38,33)\r\n\r\nERROR TS2322: Type '~lib/array/Array<f64>' is not assignable to type '~lib/string/String'.\n    :\n 39 │ console.log(arrayGetter());\n    │             ~~~~~~~~~~~~~\n    └─ in ../examples/custom/my-examples/array_output/array_compilable.ts(39,17)\r\n\r\nERROR TS2304: Cannot find name 'aGetter'.\n    :\n 41 │ resSetter(arrayGetter()[i32((aGetter() + 2.5) * 0)]);\n    │                              ~~~~~~~\n    └─ in ../examples/custom/my-examples/array_output/array_compilable.ts(41,34)\r\n\r\nERROR TS2322: Type '~lib/array/Array<f64>' is not assignable to type '~lib/string/String'.\n    :\n 42 │ console.log(arrayGetter());\n    │             ~~~~~~~~~~~~~\n    └─ in ../examples/custom/my-examples/array_output/array_compilable.ts(42,17)\r\n\r\nERROR TS2322: Type '~lib/array/Array<f64>' is not assignable to type '~lib/string/String'.\n    :\n 45 │ console.log(arrayGetter());\n    │             ~~~~~~~~~~~~~\n    └─ in ../examples/custom/my-examples/array_output/array_compilable.ts(45,17)\r\n\r\nERROR TS2322: Type 'f64' is not assignable to type '~lib/string/String'.\n    :\n 46 │ console.log(arrayElementDeleter(false));\n    │             ~~~~~~~~~~~~~~~~~~~~~~~~~~\n    └─ in ../examples/custom/my-examples/array_output/array_compilable.ts(46,17)\r\n\r\nERROR TS2322: Type '~lib/array/Array<f64>' is not assignable to type '~lib/string/String'.\n    :\n 47 │ console.log(arrayGetter());\n    │             ~~~~~~~~~~~~~\n    └─ in ../examples/custom/my-examples/array_output/array_compilable.ts(47,17)\r\n\r\nERROR TS2322: Type '~lib/array/Array<f64>' is not assignable to type '~lib/string/String'.\n    :\n 50 │ console.log(arrayGetter());\n    │             ~~~~~~~~~~~~~\n    └─ in ../examples/custom/my-examples/array_output/array_compilable.ts(50,17)\r\n\r\nERROR TS2322: Type 'f64' is not assignable to type '~lib/string/String'.\n    :\n 51 │ console.log(arrayElementDeleter(true));\n    │             ~~~~~~~~~~~~~~~~~~~~~~~~~\n    └─ in ../examples/custom/my-examples/array_output/array_compilable.ts(51,17)\r\n\r\nERROR TS2322: Type '~lib/array/Array<f64>' is not assignable to type '~lib/string/String'.\n    :\n 52 │ console.log(arrayGetter());\n    │             ~~~~~~~~~~~~~\n    └─ in ../examples/custom/my-examples/array_output/array_compilable.ts(52,17)\r\n\r\nERROR TS2322: Type '~lib/array/Array<f64>' is not assignable to type '~lib/string/String'.\n    :\n 54 │ console.log(arraySplice(2, 2, []));\n    │             ~~~~~~~~~~~~~~~~~~~~~\n    └─ in ../examples/custom/my-examples/array_output/array_compilable.ts(54,17)\r\n\r\nERROR TS2322: Type '~lib/array/Array<f64>' is not assignable to type '~lib/string/String'.\n    :\n 55 │ console.log(arrayGetter());\n    │             ~~~~~~~~~~~~~\n    └─ in ../examples/custom/my-examples/array_output/array_compilable.ts(55,17)\r\n\r\nERROR TS2322: Type '~lib/array/Array<f64>' is not assignable to type '~lib/string/String'.\n    :\n 57 │ console.log(remGetter());\n    │             ~~~~~~~~~~~\n    └─ in ../examples/custom/my-examples/array_output/array_compilable.ts(57,17)\r\n\r\nERROR TS2322: Type '~lib/array/Array<f64>' is not assignable to type '~lib/string/String'.\n    :\n 58 │ console.log(arrayGetter());\n    │             ~~~~~~~~~~~~~\n    └─ in ../examples/custom/my-examples/array_output/array_compilable.ts(58,17)\r\n\r\nERROR TS2322: Type '~lib/array/Array<f64>' is not assignable to type '~lib/string/String'.\n    :\n 60 │ console.log(remremGetter());\n    │             ~~~~~~~~~~~~~~\n    └─ in ../examples/custom/my-examples/array_output/array_compilable.ts(60,17)\r\n\r\nERROR TS2322: Type '~lib/array/Array<f64>' is not assignable to type '~lib/string/String'.\n    :\n 61 │ console.log(arrayGetter());\n    │             ~~~~~~~~~~~~~\n    └─ in ../examples/custom/my-examples/array_output/array_compilable.ts(61,17)\r\n\r\nFAILURE 22 compile error(s)\r\n\nTrying to compile functions: main\nImportable Functions: arrayGetter,arraySetter,arrayDoubleWay,arrayElementSetter,arrayElementPusher,arrayElementDeleter,arraySplice,aGetter,aSetter,aUnary,resGetter,resSetter,resUnary,remGetter,remSetter,remDoubleWay,remElementSetter,remElementPusher,remElementDeleter,remSplice,remremGetter,remremSetter,remremDoubleWay,remremElementSetter,remremElementPusher,remremElementDeleter,remremSplice\nAS Compilation failed: 18 compile error(s)\nERROR TS2322: Type '~lib/array/Array<f64>' is not assignable to type '~lib/string/String'.\n    :\n 30 │ console.log(arrayGetter());\n    │             ~~~~~~~~~~~~~\n    └─ in ../examples/custom/my-examples/array_output/array_compilable.ts(30,17)\r\n\r\nERROR TS2322: Type '~lib/array/Array<f64>' is not assignable to type '~lib/string/String'.\n    :\n 33 │ console.log(arrayGetter());\n    │             ~~~~~~~~~~~~~\n    └─ in ../examples/custom/my-examples/array_output/array_compilable.ts(33,17)\r\n\r\nERROR TS2322: Type '~lib/array/Array<f64>' is not assignable to type '~lib/string/String'.\n    :\n 36 │ console.log(arrayGetter());\n    │             ~~~~~~~~~~~~~\n    └─ in ../examples/custom/my-examples/array_output/array_compilable.ts(36,17)\r\n\r\nERROR TS2322: Type '~lib/array/Array<f64>' is not assignable to type '~lib/string/String'.\n    :\n 39 │ console.log(arrayGetter());\n    │             ~~~~~~~~~~~~~\n    └─ in ../examples/custom/my-examples/array_output/array_compilable.ts(39,17)\r\n\r\nERROR TS2322: Type '~lib/array/Array<f64>' is not assignable to type '~lib/string/String'.\n    :\n 41 │ console.log(arrayGetter());\n    │             ~~~~~~~~~~~~~\n    └─ in ../examples/custom/my-examples/array_output/array_compilable.ts(41,17)\r\n\r\nERROR TS2322: Type '~lib/array/Array<f64>' is not assignable to type '~lib/string/String'.\n    :\n 44 │ console.log(arrayGetter());\n    │             ~~~~~~~~~~~~~\n    └─ in ../examples/custom/my-examples/array_output/array_compilable.ts(44,17)\r\n\r\nERROR TS2322: Type '~lib/array/Array<f64>' is not assignable to type '~lib/string/String'.\n    :\n 47 │ console.log(arrayGetter());\n    │             ~~~~~~~~~~~~~\n    └─ in ../examples/custom/my-examples/array_output/array_compilable.ts(47,17)\r\n\r\nERROR TS2322: Type 'f64' is not assignable to type '~lib/string/String'.\n    :\n 48 │ console.log(arrayElementDeleter(false));\n    │             ~~~~~~~~~~~~~~~~~~~~~~~~~~\n    └─ in ../examples/custom/my-examples/array_output/array_compilable.ts(48,17)\r\n\r\nERROR TS2322: Type '~lib/array/Array<f64>' is not assignable to type '~lib/string/String'.\n    :\n 49 │ console.log(arrayGetter());\n    │             ~~~~~~~~~~~~~\n    └─ in ../examples/custom/my-examples/array_output/array_compilable.ts(49,17)\r\n\r\nERROR TS2322: Type '~lib/array/Array<f64>' is not assignable to type '~lib/string/String'.\n    :\n 52 │ console.log(arrayGetter());\n    │             ~~~~~~~~~~~~~\n    └─ in ../examples/custom/my-examples/array_output/array_compilable.ts(52,17)\r\n\r\nERROR TS2322: Type 'f64' is not assignable to type '~lib/string/String'.\n    :\n 53 │ console.log(arrayElementDeleter(true));\n    │             ~~~~~~~~~~~~~~~~~~~~~~~~~\n    └─ in ../examples/custom/my-examples/array_output/array_compilable.ts(53,17)\r\n\r\nERROR TS2322: Type '~lib/array/Array<f64>' is not assignable to type '~lib/string/String'.\n    :\n 54 │ console.log(arrayGetter());\n    │             ~~~~~~~~~~~~~\n    └─ in ../examples/custom/my-examples/array_output/array_compilable.ts(54,17)\r\n\r\nERROR TS2322: Type '~lib/array/Array<f64>' is not assignable to type '~lib/string/String'.\n    :\n 56 │ console.log(arraySplice(2, 2, []));\n    │             ~~~~~~~~~~~~~~~~~~~~~\n    └─ in ../examples/custom/my-examples/array_output/array_compilable.ts(56,17)\r\n\r\nERROR TS2322: Type '~lib/array/Array<f64>' is not assignable to type '~lib/string/String'.\n    :\n 57 │ console.log(arrayGetter());\n    │             ~~~~~~~~~~~~~\n    └─ in ../examples/custom/my-examples/array_output/array_compilable.ts(57,17)\r\n\r\nERROR TS2322: Type '~lib/array/Array<f64>' is not assignable to type '~lib/string/String'.\n    :\n 59 │ console.log(remGetter());\n    │             ~~~~~~~~~~~\n    └─ in ../examples/custom/my-examples/array_output/array_compilable.ts(59,17)\r\n\r\nERROR TS2322: Type '~lib/array/Array<f64>' is not assignable to type '~lib/string/String'.\n    :\n 60 │ console.log(arrayGetter());\n    │             ~~~~~~~~~~~~~\n    └─ in ../examples/custom/my-examples/array_output/array_compilable.ts(60,17)\r\n\r\nERROR TS2322: Type '~lib/array/Array<f64>' is not assignable to type '~lib/string/String'.\n    :\n 62 │ console.log(remremGetter());\n    │             ~~~~~~~~~~~~~~\n    └─ in ../examples/custom/my-examples/array_output/array_compilable.ts(62,17)\r\n\r\nERROR TS2322: Type '~lib/array/Array<f64>' is not assignable to type '~lib/string/String'.\n    :\n 63 │ console.log(arrayGetter());\n    │             ~~~~~~~~~~~~~\n    └─ in ../examples/custom/my-examples/array_output/array_compilable.ts(63,17)\r\n\r\nFAILURE 18 compile error(s)\r\n\nTrying to compile functions: \nImportable Functions: arrayGetter,arraySetter,arrayDoubleWay,arrayElementSetter,arrayElementPusher,arrayElementDeleter,arraySplice,aGetter,aSetter,aUnary,resGetter,resSetter,resUnary,remGetter,remSetter,remDoubleWay,remElementSetter,remElementPusher,remElementDeleter,remSplice,remremGetter,remremSetter,remremDoubleWay,remremElementSetter,remremElementPusher,remremElementDeleter,remremSplice,main\n\nSelector Error: Unable to compile anything\n",
    "transpilationSuccess": false,
    "selectorOutput": "Command failed: ts-node selector.ts \"transpilejs\\examples\\custom\\my-examples\\array_annotated.ts\" --deleteIntermediateFiles --verbose\nFunction Dependencies:\narrayGetter -> Dependencies: \narraySetter -> Dependencies: \narrayDoubleWay -> Dependencies: \narrayElementSetter -> Dependencies: \narrayElementPusher -> Dependencies: unshift, push\narrayElementDeleter -> Dependencies: shift, pop\narraySplice -> Dependencies: \naGetter -> Dependencies: \naSetter -> Dependencies: \naUnary -> Dependencies: \nresGetter -> Dependencies: \nresSetter -> Dependencies: \nresUnary -> Dependencies: \nremGetter -> Dependencies: \nremSetter -> Dependencies: \nremDoubleWay -> Dependencies: \nremElementSetter -> Dependencies: \nremElementPusher -> Dependencies: unshift, push\nremElementDeleter -> Dependencies: shift, pop\nremSplice -> Dependencies: \nremremGetter -> Dependencies: \nremremSetter -> Dependencies: \nremremDoubleWay -> Dependencies: \nremremElementSetter -> Dependencies: \nremremElementPusher -> Dependencies: unshift, push\nremremElementDeleter -> Dependencies: shift, pop\nremremSplice -> Dependencies: \nmain -> Dependencies: \n\nTrying to compile functions: main\nImportable Functions: arrayGetter,arraySetter,arrayDoubleWay,arrayElementSetter,arrayElementPusher,arrayElementDeleter,arraySplice,aGetter,aSetter,aUnary,resGetter,resSetter,resUnary,remGetter,remSetter,remDoubleWay,remElementSetter,remElementPusher,remElementDeleter,remSplice,remremGetter,remremSetter,remremDoubleWay,remremElementSetter,remremElementPusher,remremElementDeleter,remremSplice\nAS Compilation failed: 29 compile error(s)\nERROR TS2304: Cannot find name 'arraySetter'.\n   :\n 3 │ arraySetter([1, 2, 3, 4, 5]);\n   │ ~~~~~~~~~~~\n   └─ in ../examples/custom/my-examples/array_output/array_compilable.ts(3,5)\r\n\r\nERROR TS2304: Cannot find name 'arrayGetter'.\n   :\n 4 │ console.log(arrayGetter());\n   │             ~~~~~~~~~~~\n   └─ in ../examples/custom/my-examples/array_output/array_compilable.ts(4,17)\r\n\r\nERROR TS2304: Cannot find name 'arrayElementSetter'.\n   :\n 6 │ arrayElementSetter(33, 2);\n   │ ~~~~~~~~~~~~~~~~~~\n   └─ in ../examples/custom/my-examples/array_output/array_compilable.ts(6,5)\r\n\r\nERROR TS2304: Cannot find name 'arrayGetter'.\n   :\n 7 │ console.log(arrayGetter());\n   │             ~~~~~~~~~~~\n   └─ in ../examples/custom/my-examples/array_output/array_compilable.ts(7,17)\r\n\r\nERROR TS2304: Cannot find name 'aSetter'.\n   :\n 8 │ aSetter(3);\n   │ ~~~~~~~\n   └─ in ../examples/custom/my-examples/array_output/array_compilable.ts(8,5)\r\n\r\nERROR TS2304: Cannot find name 'arrayElementSetter'.\n   :\n 9 │ arrayElementSetter(333, aGetter());\n   │ ~~~~~~~~~~~~~~~~~~\n   └─ in ../examples/custom/my-examples/array_output/array_compilable.ts(9,5)\r\n\r\nERROR TS2304: Cannot find name 'arrayGetter'.\n    :\n 10 │ console.log(arrayGetter());\n    │             ~~~~~~~~~~~\n    └─ in ../examples/custom/my-examples/array_output/array_compilable.ts(10,17)\r\n\r\nERROR TS2304: Cannot find name 'arrayElementSetter'.\n    :\n 12 │ arrayElementSetter(0, (aGetter() + 2.5) * 0);\n    │ ~~~~~~~~~~~~~~~~~~\n    └─ in ../examples/custom/my-examples/array_output/array_compilable.ts(12,5)\r\n\r\nERROR TS2304: Cannot find name 'arrayGetter'.\n    :\n 13 │ console.log(arrayGetter());\n    │             ~~~~~~~~~~~\n    └─ in ../examples/custom/my-examples/array_output/array_compilable.ts(13,17)\r\n\r\nERROR TS2304: Cannot find name 'resSetter'.\n    :\n 14 │ resSetter(arrayGetter()[i32(aGetter())]);\n    │ ~~~~~~~~~\n    └─ in ../examples/custom/my-examples/array_output/array_compilable.ts(14,5)\r\n\r\nERROR TS2304: Cannot find name 'arrayGetter'.\n    :\n 15 │ console.log(arrayGetter());\n    │             ~~~~~~~~~~~\n    └─ in ../examples/custom/my-examples/array_output/array_compilable.ts(15,17)\r\n\r\nERROR TS2304: Cannot find name 'resSetter'.\n    :\n 17 │ resSetter(arrayGetter()[i32((aGetter() + 2.5) * 0)]);\n    │ ~~~~~~~~~\n    └─ in ../examples/custom/my-examples/array_output/array_compilable.ts(17,5)\r\n\r\nERROR TS2304: Cannot find name 'arrayGetter'.\n    :\n 18 │ console.log(arrayGetter());\n    │             ~~~~~~~~~~~\n    └─ in ../examples/custom/my-examples/array_output/array_compilable.ts(18,17)\r\n\r\nERROR TS2304: Cannot find name 'arrayElementPusher'.\n    :\n 20 │ arrayElementPusher(6, false);\n    │ ~~~~~~~~~~~~~~~~~~\n    └─ in ../examples/custom/my-examples/array_output/array_compilable.ts(20,5)\r\n\r\nERROR TS2304: Cannot find name 'arrayGetter'.\n    :\n 21 │ console.log(arrayGetter());\n    │             ~~~~~~~~~~~\n    └─ in ../examples/custom/my-examples/array_output/array_compilable.ts(21,17)\r\n\r\nERROR TS2304: Cannot find name 'arrayElementDeleter'.\n    :\n 22 │ console.log(arrayElementDeleter(false));\n    │             ~~~~~~~~~~~~~~~~~~~\n    └─ in ../examples/custom/my-examples/array_output/array_compilable.ts(22,17)\r\n\r\nERROR TS2304: Cannot find name 'arrayGetter'.\n    :\n 23 │ console.log(arrayGetter());\n    │             ~~~~~~~~~~~\n    └─ in ../examples/custom/my-examples/array_output/array_compilable.ts(23,17)\r\n\r\nERROR TS2304: Cannot find name 'arrayElementPusher'.\n    :\n 25 │ arrayElementPusher(0, true);\n    │ ~~~~~~~~~~~~~~~~~~\n    └─ in ../examples/custom/my-examples/array_output/array_compilable.ts(25,5)\r\n\r\nERROR TS2304: Cannot find name 'arrayGetter'.\n    :\n 26 │ console.log(arrayGetter());\n    │             ~~~~~~~~~~~\n    └─ in ../examples/custom/my-examples/array_output/array_compilable.ts(26,17)\r\n\r\nERROR TS2304: Cannot find name 'arrayElementDeleter'.\n    :\n 27 │ console.log(arrayElementDeleter(true));\n    │             ~~~~~~~~~~~~~~~~~~~\n    └─ in ../examples/custom/my-examples/array_output/array_compilable.ts(27,17)\r\n\r\nERROR TS2304: Cannot find name 'arrayGetter'.\n    :\n 28 │ console.log(arrayGetter());\n    │             ~~~~~~~~~~~\n    └─ in ../examples/custom/my-examples/array_output/array_compilable.ts(28,17)\r\n\r\nERROR TS2304: Cannot find name 'arraySplice'.\n    :\n 30 │ console.log(arraySplice(2, 2, []));\n    │             ~~~~~~~~~~~\n    └─ in ../examples/custom/my-examples/array_output/array_compilable.ts(30,17)\r\n\r\nERROR TS2304: Cannot find name 'arrayGetter'.\n    :\n 31 │ console.log(arrayGetter());\n    │             ~~~~~~~~~~~\n    └─ in ../examples/custom/my-examples/array_output/array_compilable.ts(31,17)\r\n\r\nERROR TS2304: Cannot find name 'remSetter'.\n    :\n 32 │ remSetter(arraySplice(0, 1, [444, 909]));\n    │ ~~~~~~~~~\n    └─ in ../examples/custom/my-examples/array_output/array_compilable.ts(32,5)\r\n\r\nERROR TS2304: Cannot find name 'remGetter'.\n    :\n 33 │ console.log(remGetter());\n    │             ~~~~~~~~~\n    └─ in ../examples/custom/my-examples/array_output/array_compilable.ts(33,17)\r\n\r\nERROR TS2304: Cannot find name 'arrayGetter'.\n    :\n 34 │ console.log(arrayGetter());\n    │             ~~~~~~~~~~~\n    └─ in ../examples/custom/my-examples/array_output/array_compilable.ts(34,17)\r\n\r\nERROR TS2304: Cannot find name 'remremSetter'.\n    :\n 35 │ remremSetter(arraySplice(1, arrayGetter().length, []));\n    │ ~~~~~~~~~~~~\n    └─ in ../examples/custom/my-examples/array_output/array_compilable.ts(35,5)\r\n\r\nERROR TS2304: Cannot find name 'remremGetter'.\n    :\n 36 │ console.log(remremGetter());\n    │             ~~~~~~~~~~~~\n    └─ in ../examples/custom/my-examples/array_output/array_compilable.ts(36,17)\r\n\r\nERROR TS2304: Cannot find name 'arrayGetter'.\n    :\n 37 │ console.log(arrayGetter());\n    │             ~~~~~~~~~~~\n    └─ in ../examples/custom/my-examples/array_output/array_compilable.ts(37,17)\r\n\r\nFAILURE 29 compile error(s)\r\n\nTrying to compile functions: main\nImportable Functions: arrayGetter,arraySetter,arrayDoubleWay,arrayElementSetter,arrayElementPusher,arrayElementDeleter,arraySplice,aGetter,aSetter,aUnary,resGetter,resSetter,resUnary,remGetter,remSetter,remDoubleWay,remElementSetter,remElementPusher,remElementDeleter,remSplice,remremGetter,remremSetter,remremDoubleWay,remremElementSetter,remremElementPusher,remremElementDeleter,remremSplice\nAS Compilation failed: 22 compile error(s)\nERROR TS2322: Type '~lib/array/Array<f64>' is not assignable to type '~lib/string/String'.\n    :\n 28 │ console.log(arrayGetter());\n    │             ~~~~~~~~~~~~~\n    └─ in ../examples/custom/my-examples/array_output/array_compilable.ts(28,17)\r\n\r\nERROR TS2322: Type '~lib/array/Array<f64>' is not assignable to type '~lib/string/String'.\n    :\n 31 │ console.log(arrayGetter());\n    │             ~~~~~~~~~~~~~\n    └─ in ../examples/custom/my-examples/array_output/array_compilable.ts(31,17)\r\n\r\nERROR TS2304: Cannot find name 'aGetter'.\n    :\n 33 │ arrayElementSetter(333, aGetter());\n    │                         ~~~~~~~\n    └─ in ../examples/custom/my-examples/array_output/array_compilable.ts(33,29)\r\n\r\nERROR TS2322: Type '~lib/array/Array<f64>' is not assignable to type '~lib/string/String'.\n    :\n 34 │ console.log(arrayGetter());\n    │             ~~~~~~~~~~~~~\n    └─ in ../examples/custom/my-examples/array_output/array_compilable.ts(34,17)\r\n\r\nERROR TS2304: Cannot find name 'aGetter'.\n    :\n 36 │ arrayElementSetter(0, (aGetter() + 2.5) * 0);\n    │                        ~~~~~~~\n    └─ in ../examples/custom/my-examples/array_output/array_compilable.ts(36,28)\r\n\r\nERROR TS2322: Type '~lib/array/Array<f64>' is not assignable to type '~lib/string/String'.\n    :\n 37 │ console.log(arrayGetter());\n    │             ~~~~~~~~~~~~~\n    └─ in ../examples/custom/my-examples/array_output/array_compilable.ts(37,17)\r\n\r\nERROR TS2304: Cannot find name 'aGetter'.\n    :\n 38 │ resSetter(arrayGetter()[i32(aGetter())]);\n    │                             ~~~~~~~\n    └─ in ../examples/custom/my-examples/array_output/array_compilable.ts(38,33)\r\n\r\nERROR TS2322: Type '~lib/array/Array<f64>' is not assignable to type '~lib/string/String'.\n    :\n 39 │ console.log(arrayGetter());\n    │             ~~~~~~~~~~~~~\n    └─ in ../examples/custom/my-examples/array_output/array_compilable.ts(39,17)\r\n\r\nERROR TS2304: Cannot find name 'aGetter'.\n    :\n 41 │ resSetter(arrayGetter()[i32((aGetter() + 2.5) * 0)]);\n    │                              ~~~~~~~\n    └─ in ../examples/custom/my-examples/array_output/array_compilable.ts(41,34)\r\n\r\nERROR TS2322: Type '~lib/array/Array<f64>' is not assignable to type '~lib/string/String'.\n    :\n 42 │ console.log(arrayGetter());\n    │             ~~~~~~~~~~~~~\n    └─ in ../examples/custom/my-examples/array_output/array_compilable.ts(42,17)\r\n\r\nERROR TS2322: Type '~lib/array/Array<f64>' is not assignable to type '~lib/string/String'.\n    :\n 45 │ console.log(arrayGetter());\n    │             ~~~~~~~~~~~~~\n    └─ in ../examples/custom/my-examples/array_output/array_compilable.ts(45,17)\r\n\r\nERROR TS2322: Type 'f64' is not assignable to type '~lib/string/String'.\n    :\n 46 │ console.log(arrayElementDeleter(false));\n    │             ~~~~~~~~~~~~~~~~~~~~~~~~~~\n    └─ in ../examples/custom/my-examples/array_output/array_compilable.ts(46,17)\r\n\r\nERROR TS2322: Type '~lib/array/Array<f64>' is not assignable to type '~lib/string/String'.\n    :\n 47 │ console.log(arrayGetter());\n    │             ~~~~~~~~~~~~~\n    └─ in ../examples/custom/my-examples/array_output/array_compilable.ts(47,17)\r\n\r\nERROR TS2322: Type '~lib/array/Array<f64>' is not assignable to type '~lib/string/String'.\n    :\n 50 │ console.log(arrayGetter());\n    │             ~~~~~~~~~~~~~\n    └─ in ../examples/custom/my-examples/array_output/array_compilable.ts(50,17)\r\n\r\nERROR TS2322: Type 'f64' is not assignable to type '~lib/string/String'.\n    :\n 51 │ console.log(arrayElementDeleter(true));\n    │             ~~~~~~~~~~~~~~~~~~~~~~~~~\n    └─ in ../examples/custom/my-examples/array_output/array_compilable.ts(51,17)\r\n\r\nERROR TS2322: Type '~lib/array/Array<f64>' is not assignable to type '~lib/string/String'.\n    :\n 52 │ console.log(arrayGetter());\n    │             ~~~~~~~~~~~~~\n    └─ in ../examples/custom/my-examples/array_output/array_compilable.ts(52,17)\r\n\r\nERROR TS2322: Type '~lib/array/Array<f64>' is not assignable to type '~lib/string/String'.\n    :\n 54 │ console.log(arraySplice(2, 2, []));\n    │             ~~~~~~~~~~~~~~~~~~~~~\n    └─ in ../examples/custom/my-examples/array_output/array_compilable.ts(54,17)\r\n\r\nERROR TS2322: Type '~lib/array/Array<f64>' is not assignable to type '~lib/string/String'.\n    :\n 55 │ console.log(arrayGetter());\n    │             ~~~~~~~~~~~~~\n    └─ in ../examples/custom/my-examples/array_output/array_compilable.ts(55,17)\r\n\r\nERROR TS2322: Type '~lib/array/Array<f64>' is not assignable to type '~lib/string/String'.\n    :\n 57 │ console.log(remGetter());\n    │             ~~~~~~~~~~~\n    └─ in ../examples/custom/my-examples/array_output/array_compilable.ts(57,17)\r\n\r\nERROR TS2322: Type '~lib/array/Array<f64>' is not assignable to type '~lib/string/String'.\n    :\n 58 │ console.log(arrayGetter());\n    │             ~~~~~~~~~~~~~\n    └─ in ../examples/custom/my-examples/array_output/array_compilable.ts(58,17)\r\n\r\nERROR TS2322: Type '~lib/array/Array<f64>' is not assignable to type '~lib/string/String'.\n    :\n 60 │ console.log(remremGetter());\n    │             ~~~~~~~~~~~~~~\n    └─ in ../examples/custom/my-examples/array_output/array_compilable.ts(60,17)\r\n\r\nERROR TS2322: Type '~lib/array/Array<f64>' is not assignable to type '~lib/string/String'.\n    :\n 61 │ console.log(arrayGetter());\n    │             ~~~~~~~~~~~~~\n    └─ in ../examples/custom/my-examples/array_output/array_compilable.ts(61,17)\r\n\r\nFAILURE 22 compile error(s)\r\n\nTrying to compile functions: main\nImportable Functions: arrayGetter,arraySetter,arrayDoubleWay,arrayElementSetter,arrayElementPusher,arrayElementDeleter,arraySplice,aGetter,aSetter,aUnary,resGetter,resSetter,resUnary,remGetter,remSetter,remDoubleWay,remElementSetter,remElementPusher,remElementDeleter,remSplice,remremGetter,remremSetter,remremDoubleWay,remremElementSetter,remremElementPusher,remremElementDeleter,remremSplice\nAS Compilation failed: 18 compile error(s)\nERROR TS2322: Type '~lib/array/Array<f64>' is not assignable to type '~lib/string/String'.\n    :\n 30 │ console.log(arrayGetter());\n    │             ~~~~~~~~~~~~~\n    └─ in ../examples/custom/my-examples/array_output/array_compilable.ts(30,17)\r\n\r\nERROR TS2322: Type '~lib/array/Array<f64>' is not assignable to type '~lib/string/String'.\n    :\n 33 │ console.log(arrayGetter());\n    │             ~~~~~~~~~~~~~\n    └─ in ../examples/custom/my-examples/array_output/array_compilable.ts(33,17)\r\n\r\nERROR TS2322: Type '~lib/array/Array<f64>' is not assignable to type '~lib/string/String'.\n    :\n 36 │ console.log(arrayGetter());\n    │             ~~~~~~~~~~~~~\n    └─ in ../examples/custom/my-examples/array_output/array_compilable.ts(36,17)\r\n\r\nERROR TS2322: Type '~lib/array/Array<f64>' is not assignable to type '~lib/string/String'.\n    :\n 39 │ console.log(arrayGetter());\n    │             ~~~~~~~~~~~~~\n    └─ in ../examples/custom/my-examples/array_output/array_compilable.ts(39,17)\r\n\r\nERROR TS2322: Type '~lib/array/Array<f64>' is not assignable to type '~lib/string/String'.\n    :\n 41 │ console.log(arrayGetter());\n    │             ~~~~~~~~~~~~~\n    └─ in ../examples/custom/my-examples/array_output/array_compilable.ts(41,17)\r\n\r\nERROR TS2322: Type '~lib/array/Array<f64>' is not assignable to type '~lib/string/String'.\n    :\n 44 │ console.log(arrayGetter());\n    │             ~~~~~~~~~~~~~\n    └─ in ../examples/custom/my-examples/array_output/array_compilable.ts(44,17)\r\n\r\nERROR TS2322: Type '~lib/array/Array<f64>' is not assignable to type '~lib/string/String'.\n    :\n 47 │ console.log(arrayGetter());\n    │             ~~~~~~~~~~~~~\n    └─ in ../examples/custom/my-examples/array_output/array_compilable.ts(47,17)\r\n\r\nERROR TS2322: Type 'f64' is not assignable to type '~lib/string/String'.\n    :\n 48 │ console.log(arrayElementDeleter(false));\n    │             ~~~~~~~~~~~~~~~~~~~~~~~~~~\n    └─ in ../examples/custom/my-examples/array_output/array_compilable.ts(48,17)\r\n\r\nERROR TS2322: Type '~lib/array/Array<f64>' is not assignable to type '~lib/string/String'.\n    :\n 49 │ console.log(arrayGetter());\n    │             ~~~~~~~~~~~~~\n    └─ in ../examples/custom/my-examples/array_output/array_compilable.ts(49,17)\r\n\r\nERROR TS2322: Type '~lib/array/Array<f64>' is not assignable to type '~lib/string/String'.\n    :\n 52 │ console.log(arrayGetter());\n    │             ~~~~~~~~~~~~~\n    └─ in ../examples/custom/my-examples/array_output/array_compilable.ts(52,17)\r\n\r\nERROR TS2322: Type 'f64' is not assignable to type '~lib/string/String'.\n    :\n 53 │ console.log(arrayElementDeleter(true));\n    │             ~~~~~~~~~~~~~~~~~~~~~~~~~\n    └─ in ../examples/custom/my-examples/array_output/array_compilable.ts(53,17)\r\n\r\nERROR TS2322: Type '~lib/array/Array<f64>' is not assignable to type '~lib/string/String'.\n    :\n 54 │ console.log(arrayGetter());\n    │             ~~~~~~~~~~~~~\n    └─ in ../examples/custom/my-examples/array_output/array_compilable.ts(54,17)\r\n\r\nERROR TS2322: Type '~lib/array/Array<f64>' is not assignable to type '~lib/string/String'.\n    :\n 56 │ console.log(arraySplice(2, 2, []));\n    │             ~~~~~~~~~~~~~~~~~~~~~\n    └─ in ../examples/custom/my-examples/array_output/array_compilable.ts(56,17)\r\n\r\nERROR TS2322: Type '~lib/array/Array<f64>' is not assignable to type '~lib/string/String'.\n    :\n 57 │ console.log(arrayGetter());\n    │             ~~~~~~~~~~~~~\n    └─ in ../examples/custom/my-examples/array_output/array_compilable.ts(57,17)\r\n\r\nERROR TS2322: Type '~lib/array/Array<f64>' is not assignable to type '~lib/string/String'.\n    :\n 59 │ console.log(remGetter());\n    │             ~~~~~~~~~~~\n    └─ in ../examples/custom/my-examples/array_output/array_compilable.ts(59,17)\r\n\r\nERROR TS2322: Type '~lib/array/Array<f64>' is not assignable to type '~lib/string/String'.\n    :\n 60 │ console.log(arrayGetter());\n    │             ~~~~~~~~~~~~~\n    └─ in ../examples/custom/my-examples/array_output/array_compilable.ts(60,17)\r\n\r\nERROR TS2322: Type '~lib/array/Array<f64>' is not assignable to type '~lib/string/String'.\n    :\n 62 │ console.log(remremGetter());\n    │             ~~~~~~~~~~~~~~\n    └─ in ../examples/custom/my-examples/array_output/array_compilable.ts(62,17)\r\n\r\nERROR TS2322: Type '~lib/array/Array<f64>' is not assignable to type '~lib/string/String'.\n    :\n 63 │ console.log(arrayGetter());\n    │             ~~~~~~~~~~~~~\n    └─ in ../examples/custom/my-examples/array_output/array_compilable.ts(63,17)\r\n\r\nFAILURE 18 compile error(s)\r\n\nTrying to compile functions: \nImportable Functions: arrayGetter,arraySetter,arrayDoubleWay,arrayElementSetter,arrayElementPusher,arrayElementDeleter,arraySplice,aGetter,aSetter,aUnary,resGetter,resSetter,resUnary,remGetter,remSetter,remDoubleWay,remElementSetter,remElementPusher,remElementDeleter,remSplice,remremGetter,remremSetter,remremDoubleWay,remremElementSetter,remremElementPusher,remremElementDeleter,remremSplice,main\n\nSelector Error: Unable to compile anything\n",
    "selectorSuccess": false,
    "runner": {
      "success": true,
      "ran": false,
      "runs": 20
    }
  },
  "injectTraceLogs includeConsoleFunctions deleteIntermediateFiles": {
    "settings": {
      "nameFunctionExpressions": false,
      "injectIntegerCasts": false,
      "injectTraceLogs": true,
      "generateMain": false,
      "generateGettersAndSetters": false,
      "performOtherCodeTransformations": false,
      "includeConsoleFunctions": true,
      "deleteIntermediateFiles": true
    },
    "version": "Tese",
    "originalFilePath": "transpilejs\\examples\\custom\\my-examples\\array.js",
    "annotatorOutput": "Annotator completed successfully!\n",
    "annotatorTime": 4569.463699996471,
    "annotatorSuccess": true,
    "annotatedFilePath": "transpilejs\\examples\\custom\\my-examples\\array_annotated.ts",
    "transpilationError": "Command failed: ts-node selector.ts \"transpilejs\\examples\\custom\\my-examples\\array_annotated.ts\" --noIntegerCasts --noGeneratedMain --noGeneratedGettersAndSetters --deleteIntermediateFiles --verbose\nFunction Dependencies:\n\nTrying to compile functions: \nImportable Functions: \n\nSelector Error: Unable to compile anything\n",
    "transpilationSuccess": false,
    "selectorOutput": "Command failed: ts-node selector.ts \"transpilejs\\examples\\custom\\my-examples\\array_annotated.ts\" --noIntegerCasts --noGeneratedMain --noGeneratedGettersAndSetters --deleteIntermediateFiles --verbose\nFunction Dependencies:\n\nTrying to compile functions: \nImportable Functions: \n\nSelector Error: Unable to compile anything\n",
    "selectorSuccess": false,
    "runner": {
      "success": true,
      "ran": false,
      "runs": 20
    }
  }
}