{
  "latestSettings": "nameFunctionExpressions injectIntegerCasts injectTraceLogs generateMain generateGettersAndSetters performOtherCodeTransformations includeConsoleFunctions deleteIntermediateFiles",
  "nameFunctionExpressions injectIntegerCasts injectTraceLogs generateMain generateGettersAndSetters performOtherCodeTransformations includeConsoleFunctions deleteIntermediateFiles": {
    "settings": {
      "nameFunctionExpressions": true,
      "injectIntegerCasts": true,
      "injectTraceLogs": true,
      "generateMain": true,
      "generateGettersAndSetters": true,
      "performOtherCodeTransformations": true,
      "includeConsoleFunctions": true,
      "deleteIntermediateFiles": true
    },
    "version": "Tese",
    "originalFilePath": "transpilejs\\examples\\custom\\my-examples\\globals.js",
    "annotatorOutput": "Annotator completed successfully!\n",
    "annotatorTime": 10631.013000011444,
    "annotatorSuccess": true,
    "annotatedFilePath": "transpilejs\\examples\\custom\\my-examples\\globals_annotated.ts",
    "selectorOutput": "Function Dependencies:\naGetter -> Dependencies: \naSetter -> Dependencies: \naUnary -> Dependencies: \nindirect -> Dependencies: \nmain -> Dependencies: toString, indirect\n\nTrying to compile functions: indirect,main\nImportable Functions: aGetter,aSetter,aUnary\nAS Compilation failed: 7 compile error(s)\nERROR TS2304: Cannot find name 'aSetter'.\n   :\n 7 │ aSetter(1);\n   │ ~~~~~~~\n   └─ in ../examples/custom/my-examples/globals_output/globals_compilable.ts(7,5)\r\n\r\nERROR TS2304: Cannot find name 'aSetter'.\n   :\n 8 │ aSetter(3);\n   │ ~~~~~~~\n   └─ in ../examples/custom/my-examples/globals_output/globals_compilable.ts(8,5)\r\n\r\nERROR TS2304: Cannot find name 'aGetter'.\n   :\n 9 │ console.log((aGetter()).toString());\n   │              ~~~~~~~\n   └─ in ../examples/custom/my-examples/globals_output/globals_compilable.ts(9,18)\r\n\r\nERROR TS2304: Cannot find name 'aSetter'.\n   :\n 4 │ aSetter(20);\n   │ ~~~~~~~\n   └─ in ../examples/custom/my-examples/globals_output/globals_compilable.ts(4,5)\r\n\r\nERROR TS2304: Cannot find name 'aGetter'.\n    :\n 11 │ console.log((aGetter()).toString());\n    │              ~~~~~~~\n    └─ in ../examples/custom/my-examples/globals_output/globals_compilable.ts(11,18)\r\n\r\nERROR TS2304: Cannot find name 'aSetter'.\n    :\n 12 │ aSetter(aGetter() * 2);\n    │ ~~~~~~~\n    └─ in ../examples/custom/my-examples/globals_output/globals_compilable.ts(12,5)\r\n\r\nERROR TS2304: Cannot find name 'aGetter'.\n    :\n 13 │ console.log((aGetter()).toString());\n    │              ~~~~~~~\n    └─ in ../examples/custom/my-examples/globals_output/globals_compilable.ts(13,18)\r\n\r\nFAILURE 7 compile error(s)\r\n\nTrying to compile functions: indirect,main\nImportable Functions: aGetter,aSetter,aUnary\nAS Compilation successful!\nSelector completed successfully!\n",
    "selectorTime": 16740.341899991035,
    "selectorSuccess": true,
    "outputFolder": "transpilejs\\examples\\custom\\my-examples\\globals_output",
    "transpiledFilePath": "transpilejs\\examples\\custom\\my-examples\\globals_output\\globals_transpiled.js",
    "compilableFilePath": "transpilejs\\examples\\custom\\my-examples\\globals_output\\globals_compilable.ts",
    "transpilationTime": 27372.170300006866,
    "transpilationSuccess": true,
    "runner": {
      "success": true,
      "ran": true,
      "runs": 20,
      "original": {
        "size": 135,
        "lines": 10,
        "output": "3\n20\n40\n",
        "averageRuntime": 169.18888500630857,
        "standardDeviation": 16.951833973836703
      },
      "annotated": {
        "size": 714,
        "lines": 31,
        "output": "3\nEntering function indirect\n20\n40\n",
        "averageRuntime": 166.40586500167848,
        "standardDeviation": 11.582751221528198
      },
      "transpiled": {
        "size": 10088,
        "lines": 19,
        "output": "3.0\nEntering function indirect\n20.0\n40.0\n",
        "averageRuntime": 186.8890950024128,
        "standardDeviation": 13.269853264148592
      },
      "compilable": {
        "size": 502,
        "lines": 17
      }
    }
  },
  "nameFunctionExpressions injectIntegerCasts injectTraceLogs generateGettersAndSetters performOtherCodeTransformations includeConsoleFunctions deleteIntermediateFiles": {
    "settings": {
      "nameFunctionExpressions": true,
      "injectIntegerCasts": true,
      "injectTraceLogs": true,
      "generateMain": false,
      "generateGettersAndSetters": true,
      "performOtherCodeTransformations": true,
      "includeConsoleFunctions": true,
      "deleteIntermediateFiles": true
    },
    "version": "Tese",
    "originalFilePath": "transpilejs\\examples\\custom\\my-examples\\globals.js",
    "annotatorOutput": "Annotator completed successfully!\n",
    "annotatorTime": 7288.275100022554,
    "annotatorSuccess": true,
    "annotatedFilePath": "transpilejs\\examples\\custom\\my-examples\\globals_annotated.ts",
    "selectorOutput": "Function Dependencies:\naGetter -> Dependencies: \naSetter -> Dependencies: \naUnary -> Dependencies: \nindirect -> Dependencies: \n\nTrying to compile functions: indirect\nImportable Functions: aGetter,aSetter,aUnary\nAS Compilation failed: 1 compile error(s)\nERROR TS2304: Cannot find name 'aSetter'.\n   :\n 4 │ aSetter(20);\n   │ ~~~~~~~\n   └─ in ../examples/custom/my-examples/globals_output/globals_compilable.ts(4,5)\r\n\r\nFAILURE 1 compile error(s)\r\n\nTrying to compile functions: indirect\nImportable Functions: aGetter,aSetter,aUnary\nAS Compilation successful!\nSelector completed successfully!\n",
    "selectorTime": 11423.867299973965,
    "selectorSuccess": true,
    "outputFolder": "transpilejs\\examples\\custom\\my-examples\\globals_output",
    "transpiledFilePath": "transpilejs\\examples\\custom\\my-examples\\globals_output\\globals_transpiled.js",
    "compilableFilePath": "transpilejs\\examples\\custom\\my-examples\\globals_output\\globals_compilable.ts",
    "transpilationTime": 18712.715400010347,
    "transpilationSuccess": true,
    "runner": {
      "success": true,
      "ran": true,
      "runs": 20,
      "original": {
        "size": 135,
        "lines": 10,
        "output": "3\n20\n40\n",
        "averageRuntime": 202.41702499985695,
        "standardDeviation": 20.722741385513586
      },
      "annotated": {
        "size": 652,
        "lines": 28,
        "output": "3\nEntering function indirect\n20\n40\n",
        "averageRuntime": 186.50998500287534,
        "standardDeviation": 27.056707755629137
      },
      "transpiled": {
        "size": 3101,
        "lines": 26,
        "output": "3\nEntering function indirect\n20\n40\n",
        "averageRuntime": 187.67561000436544,
        "standardDeviation": 27.728221702810277
      },
      "compilable": {
        "size": 195,
        "lines": 6
      }
    }
  },
  "nameFunctionExpressions injectIntegerCasts injectTraceLogs generateMain performOtherCodeTransformations includeConsoleFunctions deleteIntermediateFiles": {
    "settings": {
      "nameFunctionExpressions": true,
      "injectIntegerCasts": true,
      "injectTraceLogs": true,
      "generateMain": true,
      "generateGettersAndSetters": false,
      "performOtherCodeTransformations": true,
      "includeConsoleFunctions": true,
      "deleteIntermediateFiles": true
    },
    "version": "Tese",
    "originalFilePath": "transpilejs\\examples\\custom\\my-examples\\globals.js",
    "annotatorOutput": "Annotator completed successfully!\n",
    "annotatorTime": 8820.328899979591,
    "annotatorSuccess": true,
    "annotatedFilePath": "transpilejs\\examples\\custom\\my-examples\\globals_annotated.ts",
    "transpilationError": "Command failed: ts-node selector.ts \"transpilejs\\examples\\custom\\my-examples\\globals_annotated.ts\" --noGeneratedGettersAndSetters --deleteIntermediateFiles --verbose\nFunction Dependencies:\nindirect -> Dependencies: \nmain -> Dependencies: toString, indirect\n\nTrying to compile functions: indirect,main\nImportable Functions: \nAS Compilation failed: 7 compile error(s)\nERROR TS2304: Cannot find name 'a'.\n   :\n 7 │ a = 1;\n   │ ~\n   └─ in ../examples/custom/my-examples/globals_output/globals_compilable.ts(7,5)\r\n\r\nERROR TS2304: Cannot find name 'a'.\n   :\n 8 │ a = 3;\n   │ ~\n   └─ in ../examples/custom/my-examples/globals_output/globals_compilable.ts(8,5)\r\n\r\nERROR TS2304: Cannot find name 'a'.\n   :\n 9 │ console.log((a).toString());\n   │              ~\n   └─ in ../examples/custom/my-examples/globals_output/globals_compilable.ts(9,18)\r\n\r\nERROR TS2304: Cannot find name 'a'.\n   :\n 4 │ a = 20;\n   │ ~\n   └─ in ../examples/custom/my-examples/globals_output/globals_compilable.ts(4,5)\r\n\r\nERROR TS2304: Cannot find name 'a'.\n    :\n 11 │ console.log((a).toString());\n    │              ~\n    └─ in ../examples/custom/my-examples/globals_output/globals_compilable.ts(11,18)\r\n\r\nERROR TS2304: Cannot find name 'a'.\n    :\n 12 │ a *= 2;\n    │ ~\n    └─ in ../examples/custom/my-examples/globals_output/globals_compilable.ts(12,5)\r\n\r\nERROR TS2304: Cannot find name 'a'.\n    :\n 13 │ console.log((a).toString());\n    │              ~\n    └─ in ../examples/custom/my-examples/globals_output/globals_compilable.ts(13,18)\r\n\r\nFAILURE 7 compile error(s)\r\n\nTrying to compile functions: \nImportable Functions: \n\nSelector Error: Unable to compile anything\n",
    "transpilationSuccess": false,
    "selectorOutput": "Command failed: ts-node selector.ts \"transpilejs\\examples\\custom\\my-examples\\globals_annotated.ts\" --noGeneratedGettersAndSetters --deleteIntermediateFiles --verbose\nFunction Dependencies:\nindirect -> Dependencies: \nmain -> Dependencies: toString, indirect\n\nTrying to compile functions: indirect,main\nImportable Functions: \nAS Compilation failed: 7 compile error(s)\nERROR TS2304: Cannot find name 'a'.\n   :\n 7 │ a = 1;\n   │ ~\n   └─ in ../examples/custom/my-examples/globals_output/globals_compilable.ts(7,5)\r\n\r\nERROR TS2304: Cannot find name 'a'.\n   :\n 8 │ a = 3;\n   │ ~\n   └─ in ../examples/custom/my-examples/globals_output/globals_compilable.ts(8,5)\r\n\r\nERROR TS2304: Cannot find name 'a'.\n   :\n 9 │ console.log((a).toString());\n   │              ~\n   └─ in ../examples/custom/my-examples/globals_output/globals_compilable.ts(9,18)\r\n\r\nERROR TS2304: Cannot find name 'a'.\n   :\n 4 │ a = 20;\n   │ ~\n   └─ in ../examples/custom/my-examples/globals_output/globals_compilable.ts(4,5)\r\n\r\nERROR TS2304: Cannot find name 'a'.\n    :\n 11 │ console.log((a).toString());\n    │              ~\n    └─ in ../examples/custom/my-examples/globals_output/globals_compilable.ts(11,18)\r\n\r\nERROR TS2304: Cannot find name 'a'.\n    :\n 12 │ a *= 2;\n    │ ~\n    └─ in ../examples/custom/my-examples/globals_output/globals_compilable.ts(12,5)\r\n\r\nERROR TS2304: Cannot find name 'a'.\n    :\n 13 │ console.log((a).toString());\n    │              ~\n    └─ in ../examples/custom/my-examples/globals_output/globals_compilable.ts(13,18)\r\n\r\nFAILURE 7 compile error(s)\r\n\nTrying to compile functions: \nImportable Functions: \n\nSelector Error: Unable to compile anything\n",
    "selectorSuccess": false,
    "runner": {
      "success": true,
      "ran": false,
      "runs": 20
    }
  },
  "injectIntegerCasts injectTraceLogs generateMain generateGettersAndSetters performOtherCodeTransformations includeConsoleFunctions deleteIntermediateFiles": {
    "settings": {
      "nameFunctionExpressions": false,
      "injectIntegerCasts": true,
      "injectTraceLogs": true,
      "generateMain": true,
      "generateGettersAndSetters": true,
      "performOtherCodeTransformations": true,
      "includeConsoleFunctions": true,
      "deleteIntermediateFiles": true
    },
    "version": "Tese",
    "originalFilePath": "transpilejs\\examples\\custom\\my-examples\\globals.js",
    "annotatorOutput": "Annotator completed successfully!\n",
    "annotatorTime": 6158.453599989414,
    "annotatorSuccess": true,
    "annotatedFilePath": "transpilejs\\examples\\custom\\my-examples\\globals_annotated.ts",
    "selectorOutput": "Function Dependencies:\naGetter -> Dependencies: \naSetter -> Dependencies: \naUnary -> Dependencies: \nindirect -> Dependencies: \nmain -> Dependencies: toString, indirect\n\nTrying to compile functions: indirect,main\nImportable Functions: aGetter,aSetter,aUnary\nAS Compilation failed: 7 compile error(s)\nERROR TS2304: Cannot find name 'aSetter'.\n   :\n 7 │ aSetter(1);\n   │ ~~~~~~~\n   └─ in ../examples/custom/my-examples/globals_output/globals_compilable.ts(7,5)\r\n\r\nERROR TS2304: Cannot find name 'aSetter'.\n   :\n 8 │ aSetter(3);\n   │ ~~~~~~~\n   └─ in ../examples/custom/my-examples/globals_output/globals_compilable.ts(8,5)\r\n\r\nERROR TS2304: Cannot find name 'aGetter'.\n   :\n 9 │ console.log((aGetter()).toString());\n   │              ~~~~~~~\n   └─ in ../examples/custom/my-examples/globals_output/globals_compilable.ts(9,18)\r\n\r\nERROR TS2304: Cannot find name 'aSetter'.\n   :\n 4 │ aSetter(20);\n   │ ~~~~~~~\n   └─ in ../examples/custom/my-examples/globals_output/globals_compilable.ts(4,5)\r\n\r\nERROR TS2304: Cannot find name 'aGetter'.\n    :\n 11 │ console.log((aGetter()).toString());\n    │              ~~~~~~~\n    └─ in ../examples/custom/my-examples/globals_output/globals_compilable.ts(11,18)\r\n\r\nERROR TS2304: Cannot find name 'aSetter'.\n    :\n 12 │ aSetter(aGetter() * 2);\n    │ ~~~~~~~\n    └─ in ../examples/custom/my-examples/globals_output/globals_compilable.ts(12,5)\r\n\r\nERROR TS2304: Cannot find name 'aGetter'.\n    :\n 13 │ console.log((aGetter()).toString());\n    │              ~~~~~~~\n    └─ in ../examples/custom/my-examples/globals_output/globals_compilable.ts(13,18)\r\n\r\nFAILURE 7 compile error(s)\r\n\nTrying to compile functions: indirect,main\nImportable Functions: aGetter,aSetter,aUnary\nAS Compilation successful!\nSelector completed successfully!\n",
    "selectorTime": 14331.920200049877,
    "selectorSuccess": true,
    "outputFolder": "transpilejs\\examples\\custom\\my-examples\\globals_output",
    "transpiledFilePath": "transpilejs\\examples\\custom\\my-examples\\globals_output\\globals_transpiled.js",
    "compilableFilePath": "transpilejs\\examples\\custom\\my-examples\\globals_output\\globals_compilable.ts",
    "transpilationTime": 20492.250200033188,
    "transpilationSuccess": true,
    "runner": {
      "success": true,
      "ran": true,
      "runs": 20,
      "original": {
        "size": 135,
        "lines": 10,
        "output": "3\n20\n40\n",
        "averageRuntime": 203.71152499318123,
        "standardDeviation": 20.345673349898796
      },
      "annotated": {
        "size": 714,
        "lines": 31,
        "output": "3\nEntering function indirect\n20\n40\n",
        "averageRuntime": 167.85960499644278,
        "standardDeviation": 20.848431986883714
      },
      "transpiled": {
        "size": 10088,
        "lines": 19,
        "output": "3.0\nEntering function indirect\n20.0\n40.0\n",
        "averageRuntime": 197.0661200016737,
        "standardDeviation": 32.71840695195715
      },
      "compilable": {
        "size": 502,
        "lines": 17
      }
    }
  },
  "nameFunctionExpressions injectTraceLogs generateMain generateGettersAndSetters performOtherCodeTransformations includeConsoleFunctions deleteIntermediateFiles": {
    "settings": {
      "nameFunctionExpressions": true,
      "injectIntegerCasts": false,
      "injectTraceLogs": true,
      "generateMain": true,
      "generateGettersAndSetters": true,
      "performOtherCodeTransformations": true,
      "includeConsoleFunctions": true,
      "deleteIntermediateFiles": true
    },
    "version": "Tese",
    "originalFilePath": "transpilejs\\examples\\custom\\my-examples\\globals.js",
    "annotatorOutput": "Annotator completed successfully!\n",
    "annotatorTime": 8729.934700012207,
    "annotatorSuccess": true,
    "annotatedFilePath": "transpilejs\\examples\\custom\\my-examples\\globals_annotated.ts",
    "selectorOutput": "Function Dependencies:\naGetter -> Dependencies: \naSetter -> Dependencies: \naUnary -> Dependencies: \nindirect -> Dependencies: \nmain -> Dependencies: toString, indirect\n\nTrying to compile functions: indirect,main\nImportable Functions: aGetter,aSetter,aUnary\nAS Compilation failed: 7 compile error(s)\nERROR TS2304: Cannot find name 'aSetter'.\n   :\n 7 │ aSetter(1);\n   │ ~~~~~~~\n   └─ in ../examples/custom/my-examples/globals_output/globals_compilable.ts(7,5)\r\n\r\nERROR TS2304: Cannot find name 'aSetter'.\n   :\n 8 │ aSetter(3);\n   │ ~~~~~~~\n   └─ in ../examples/custom/my-examples/globals_output/globals_compilable.ts(8,5)\r\n\r\nERROR TS2304: Cannot find name 'aGetter'.\n   :\n 9 │ console.log((aGetter()).toString());\n   │              ~~~~~~~\n   └─ in ../examples/custom/my-examples/globals_output/globals_compilable.ts(9,18)\r\n\r\nERROR TS2304: Cannot find name 'aSetter'.\n   :\n 4 │ aSetter(20);\n   │ ~~~~~~~\n   └─ in ../examples/custom/my-examples/globals_output/globals_compilable.ts(4,5)\r\n\r\nERROR TS2304: Cannot find name 'aGetter'.\n    :\n 11 │ console.log((aGetter()).toString());\n    │              ~~~~~~~\n    └─ in ../examples/custom/my-examples/globals_output/globals_compilable.ts(11,18)\r\n\r\nERROR TS2304: Cannot find name 'aSetter'.\n    :\n 12 │ aSetter(aGetter() * 2);\n    │ ~~~~~~~\n    └─ in ../examples/custom/my-examples/globals_output/globals_compilable.ts(12,5)\r\n\r\nERROR TS2304: Cannot find name 'aGetter'.\n    :\n 13 │ console.log((aGetter()).toString());\n    │              ~~~~~~~\n    └─ in ../examples/custom/my-examples/globals_output/globals_compilable.ts(13,18)\r\n\r\nFAILURE 7 compile error(s)\r\n\nTrying to compile functions: indirect,main\nImportable Functions: aGetter,aSetter,aUnary\nAS Compilation successful!\nSelector completed successfully!\n",
    "selectorTime": 13323.675199985504,
    "selectorSuccess": true,
    "outputFolder": "transpilejs\\examples\\custom\\my-examples\\globals_output",
    "transpiledFilePath": "transpilejs\\examples\\custom\\my-examples\\globals_output\\globals_transpiled.js",
    "compilableFilePath": "transpilejs\\examples\\custom\\my-examples\\globals_output\\globals_compilable.ts",
    "transpilationTime": 22054.32319998741,
    "transpilationSuccess": true,
    "runner": {
      "success": true,
      "ran": true,
      "runs": 20,
      "original": {
        "size": 135,
        "lines": 10,
        "output": "3\n20\n40\n",
        "averageRuntime": 156.5133899986744,
        "standardDeviation": 9.720153865220862
      },
      "annotated": {
        "size": 714,
        "lines": 31,
        "output": "3\nEntering function indirect\n20\n40\n",
        "averageRuntime": 161.75456000864506,
        "standardDeviation": 7.962397748290874
      },
      "transpiled": {
        "size": 10088,
        "lines": 19,
        "output": "3.0\nEntering function indirect\n20.0\n40.0\n",
        "averageRuntime": 165.12824999690056,
        "standardDeviation": 10.265556194492808
      },
      "compilable": {
        "size": 502,
        "lines": 17
      }
    }
  },
  "nameFunctionExpressions injectIntegerCasts injectTraceLogs generateMain generateGettersAndSetters includeConsoleFunctions deleteIntermediateFiles": {
    "settings": {
      "nameFunctionExpressions": true,
      "injectIntegerCasts": true,
      "injectTraceLogs": true,
      "generateMain": true,
      "generateGettersAndSetters": true,
      "performOtherCodeTransformations": false,
      "includeConsoleFunctions": true,
      "deleteIntermediateFiles": true
    },
    "version": "Tese",
    "originalFilePath": "transpilejs\\examples\\custom\\my-examples\\globals.js",
    "annotatorOutput": "Annotator completed successfully!\n",
    "annotatorTime": 7753.42040002346,
    "annotatorSuccess": true,
    "annotatedFilePath": "transpilejs\\examples\\custom\\my-examples\\globals_annotated.ts",
    "selectorOutput": "Function Dependencies:\naGetter -> Dependencies: \naSetter -> Dependencies: \naUnary -> Dependencies: \nindirect -> Dependencies: \nmain -> Dependencies: indirect\n\nTrying to compile functions: indirect,main\nImportable Functions: aGetter,aSetter,aUnary\nAS Compilation failed: 7 compile error(s)\nERROR TS2304: Cannot find name 'aSetter'.\n   :\n 7 │ aSetter(1);\n   │ ~~~~~~~\n   └─ in ../examples/custom/my-examples/globals_output/globals_compilable.ts(7,5)\r\n\r\nERROR TS2304: Cannot find name 'aSetter'.\n   :\n 8 │ aSetter(3);\n   │ ~~~~~~~\n   └─ in ../examples/custom/my-examples/globals_output/globals_compilable.ts(8,5)\r\n\r\nERROR TS2304: Cannot find name 'aGetter'.\n   :\n 9 │ console.log(aGetter());\n   │             ~~~~~~~\n   └─ in ../examples/custom/my-examples/globals_output/globals_compilable.ts(9,17)\r\n\r\nERROR TS2304: Cannot find name 'aSetter'.\n   :\n 4 │ aSetter(20);\n   │ ~~~~~~~\n   └─ in ../examples/custom/my-examples/globals_output/globals_compilable.ts(4,5)\r\n\r\nERROR TS2304: Cannot find name 'aGetter'.\n    :\n 11 │ console.log(aGetter());\n    │             ~~~~~~~\n    └─ in ../examples/custom/my-examples/globals_output/globals_compilable.ts(11,17)\r\n\r\nERROR TS2304: Cannot find name 'aSetter'.\n    :\n 12 │ aSetter(aGetter() * 2);\n    │ ~~~~~~~\n    └─ in ../examples/custom/my-examples/globals_output/globals_compilable.ts(12,5)\r\n\r\nERROR TS2304: Cannot find name 'aGetter'.\n    :\n 13 │ console.log(aGetter());\n    │             ~~~~~~~\n    └─ in ../examples/custom/my-examples/globals_output/globals_compilable.ts(13,17)\r\n\r\nFAILURE 7 compile error(s)\r\n\nTrying to compile functions: indirect,main\nImportable Functions: aGetter,aSetter,aUnary\nAS Compilation failed: 3 compile error(s)\nERROR TS2322: Type 'f64' is not assignable to type '~lib/string/String'.\n    :\n 13 │ console.log(aGetter());\n    │             ~~~~~~~~~\n    └─ in ../examples/custom/my-examples/globals_output/globals_compilable.ts(13,17)\r\n\r\nERROR TS2322: Type 'f64' is not assignable to type '~lib/string/String'.\n    :\n 15 │ console.log(aGetter());\n    │             ~~~~~~~~~\n    └─ in ../examples/custom/my-examples/globals_output/globals_compilable.ts(15,17)\r\n\r\nERROR TS2322: Type 'f64' is not assignable to type '~lib/string/String'.\n    :\n 17 │ console.log(aGetter());\n    │             ~~~~~~~~~\n    └─ in ../examples/custom/my-examples/globals_output/globals_compilable.ts(17,17)\r\n\r\nFAILURE 3 compile error(s)\r\n\nTrying to compile functions: indirect\nImportable Functions: aGetter,aSetter,aUnary\nAS Compilation failed: 1 compile error(s)\nERROR TS2304: Cannot find name 'aSetter'.\n   :\n 4 │ aSetter(20);\n   │ ~~~~~~~\n   └─ in ../examples/custom/my-examples/globals_output/globals_compilable.ts(4,5)\r\n\r\nFAILURE 1 compile error(s)\r\n\nTrying to compile functions: indirect\nImportable Functions: aGetter,aSetter,aUnary\nAS Compilation successful!\nSelector completed successfully!\n",
    "selectorTime": 19294.71939998865,
    "selectorSuccess": true,
    "outputFolder": "transpilejs\\examples\\custom\\my-examples\\globals_output",
    "transpiledFilePath": "transpilejs\\examples\\custom\\my-examples\\globals_output\\globals_transpiled.js",
    "compilableFilePath": "transpilejs\\examples\\custom\\my-examples\\globals_output\\globals_compilable.ts",
    "transpilationTime": 27048.754499971867,
    "transpilationSuccess": true,
    "runner": {
      "success": true,
      "ran": true,
      "runs": 20,
      "original": {
        "size": 135,
        "lines": 10,
        "output": "3\n20\n40\n",
        "averageRuntime": 173.65071000158787,
        "standardDeviation": 16.740929744828865
      },
      "annotated": {
        "size": 675,
        "lines": 31,
        "output": "3\nEntering function indirect\n20\n40\n",
        "averageRuntime": 166.23664500415325,
        "standardDeviation": 14.74564478341053
      },
      "transpiled": {
        "size": 3118,
        "lines": 29,
        "output": "3\nEntering function indirect\n20\n40\n",
        "averageRuntime": 202.50010999441147,
        "standardDeviation": 23.95841053573497
      },
      "compilable": {
        "size": 195,
        "lines": 6
      }
    }
  },
  "injectTraceLogs includeConsoleFunctions deleteIntermediateFiles": {
    "settings": {
      "nameFunctionExpressions": false,
      "injectIntegerCasts": false,
      "injectTraceLogs": true,
      "generateMain": false,
      "generateGettersAndSetters": false,
      "performOtherCodeTransformations": false,
      "includeConsoleFunctions": true,
      "deleteIntermediateFiles": true
    },
    "version": "Tese",
    "originalFilePath": "transpilejs\\examples\\custom\\my-examples\\globals.js",
    "annotatorOutput": "Annotator completed successfully!\n",
    "annotatorTime": 4155.411599993706,
    "annotatorSuccess": true,
    "annotatedFilePath": "transpilejs\\examples\\custom\\my-examples\\globals_annotated.ts",
    "transpilationError": "Command failed: ts-node selector.ts \"transpilejs\\examples\\custom\\my-examples\\globals_annotated.ts\" --noIntegerCasts --noGeneratedMain --noGeneratedGettersAndSetters --deleteIntermediateFiles --verbose\nFunction Dependencies:\nindirect -> Dependencies: \n\nTrying to compile functions: indirect\nImportable Functions: \nAS Compilation failed: 1 compile error(s)\nERROR TS2304: Cannot find name 'a'.\n   :\n 4 │ a = 20;\n   │ ~\n   └─ in ../examples/custom/my-examples/globals_output/globals_compilable.ts(4,5)\r\n\r\nFAILURE 1 compile error(s)\r\n\nTrying to compile functions: \nImportable Functions: \n\nSelector Error: Unable to compile anything\n",
    "transpilationSuccess": false,
    "selectorOutput": "Command failed: ts-node selector.ts \"transpilejs\\examples\\custom\\my-examples\\globals_annotated.ts\" --noIntegerCasts --noGeneratedMain --noGeneratedGettersAndSetters --deleteIntermediateFiles --verbose\nFunction Dependencies:\nindirect -> Dependencies: \n\nTrying to compile functions: indirect\nImportable Functions: \nAS Compilation failed: 1 compile error(s)\nERROR TS2304: Cannot find name 'a'.\n   :\n 4 │ a = 20;\n   │ ~\n   └─ in ../examples/custom/my-examples/globals_output/globals_compilable.ts(4,5)\r\n\r\nFAILURE 1 compile error(s)\r\n\nTrying to compile functions: \nImportable Functions: \n\nSelector Error: Unable to compile anything\n",
    "selectorSuccess": false,
    "runner": {
      "success": true,
      "ran": false,
      "runs": 20
    }
  }
}