{
  "latestSettings": "nameFunctionExpressions injectIntegerCasts injectTraceLogs generateMain generateGettersAndSetters performOtherCodeTransformations includeConsoleFunctions deleteIntermediateFiles",
  "nameFunctionExpressions injectIntegerCasts injectTraceLogs generateMain generateGettersAndSetters performOtherCodeTransformations includeConsoleFunctions deleteIntermediateFiles": {
    "settings": {
      "nameFunctionExpressions": true,
      "injectIntegerCasts": true,
      "injectTraceLogs": true,
      "generateMain": true,
      "generateGettersAndSetters": true,
      "performOtherCodeTransformations": true,
      "includeConsoleFunctions": true,
      "deleteIntermediateFiles": true
    },
    "version": "Tese",
    "originalFilePath": "transpilejs\\examples\\custom\\my-examples\\nameproblem.js",
    "annotatorOutput": "Annotator completed successfully!\n",
    "annotatorTime": 10342.51350003481,
    "annotatorSuccess": true,
    "annotatedFilePath": "transpilejs\\examples\\custom\\my-examples\\nameproblem_annotated.ts",
    "selectorOutput": "Function Dependencies:\n_aGetter_ -> Dependencies: \n_aSetter_ -> Dependencies: \naUnary -> Dependencies: \n___bGetter___ -> Dependencies: \nbSetter -> Dependencies: \ncGetter -> Dependencies: \ncSetter -> Dependencies: \naGetter -> Dependencies: \naSetter -> Dependencies: \n__bGetter__ -> Dependencies: \nmain -> Dependencies: aSetter\n_main_ -> Dependencies: aGetter, toString, __bGetter__, main\n\nTrying to compile functions: aGetter,aSetter,__bGetter__,main,_main_\nImportable Functions: _aGetter_,_aSetter_,aUnary,___bGetter___,bSetter,cGetter,cSetter\nAS Compilation failed: 9 compile error(s)\nERROR TS2304: Cannot find name '_aSetter_'.\n    :\n 23 │ _aSetter_(0);\n    │ ~~~~~~~~~\n    └─ in ../examples/custom/my-examples/nameproblem_output/nameproblem_compilable.ts(23,5)\r\n\r\nERROR TS2304: Cannot find name 'bSetter'.\n    :\n 24 │ bSetter(\"hello\");\n    │ ~~~~~~~\n    └─ in ../examples/custom/my-examples/nameproblem_output/nameproblem_compilable.ts(24,5)\r\n\r\nERROR TS2304: Cannot find name 'cSetter'.\n    :\n 25 │ cSetter(_aGetter_() == 0);\n    │ ~~~~~~~\n    └─ in ../examples/custom/my-examples/nameproblem_output/nameproblem_compilable.ts(25,5)\r\n\r\nERROR TS2304: Cannot find name '_aGetter_'.\n   :\n 4 │ return _aGetter_() + 5;\n   │        ~~~~~~~~~\n   └─ in ../examples/custom/my-examples/nameproblem_output/nameproblem_compilable.ts(4,12)\r\n\r\nERROR TS2304: Cannot find name '___bGetter___'.\n    :\n 12 │ return ___bGetter___() + \" jk\";\n    │        ~~~~~~~~~~~~~\n    └─ in ../examples/custom/my-examples/nameproblem_output/nameproblem_compilable.ts(12,12)\r\n\r\nERROR TS2304: Cannot find name 'cSetter'.\n   :\n 8 │ cSetter(val);\n   │ ~~~~~~~\n   └─ in ../examples/custom/my-examples/nameproblem_output/nameproblem_compilable.ts(8,5)\r\n\r\nERROR TS2304: Cannot find name 'cGetter'.\n    :\n 17 │ if (cGetter()) {\n    │     ~~~~~~~\n    └─ in ../examples/custom/my-examples/nameproblem_output/nameproblem_compilable.ts(17,9)\r\n\r\nERROR TS2304: Cannot find name '___bGetter___'.\n    :\n 18 │ return ___bGetter___();\n    │        ~~~~~~~~~~~~~\n    └─ in ../examples/custom/my-examples/nameproblem_output/nameproblem_compilable.ts(18,16)\r\n\r\nERROR TS2304: Cannot find name '___bGetter___'.\n    :\n 20 │ return \"no \" + ___bGetter___();\n    │                ~~~~~~~~~~~~~\n    └─ in ../examples/custom/my-examples/nameproblem_output/nameproblem_compilable.ts(20,20)\r\n\r\nFAILURE 9 compile error(s)\r\n\nTrying to compile functions: aGetter,aSetter,__bGetter__,main,_main_\nImportable Functions: _aGetter_,_aSetter_,aUnary,___bGetter___,bSetter,cGetter,cSetter\nAS Compilation successful!\nSelector completed successfully!\n",
    "selectorTime": 17016.47469997406,
    "selectorSuccess": true,
    "outputFolder": "transpilejs\\examples\\custom\\my-examples\\nameproblem_output",
    "transpiledFilePath": "transpilejs\\examples\\custom\\my-examples\\nameproblem_output\\nameproblem_transpiled.js",
    "compilableFilePath": "transpilejs\\examples\\custom\\my-examples\\nameproblem_output\\nameproblem_compilable.ts",
    "transpilationTime": 27359.630400002003,
    "transpilationSuccess": true,
    "runner": {
      "success": true,
      "ran": true,
      "runs": 20,
      "original": {
        "size": 365,
        "lines": 23,
        "output": "5\nhello jk\nno hello\n",
        "averageRuntime": 179.99083000719548,
        "standardDeviation": 12.354854983194077
      },
      "annotated": {
        "size": 1356,
        "lines": 52,
        "output": "Entering function aGetter\n5\nEntering function __bGetter__\nhello jk\nEntering function main\nEntering function aSetter\nno hello\n",
        "averageRuntime": 171.63607999682426,
        "standardDeviation": 13.620240688489599
      },
      "transpiled": {
        "size": 12909,
        "lines": 25,
        "output": "Entering function aGetter\n5.0\nEntering function __bGetter__\nhello jk\nEntering function main\nEntering function aSetter\nno hello\n",
        "averageRuntime": 192.00086999833584,
        "standardDeviation": 13.866774316048026
      },
      "compilable": {
        "size": 1293,
        "lines": 40
      }
    }
  },
  "nameFunctionExpressions injectIntegerCasts injectTraceLogs generateGettersAndSetters performOtherCodeTransformations includeConsoleFunctions deleteIntermediateFiles": {
    "settings": {
      "nameFunctionExpressions": true,
      "injectIntegerCasts": true,
      "injectTraceLogs": true,
      "generateMain": false,
      "generateGettersAndSetters": true,
      "performOtherCodeTransformations": true,
      "includeConsoleFunctions": true,
      "deleteIntermediateFiles": true
    },
    "version": "Tese",
    "originalFilePath": "transpilejs\\examples\\custom\\my-examples\\nameproblem.js",
    "annotatorOutput": "Annotator completed successfully!\n",
    "annotatorTime": 6830.033199995756,
    "annotatorSuccess": true,
    "annotatedFilePath": "transpilejs\\examples\\custom\\my-examples\\nameproblem_annotated.ts",
    "selectorOutput": "Function Dependencies:\n_aGetter_ -> Dependencies: \n_aSetter_ -> Dependencies: \naUnary -> Dependencies: \n___bGetter___ -> Dependencies: \nbSetter -> Dependencies: \ncGetter -> Dependencies: \ncSetter -> Dependencies: \naGetter -> Dependencies: \naSetter -> Dependencies: \n__bGetter__ -> Dependencies: \nmain -> Dependencies: aSetter\n\nTrying to compile functions: aGetter,aSetter,__bGetter__,main\nImportable Functions: _aGetter_,_aSetter_,aUnary,___bGetter___,bSetter,cGetter,cSetter\nAS Compilation failed: 6 compile error(s)\nERROR TS2304: Cannot find name '_aGetter_'.\n   :\n 4 │ return _aGetter_() + 5;\n   │        ~~~~~~~~~\n   └─ in ../examples/custom/my-examples/nameproblem_output/nameproblem_compilable.ts(4,12)\r\n\r\nERROR TS2304: Cannot find name '___bGetter___'.\n    :\n 12 │ return ___bGetter___() + \" jk\";\n    │        ~~~~~~~~~~~~~\n    └─ in ../examples/custom/my-examples/nameproblem_output/nameproblem_compilable.ts(12,12)\r\n\r\nERROR TS2304: Cannot find name 'cSetter'.\n   :\n 8 │ cSetter(val);\n   │ ~~~~~~~\n   └─ in ../examples/custom/my-examples/nameproblem_output/nameproblem_compilable.ts(8,5)\r\n\r\nERROR TS2304: Cannot find name 'cGetter'.\n    :\n 17 │ if (cGetter()) {\n    │     ~~~~~~~\n    └─ in ../examples/custom/my-examples/nameproblem_output/nameproblem_compilable.ts(17,9)\r\n\r\nERROR TS2304: Cannot find name '___bGetter___'.\n    :\n 18 │ return ___bGetter___();\n    │        ~~~~~~~~~~~~~\n    └─ in ../examples/custom/my-examples/nameproblem_output/nameproblem_compilable.ts(18,16)\r\n\r\nERROR TS2304: Cannot find name '___bGetter___'.\n    :\n 20 │ return \"no \" + ___bGetter___();\n    │                ~~~~~~~~~~~~~\n    └─ in ../examples/custom/my-examples/nameproblem_output/nameproblem_compilable.ts(20,20)\r\n\r\nFAILURE 6 compile error(s)\r\n\nTrying to compile functions: aGetter,aSetter,__bGetter__,main\nImportable Functions: _aGetter_,_aSetter_,aUnary,___bGetter___,bSetter,cGetter,cSetter\nAS Compilation successful!\nSelector completed successfully!\n",
    "selectorTime": 19038.131200015545,
    "selectorSuccess": true,
    "outputFolder": "transpilejs\\examples\\custom\\my-examples\\nameproblem_output",
    "transpiledFilePath": "transpilejs\\examples\\custom\\my-examples\\nameproblem_output\\nameproblem_transpiled.js",
    "compilableFilePath": "transpilejs\\examples\\custom\\my-examples\\nameproblem_output\\nameproblem_compilable.ts",
    "transpilationTime": 25868.720299988985,
    "transpilationSuccess": true,
    "runner": {
      "success": true,
      "ran": true,
      "runs": 20,
      "original": {
        "size": 365,
        "lines": 23,
        "output": "5\nhello jk\nno hello\n",
        "averageRuntime": 200.95244000405074,
        "standardDeviation": 15.983089261413673
      },
      "annotated": {
        "size": 1309,
        "lines": 50,
        "output": "Entering function aGetter\n5\nEntering function __bGetter__\nhello jk\nEntering function main\nEntering function aSetter\nno hello\n",
        "averageRuntime": 179.57727999836206,
        "standardDeviation": 19.685132369061765
      },
      "transpiled": {
        "size": 9486,
        "lines": 32,
        "output": "Entering function aGetter\n5\nEntering function __bGetter__\nhello jk\nEntering function main\nEntering function aSetter\nno hello\n",
        "averageRuntime": 195.17448999732733,
        "standardDeviation": 18.77140653863539
      },
      "compilable": {
        "size": 912,
        "lines": 28
      }
    }
  },
  "nameFunctionExpressions injectIntegerCasts injectTraceLogs generateMain performOtherCodeTransformations includeConsoleFunctions deleteIntermediateFiles": {
    "settings": {
      "nameFunctionExpressions": true,
      "injectIntegerCasts": true,
      "injectTraceLogs": true,
      "generateMain": true,
      "generateGettersAndSetters": false,
      "performOtherCodeTransformations": true,
      "includeConsoleFunctions": true,
      "deleteIntermediateFiles": true
    },
    "version": "Tese",
    "originalFilePath": "transpilejs\\examples\\custom\\my-examples\\nameproblem.js",
    "annotatorOutput": "Annotator completed successfully!\n",
    "annotatorTime": 8902.119899988174,
    "annotatorSuccess": true,
    "annotatedFilePath": "transpilejs\\examples\\custom\\my-examples\\nameproblem_annotated.ts",
    "transpilationError": "Command failed: ts-node selector.ts \"transpilejs\\examples\\custom\\my-examples\\nameproblem_annotated.ts\" --noGeneratedGettersAndSetters --deleteIntermediateFiles --verbose\nFunction Dependencies:\naGetter -> Dependencies: \naSetter -> Dependencies: \n__bGetter__ -> Dependencies: \nmain -> Dependencies: aSetter\n_main_ -> Dependencies: aGetter, toString, __bGetter__, main\n\nTrying to compile functions: aGetter,aSetter,__bGetter__,main,_main_\nImportable Functions: \nAS Compilation failed: 9 compile error(s)\nERROR TS2304: Cannot find name 'a'.\n    :\n 23 │ a = 0;\n    │ ~\n    └─ in ../examples/custom/my-examples/nameproblem_output/nameproblem_compilable.ts(23,5)\r\n\r\nERROR TS2304: Cannot find name 'b'.\n    :\n 24 │ b = \"hello\";\n    │ ~\n    └─ in ../examples/custom/my-examples/nameproblem_output/nameproblem_compilable.ts(24,5)\r\n\r\nERROR TS2304: Cannot find name 'c'.\n    :\n 25 │ c = a == 0;\n    │ ~\n    └─ in ../examples/custom/my-examples/nameproblem_output/nameproblem_compilable.ts(25,5)\r\n\r\nERROR TS2304: Cannot find name 'a'.\n   :\n 4 │ return a + 5;\n   │        ~\n   └─ in ../examples/custom/my-examples/nameproblem_output/nameproblem_compilable.ts(4,12)\r\n\r\nERROR TS2304: Cannot find name 'b'.\n    :\n 12 │ return b + \" jk\";\n    │        ~\n    └─ in ../examples/custom/my-examples/nameproblem_output/nameproblem_compilable.ts(12,12)\r\n\r\nERROR TS2304: Cannot find name 'c'.\n   :\n 8 │ c = val;\n   │ ~\n   └─ in ../examples/custom/my-examples/nameproblem_output/nameproblem_compilable.ts(8,5)\r\n\r\nERROR TS2304: Cannot find name 'c'.\n    :\n 17 │ if (c) {\n    │     ~\n    └─ in ../examples/custom/my-examples/nameproblem_output/nameproblem_compilable.ts(17,9)\r\n\r\nERROR TS2304: Cannot find name 'b'.\n    :\n 18 │ return b;\n    │        ~\n    └─ in ../examples/custom/my-examples/nameproblem_output/nameproblem_compilable.ts(18,16)\r\n\r\nERROR TS2304: Cannot find name 'b'.\n    :\n 20 │ return \"no \" + b;\n    │                ~\n    └─ in ../examples/custom/my-examples/nameproblem_output/nameproblem_compilable.ts(20,20)\r\n\r\nFAILURE 9 compile error(s)\r\n\nTrying to compile functions: _main_\nImportable Functions: \nAS Compilation failed: 6 compile error(s)\nERROR TS2304: Cannot find name 'a'.\n   :\n 3 │ a = 0;\n   │ ~\n   └─ in ../examples/custom/my-examples/nameproblem_output/nameproblem_compilable.ts(3,5)\r\n\r\nERROR TS2304: Cannot find name 'b'.\n   :\n 4 │ b = \"hello\";\n   │ ~\n   └─ in ../examples/custom/my-examples/nameproblem_output/nameproblem_compilable.ts(4,5)\r\n\r\nERROR TS2304: Cannot find name 'c'.\n   :\n 5 │ c = a == 0;\n   │ ~\n   └─ in ../examples/custom/my-examples/nameproblem_output/nameproblem_compilable.ts(5,5)\r\n\r\nERROR TS2304: Cannot find name 'aGetter'.\n   :\n 6 │ console.log((aGetter()).toString());\n   │              ~~~~~~~\n   └─ in ../examples/custom/my-examples/nameproblem_output/nameproblem_compilable.ts(6,18)\r\n\r\nERROR TS2304: Cannot find name '__bGetter__'.\n   :\n 7 │ console.log(__bGetter__());\n   │             ~~~~~~~~~~~\n   └─ in ../examples/custom/my-examples/nameproblem_output/nameproblem_compilable.ts(7,17)\r\n\r\nERROR TS2304: Cannot find name 'main'.\n   :\n 8 │ console.log((main()).toString());\n   │              ~~~~\n   └─ in ../examples/custom/my-examples/nameproblem_output/nameproblem_compilable.ts(8,18)\r\n\r\nFAILURE 6 compile error(s)\r\n\nTrying to compile functions: \nImportable Functions: \n\nSelector Error: Unable to compile anything\n",
    "transpilationSuccess": false,
    "selectorOutput": "Command failed: ts-node selector.ts \"transpilejs\\examples\\custom\\my-examples\\nameproblem_annotated.ts\" --noGeneratedGettersAndSetters --deleteIntermediateFiles --verbose\nFunction Dependencies:\naGetter -> Dependencies: \naSetter -> Dependencies: \n__bGetter__ -> Dependencies: \nmain -> Dependencies: aSetter\n_main_ -> Dependencies: aGetter, toString, __bGetter__, main\n\nTrying to compile functions: aGetter,aSetter,__bGetter__,main,_main_\nImportable Functions: \nAS Compilation failed: 9 compile error(s)\nERROR TS2304: Cannot find name 'a'.\n    :\n 23 │ a = 0;\n    │ ~\n    └─ in ../examples/custom/my-examples/nameproblem_output/nameproblem_compilable.ts(23,5)\r\n\r\nERROR TS2304: Cannot find name 'b'.\n    :\n 24 │ b = \"hello\";\n    │ ~\n    └─ in ../examples/custom/my-examples/nameproblem_output/nameproblem_compilable.ts(24,5)\r\n\r\nERROR TS2304: Cannot find name 'c'.\n    :\n 25 │ c = a == 0;\n    │ ~\n    └─ in ../examples/custom/my-examples/nameproblem_output/nameproblem_compilable.ts(25,5)\r\n\r\nERROR TS2304: Cannot find name 'a'.\n   :\n 4 │ return a + 5;\n   │        ~\n   └─ in ../examples/custom/my-examples/nameproblem_output/nameproblem_compilable.ts(4,12)\r\n\r\nERROR TS2304: Cannot find name 'b'.\n    :\n 12 │ return b + \" jk\";\n    │        ~\n    └─ in ../examples/custom/my-examples/nameproblem_output/nameproblem_compilable.ts(12,12)\r\n\r\nERROR TS2304: Cannot find name 'c'.\n   :\n 8 │ c = val;\n   │ ~\n   └─ in ../examples/custom/my-examples/nameproblem_output/nameproblem_compilable.ts(8,5)\r\n\r\nERROR TS2304: Cannot find name 'c'.\n    :\n 17 │ if (c) {\n    │     ~\n    └─ in ../examples/custom/my-examples/nameproblem_output/nameproblem_compilable.ts(17,9)\r\n\r\nERROR TS2304: Cannot find name 'b'.\n    :\n 18 │ return b;\n    │        ~\n    └─ in ../examples/custom/my-examples/nameproblem_output/nameproblem_compilable.ts(18,16)\r\n\r\nERROR TS2304: Cannot find name 'b'.\n    :\n 20 │ return \"no \" + b;\n    │                ~\n    └─ in ../examples/custom/my-examples/nameproblem_output/nameproblem_compilable.ts(20,20)\r\n\r\nFAILURE 9 compile error(s)\r\n\nTrying to compile functions: _main_\nImportable Functions: \nAS Compilation failed: 6 compile error(s)\nERROR TS2304: Cannot find name 'a'.\n   :\n 3 │ a = 0;\n   │ ~\n   └─ in ../examples/custom/my-examples/nameproblem_output/nameproblem_compilable.ts(3,5)\r\n\r\nERROR TS2304: Cannot find name 'b'.\n   :\n 4 │ b = \"hello\";\n   │ ~\n   └─ in ../examples/custom/my-examples/nameproblem_output/nameproblem_compilable.ts(4,5)\r\n\r\nERROR TS2304: Cannot find name 'c'.\n   :\n 5 │ c = a == 0;\n   │ ~\n   └─ in ../examples/custom/my-examples/nameproblem_output/nameproblem_compilable.ts(5,5)\r\n\r\nERROR TS2304: Cannot find name 'aGetter'.\n   :\n 6 │ console.log((aGetter()).toString());\n   │              ~~~~~~~\n   └─ in ../examples/custom/my-examples/nameproblem_output/nameproblem_compilable.ts(6,18)\r\n\r\nERROR TS2304: Cannot find name '__bGetter__'.\n   :\n 7 │ console.log(__bGetter__());\n   │             ~~~~~~~~~~~\n   └─ in ../examples/custom/my-examples/nameproblem_output/nameproblem_compilable.ts(7,17)\r\n\r\nERROR TS2304: Cannot find name 'main'.\n   :\n 8 │ console.log((main()).toString());\n   │              ~~~~\n   └─ in ../examples/custom/my-examples/nameproblem_output/nameproblem_compilable.ts(8,18)\r\n\r\nFAILURE 6 compile error(s)\r\n\nTrying to compile functions: \nImportable Functions: \n\nSelector Error: Unable to compile anything\n",
    "selectorSuccess": false,
    "runner": {
      "success": true,
      "ran": false,
      "runs": 20
    }
  },
  "injectIntegerCasts injectTraceLogs generateMain generateGettersAndSetters performOtherCodeTransformations includeConsoleFunctions deleteIntermediateFiles": {
    "settings": {
      "nameFunctionExpressions": false,
      "injectIntegerCasts": true,
      "injectTraceLogs": true,
      "generateMain": true,
      "generateGettersAndSetters": true,
      "performOtherCodeTransformations": true,
      "includeConsoleFunctions": true,
      "deleteIntermediateFiles": true
    },
    "version": "Tese",
    "originalFilePath": "transpilejs\\examples\\custom\\my-examples\\nameproblem.js",
    "annotatorOutput": "Annotator completed successfully!\n",
    "annotatorTime": 7224.4793999791145,
    "annotatorSuccess": true,
    "annotatedFilePath": "transpilejs\\examples\\custom\\my-examples\\nameproblem_annotated.ts",
    "selectorOutput": "Function Dependencies:\n_aGetter_ -> Dependencies: \n_aSetter_ -> Dependencies: \naUnary -> Dependencies: \n___bGetter___ -> Dependencies: \nbSetter -> Dependencies: \ncGetter -> Dependencies: \ncSetter -> Dependencies: \naGetter -> Dependencies: \naSetter -> Dependencies: \n__bGetter__ -> Dependencies: \nmain -> Dependencies: aSetter\n_main_ -> Dependencies: aGetter, toString, __bGetter__, main\n\nTrying to compile functions: aGetter,aSetter,__bGetter__,main,_main_\nImportable Functions: _aGetter_,_aSetter_,aUnary,___bGetter___,bSetter,cGetter,cSetter\nAS Compilation failed: 9 compile error(s)\nERROR TS2304: Cannot find name '_aSetter_'.\n    :\n 23 │ _aSetter_(0);\n    │ ~~~~~~~~~\n    └─ in ../examples/custom/my-examples/nameproblem_output/nameproblem_compilable.ts(23,5)\r\n\r\nERROR TS2304: Cannot find name 'bSetter'.\n    :\n 24 │ bSetter(\"hello\");\n    │ ~~~~~~~\n    └─ in ../examples/custom/my-examples/nameproblem_output/nameproblem_compilable.ts(24,5)\r\n\r\nERROR TS2304: Cannot find name 'cSetter'.\n    :\n 25 │ cSetter(_aGetter_() == 0);\n    │ ~~~~~~~\n    └─ in ../examples/custom/my-examples/nameproblem_output/nameproblem_compilable.ts(25,5)\r\n\r\nERROR TS2304: Cannot find name '_aGetter_'.\n   :\n 4 │ return _aGetter_() + 5;\n   │        ~~~~~~~~~\n   └─ in ../examples/custom/my-examples/nameproblem_output/nameproblem_compilable.ts(4,12)\r\n\r\nERROR TS2304: Cannot find name '___bGetter___'.\n    :\n 12 │ return ___bGetter___() + \" jk\";\n    │        ~~~~~~~~~~~~~\n    └─ in ../examples/custom/my-examples/nameproblem_output/nameproblem_compilable.ts(12,12)\r\n\r\nERROR TS2304: Cannot find name 'cSetter'.\n   :\n 8 │ cSetter(val);\n   │ ~~~~~~~\n   └─ in ../examples/custom/my-examples/nameproblem_output/nameproblem_compilable.ts(8,5)\r\n\r\nERROR TS2304: Cannot find name 'cGetter'.\n    :\n 17 │ if (cGetter()) {\n    │     ~~~~~~~\n    └─ in ../examples/custom/my-examples/nameproblem_output/nameproblem_compilable.ts(17,9)\r\n\r\nERROR TS2304: Cannot find name '___bGetter___'.\n    :\n 18 │ return ___bGetter___();\n    │        ~~~~~~~~~~~~~\n    └─ in ../examples/custom/my-examples/nameproblem_output/nameproblem_compilable.ts(18,16)\r\n\r\nERROR TS2304: Cannot find name '___bGetter___'.\n    :\n 20 │ return \"no \" + ___bGetter___();\n    │                ~~~~~~~~~~~~~\n    └─ in ../examples/custom/my-examples/nameproblem_output/nameproblem_compilable.ts(20,20)\r\n\r\nFAILURE 9 compile error(s)\r\n\nTrying to compile functions: aGetter,aSetter,__bGetter__,main,_main_\nImportable Functions: _aGetter_,_aSetter_,aUnary,___bGetter___,bSetter,cGetter,cSetter\nAS Compilation successful!\nSelector completed successfully!\n",
    "selectorTime": 13346.874000012875,
    "selectorSuccess": true,
    "outputFolder": "transpilejs\\examples\\custom\\my-examples\\nameproblem_output",
    "transpiledFilePath": "transpilejs\\examples\\custom\\my-examples\\nameproblem_output\\nameproblem_transpiled.js",
    "compilableFilePath": "transpilejs\\examples\\custom\\my-examples\\nameproblem_output\\nameproblem_compilable.ts",
    "transpilationTime": 20572.01660001278,
    "transpilationSuccess": true,
    "runner": {
      "success": true,
      "ran": true,
      "runs": 20,
      "original": {
        "size": 365,
        "lines": 23,
        "output": "5\nhello jk\nno hello\n",
        "averageRuntime": 181.6943000048399,
        "standardDeviation": 27.65818667137743
      },
      "annotated": {
        "size": 1369,
        "lines": 52,
        "output": "Entering function aGetter\n5\nEntering function __bGetter__\nhello jk\nEntering function main\nEntering function aSetter\nno hello\n",
        "averageRuntime": 151.5095600038767,
        "standardDeviation": 11.501379779280283
      },
      "transpiled": {
        "size": 12916,
        "lines": 25,
        "output": "Entering function aGetter\n5.0\nEntering function __bGetter__\nhello jk\nEntering function main\nEntering function aSetter\nno hello\n",
        "averageRuntime": 206.97448999285697,
        "standardDeviation": 22.068320600462403
      },
      "compilable": {
        "size": 1306,
        "lines": 40
      }
    }
  },
  "nameFunctionExpressions injectTraceLogs generateMain generateGettersAndSetters performOtherCodeTransformations includeConsoleFunctions deleteIntermediateFiles": {
    "settings": {
      "nameFunctionExpressions": true,
      "injectIntegerCasts": false,
      "injectTraceLogs": true,
      "generateMain": true,
      "generateGettersAndSetters": true,
      "performOtherCodeTransformations": true,
      "includeConsoleFunctions": true,
      "deleteIntermediateFiles": true
    },
    "version": "Tese",
    "originalFilePath": "transpilejs\\examples\\custom\\my-examples\\nameproblem.js",
    "annotatorOutput": "Annotator completed successfully!\n",
    "annotatorTime": 7368.797599971294,
    "annotatorSuccess": true,
    "annotatedFilePath": "transpilejs\\examples\\custom\\my-examples\\nameproblem_annotated.ts",
    "selectorOutput": "Function Dependencies:\n_aGetter_ -> Dependencies: \n_aSetter_ -> Dependencies: \naUnary -> Dependencies: \n___bGetter___ -> Dependencies: \nbSetter -> Dependencies: \ncGetter -> Dependencies: \ncSetter -> Dependencies: \naGetter -> Dependencies: \naSetter -> Dependencies: \n__bGetter__ -> Dependencies: \nmain -> Dependencies: aSetter\n_main_ -> Dependencies: aGetter, toString, __bGetter__, main\n\nTrying to compile functions: aGetter,aSetter,__bGetter__,main,_main_\nImportable Functions: _aGetter_,_aSetter_,aUnary,___bGetter___,bSetter,cGetter,cSetter\nAS Compilation failed: 9 compile error(s)\nERROR TS2304: Cannot find name '_aSetter_'.\n    :\n 23 │ _aSetter_(0);\n    │ ~~~~~~~~~\n    └─ in ../examples/custom/my-examples/nameproblem_output/nameproblem_compilable.ts(23,5)\r\n\r\nERROR TS2304: Cannot find name 'bSetter'.\n    :\n 24 │ bSetter(\"hello\");\n    │ ~~~~~~~\n    └─ in ../examples/custom/my-examples/nameproblem_output/nameproblem_compilable.ts(24,5)\r\n\r\nERROR TS2304: Cannot find name 'cSetter'.\n    :\n 25 │ cSetter(_aGetter_() == 0);\n    │ ~~~~~~~\n    └─ in ../examples/custom/my-examples/nameproblem_output/nameproblem_compilable.ts(25,5)\r\n\r\nERROR TS2304: Cannot find name '_aGetter_'.\n   :\n 4 │ return _aGetter_() + 5;\n   │        ~~~~~~~~~\n   └─ in ../examples/custom/my-examples/nameproblem_output/nameproblem_compilable.ts(4,12)\r\n\r\nERROR TS2304: Cannot find name '___bGetter___'.\n    :\n 12 │ return ___bGetter___() + \" jk\";\n    │        ~~~~~~~~~~~~~\n    └─ in ../examples/custom/my-examples/nameproblem_output/nameproblem_compilable.ts(12,12)\r\n\r\nERROR TS2304: Cannot find name 'cSetter'.\n   :\n 8 │ cSetter(val);\n   │ ~~~~~~~\n   └─ in ../examples/custom/my-examples/nameproblem_output/nameproblem_compilable.ts(8,5)\r\n\r\nERROR TS2304: Cannot find name 'cGetter'.\n    :\n 17 │ if (cGetter()) {\n    │     ~~~~~~~\n    └─ in ../examples/custom/my-examples/nameproblem_output/nameproblem_compilable.ts(17,9)\r\n\r\nERROR TS2304: Cannot find name '___bGetter___'.\n    :\n 18 │ return ___bGetter___();\n    │        ~~~~~~~~~~~~~\n    └─ in ../examples/custom/my-examples/nameproblem_output/nameproblem_compilable.ts(18,16)\r\n\r\nERROR TS2304: Cannot find name '___bGetter___'.\n    :\n 20 │ return \"no \" + ___bGetter___();\n    │                ~~~~~~~~~~~~~\n    └─ in ../examples/custom/my-examples/nameproblem_output/nameproblem_compilable.ts(20,20)\r\n\r\nFAILURE 9 compile error(s)\r\n\nTrying to compile functions: aGetter,aSetter,__bGetter__,main,_main_\nImportable Functions: _aGetter_,_aSetter_,aUnary,___bGetter___,bSetter,cGetter,cSetter\nAS Compilation successful!\nSelector completed successfully!\n",
    "selectorTime": 11904.28510004282,
    "selectorSuccess": true,
    "outputFolder": "transpilejs\\examples\\custom\\my-examples\\nameproblem_output",
    "transpiledFilePath": "transpilejs\\examples\\custom\\my-examples\\nameproblem_output\\nameproblem_transpiled.js",
    "compilableFilePath": "transpilejs\\examples\\custom\\my-examples\\nameproblem_output\\nameproblem_compilable.ts",
    "transpilationTime": 19273.582400023937,
    "transpilationSuccess": true,
    "runner": {
      "success": true,
      "ran": true,
      "runs": 20,
      "original": {
        "size": 365,
        "lines": 23,
        "output": "5\nhello jk\nno hello\n",
        "averageRuntime": 168.62031499147415,
        "standardDeviation": 15.681660802895415
      },
      "annotated": {
        "size": 1369,
        "lines": 52,
        "output": "Entering function aGetter\n5\nEntering function __bGetter__\nhello jk\nEntering function main\nEntering function aSetter\nno hello\n",
        "averageRuntime": 174.73643500208854,
        "standardDeviation": 24.915857573834206
      },
      "transpiled": {
        "size": 12916,
        "lines": 25,
        "output": "Entering function aGetter\n5.0\nEntering function __bGetter__\nhello jk\nEntering function main\nEntering function aSetter\nno hello\n",
        "averageRuntime": 171.59744500517846,
        "standardDeviation": 14.591607887262231
      },
      "compilable": {
        "size": 1306,
        "lines": 40
      }
    }
  },
  "nameFunctionExpressions injectIntegerCasts injectTraceLogs generateMain generateGettersAndSetters includeConsoleFunctions deleteIntermediateFiles": {
    "settings": {
      "nameFunctionExpressions": true,
      "injectIntegerCasts": true,
      "injectTraceLogs": true,
      "generateMain": true,
      "generateGettersAndSetters": true,
      "performOtherCodeTransformations": false,
      "includeConsoleFunctions": true,
      "deleteIntermediateFiles": true
    },
    "version": "Tese",
    "originalFilePath": "transpilejs\\examples\\custom\\my-examples\\nameproblem.js",
    "annotatorOutput": "Annotator completed successfully!\n",
    "annotatorTime": 7710.718200027943,
    "annotatorSuccess": true,
    "annotatedFilePath": "transpilejs\\examples\\custom\\my-examples\\nameproblem_annotated.ts",
    "selectorOutput": "Function Dependencies:\n_aGetter_ -> Dependencies: \n_aSetter_ -> Dependencies: \naUnary -> Dependencies: \n___bGetter___ -> Dependencies: \nbSetter -> Dependencies: \ncGetter -> Dependencies: \ncSetter -> Dependencies: \naGetter -> Dependencies: \naSetter -> Dependencies: \n__bGetter__ -> Dependencies: \nmain -> Dependencies: aSetter\n_main_ -> Dependencies: aGetter, __bGetter__, main\n\nTrying to compile functions: aGetter,aSetter,__bGetter__,main,_main_\nImportable Functions: _aGetter_,_aSetter_,aUnary,___bGetter___,bSetter,cGetter,cSetter\nAS Compilation failed: 10 compile error(s)\nERROR TS2304: Cannot find name '_aSetter_'.\n    :\n 23 │ _aSetter_(0);\n    │ ~~~~~~~~~\n    └─ in ../examples/custom/my-examples/nameproblem_output/nameproblem_compilable.ts(23,5)\r\n\r\nERROR TS2304: Cannot find name 'bSetter'.\n    :\n 24 │ bSetter(\"hello\");\n    │ ~~~~~~~\n    └─ in ../examples/custom/my-examples/nameproblem_output/nameproblem_compilable.ts(24,5)\r\n\r\nERROR TS2304: Cannot find name 'cSetter'.\n    :\n 25 │ cSetter(_aGetter_() == 0);\n    │ ~~~~~~~\n    └─ in ../examples/custom/my-examples/nameproblem_output/nameproblem_compilable.ts(25,5)\r\n\r\nERROR TS2304: Cannot find name '_aGetter_'.\n   :\n 4 │ return _aGetter_() + 5;\n   │        ~~~~~~~~~\n   └─ in ../examples/custom/my-examples/nameproblem_output/nameproblem_compilable.ts(4,12)\r\n\r\nERROR TS2322: Type 'f64' is not assignable to type '~lib/string/String'.\n    :\n 26 │ console.log(aGetter());\n    │             ~~~~~~~~~\n    └─ in ../examples/custom/my-examples/nameproblem_output/nameproblem_compilable.ts(26,17)\r\n\r\nERROR TS2304: Cannot find name '___bGetter___'.\n    :\n 12 │ return ___bGetter___() + \" jk\";\n    │        ~~~~~~~~~~~~~\n    └─ in ../examples/custom/my-examples/nameproblem_output/nameproblem_compilable.ts(12,12)\r\n\r\nERROR TS2304: Cannot find name 'cSetter'.\n   :\n 8 │ cSetter(val);\n   │ ~~~~~~~\n   └─ in ../examples/custom/my-examples/nameproblem_output/nameproblem_compilable.ts(8,5)\r\n\r\nERROR TS2304: Cannot find name 'cGetter'.\n    :\n 17 │ if (cGetter()) {\n    │     ~~~~~~~\n    └─ in ../examples/custom/my-examples/nameproblem_output/nameproblem_compilable.ts(17,9)\r\n\r\nERROR TS2304: Cannot find name '___bGetter___'.\n    :\n 18 │ return ___bGetter___();\n    │        ~~~~~~~~~~~~~\n    └─ in ../examples/custom/my-examples/nameproblem_output/nameproblem_compilable.ts(18,16)\r\n\r\nERROR TS2304: Cannot find name '___bGetter___'.\n    :\n 20 │ return \"no \" + ___bGetter___();\n    │                ~~~~~~~~~~~~~\n    └─ in ../examples/custom/my-examples/nameproblem_output/nameproblem_compilable.ts(20,20)\r\n\r\nFAILURE 10 compile error(s)\r\n\nTrying to compile functions: aGetter,aSetter,__bGetter__,main,_main_\nImportable Functions: _aGetter_,_aSetter_,aUnary,___bGetter___,bSetter,cGetter,cSetter\nAS Compilation failed: 1 compile error(s)\nERROR TS2322: Type 'f64' is not assignable to type '~lib/string/String'.\n    :\n 38 │ console.log(aGetter());\n    │             ~~~~~~~~~\n    └─ in ../examples/custom/my-examples/nameproblem_output/nameproblem_compilable.ts(38,17)\r\n\r\nFAILURE 1 compile error(s)\r\n\nTrying to compile functions: aGetter,aSetter,__bGetter__,main\nImportable Functions: _aGetter_,_aSetter_,aUnary,___bGetter___,bSetter,cGetter,cSetter\nAS Compilation failed: 6 compile error(s)\nERROR TS2304: Cannot find name '_aGetter_'.\n   :\n 4 │ return _aGetter_() + 5;\n   │        ~~~~~~~~~\n   └─ in ../examples/custom/my-examples/nameproblem_output/nameproblem_compilable.ts(4,12)\r\n\r\nERROR TS2304: Cannot find name '___bGetter___'.\n    :\n 12 │ return ___bGetter___() + \" jk\";\n    │        ~~~~~~~~~~~~~\n    └─ in ../examples/custom/my-examples/nameproblem_output/nameproblem_compilable.ts(12,12)\r\n\r\nERROR TS2304: Cannot find name 'cSetter'.\n   :\n 8 │ cSetter(val);\n   │ ~~~~~~~\n   └─ in ../examples/custom/my-examples/nameproblem_output/nameproblem_compilable.ts(8,5)\r\n\r\nERROR TS2304: Cannot find name 'cGetter'.\n    :\n 17 │ if (cGetter()) {\n    │     ~~~~~~~\n    └─ in ../examples/custom/my-examples/nameproblem_output/nameproblem_compilable.ts(17,9)\r\n\r\nERROR TS2304: Cannot find name '___bGetter___'.\n    :\n 18 │ return ___bGetter___();\n    │        ~~~~~~~~~~~~~\n    └─ in ../examples/custom/my-examples/nameproblem_output/nameproblem_compilable.ts(18,16)\r\n\r\nERROR TS2304: Cannot find name '___bGetter___'.\n    :\n 20 │ return \"no \" + ___bGetter___();\n    │                ~~~~~~~~~~~~~\n    └─ in ../examples/custom/my-examples/nameproblem_output/nameproblem_compilable.ts(20,20)\r\n\r\nFAILURE 6 compile error(s)\r\n\nTrying to compile functions: aGetter,aSetter,__bGetter__,main\nImportable Functions: _aGetter_,_aSetter_,aUnary,___bGetter___,bSetter,cGetter,cSetter\nAS Compilation successful!\nSelector completed successfully!\n",
    "selectorTime": 18686.8927000165,
    "selectorSuccess": true,
    "outputFolder": "transpilejs\\examples\\custom\\my-examples\\nameproblem_output",
    "transpiledFilePath": "transpilejs\\examples\\custom\\my-examples\\nameproblem_output\\nameproblem_transpiled.js",
    "compilableFilePath": "transpilejs\\examples\\custom\\my-examples\\nameproblem_output\\nameproblem_compilable.ts",
    "transpilationTime": 26398.8314999938,
    "transpilationSuccess": true,
    "runner": {
      "success": true,
      "ran": true,
      "runs": 20,
      "original": {
        "size": 365,
        "lines": 23,
        "output": "5\nhello jk\nno hello\n",
        "averageRuntime": 181.8562650054693,
        "standardDeviation": 13.152306025808494
      },
      "annotated": {
        "size": 1343,
        "lines": 52,
        "output": "Entering function aGetter\n5\nEntering function __bGetter__\nhello jk\nEntering function main\nEntering function aSetter\nno hello\n",
        "averageRuntime": 173.75827999711038,
        "standardDeviation": 17.53047279809097
      },
      "transpiled": {
        "size": 9514,
        "lines": 34,
        "output": "Entering function aGetter\n5\nEntering function __bGetter__\nhello jk\nEntering function main\nEntering function aSetter\nno hello\n",
        "averageRuntime": 179.59349001049995,
        "standardDeviation": 26.50125412464346
      },
      "compilable": {
        "size": 912,
        "lines": 28
      }
    }
  },
  "injectTraceLogs includeConsoleFunctions deleteIntermediateFiles": {
    "settings": {
      "nameFunctionExpressions": false,
      "injectIntegerCasts": false,
      "injectTraceLogs": true,
      "generateMain": false,
      "generateGettersAndSetters": false,
      "performOtherCodeTransformations": false,
      "includeConsoleFunctions": true,
      "deleteIntermediateFiles": true
    },
    "version": "Tese",
    "originalFilePath": "transpilejs\\examples\\custom\\my-examples\\nameproblem.js",
    "annotatorOutput": "Annotator completed successfully!\n",
    "annotatorTime": 4238.569600015879,
    "annotatorSuccess": true,
    "annotatedFilePath": "transpilejs\\examples\\custom\\my-examples\\nameproblem_annotated.ts",
    "transpilationError": "Command failed: ts-node selector.ts \"transpilejs\\examples\\custom\\my-examples\\nameproblem_annotated.ts\" --noIntegerCasts --noGeneratedMain --noGeneratedGettersAndSetters --deleteIntermediateFiles --verbose\nFunction Dependencies:\naGetter -> Dependencies: \naSetter -> Dependencies: \n__bGetter__ -> Dependencies: \nmain -> Dependencies: aSetter\n\nTrying to compile functions: aGetter,aSetter,__bGetter__,main\nImportable Functions: \nAS Compilation failed: 6 compile error(s)\nERROR TS2304: Cannot find name 'a'.\n   :\n 4 │ return a + 5;\n   │        ~\n   └─ in ../examples/custom/my-examples/nameproblem_output/nameproblem_compilable.ts(4,12)\r\n\r\nERROR TS2304: Cannot find name 'b'.\n    :\n 12 │ return b + \" jk\";\n    │        ~\n    └─ in ../examples/custom/my-examples/nameproblem_output/nameproblem_compilable.ts(12,12)\r\n\r\nERROR TS2304: Cannot find name 'c'.\n   :\n 8 │ c = val;\n   │ ~\n   └─ in ../examples/custom/my-examples/nameproblem_output/nameproblem_compilable.ts(8,5)\r\n\r\nERROR TS2304: Cannot find name 'c'.\n    :\n 17 │ if (c) {\n    │     ~\n    └─ in ../examples/custom/my-examples/nameproblem_output/nameproblem_compilable.ts(17,9)\r\n\r\nERROR TS2304: Cannot find name 'b'.\n    :\n 18 │ return b;\n    │        ~\n    └─ in ../examples/custom/my-examples/nameproblem_output/nameproblem_compilable.ts(18,16)\r\n\r\nERROR TS2304: Cannot find name 'b'.\n    :\n 20 │ return \"no \" + b;\n    │                ~\n    └─ in ../examples/custom/my-examples/nameproblem_output/nameproblem_compilable.ts(20,20)\r\n\r\nFAILURE 6 compile error(s)\r\n\nTrying to compile functions: \nImportable Functions: \n\nSelector Error: Unable to compile anything\n",
    "transpilationSuccess": false,
    "selectorOutput": "Command failed: ts-node selector.ts \"transpilejs\\examples\\custom\\my-examples\\nameproblem_annotated.ts\" --noIntegerCasts --noGeneratedMain --noGeneratedGettersAndSetters --deleteIntermediateFiles --verbose\nFunction Dependencies:\naGetter -> Dependencies: \naSetter -> Dependencies: \n__bGetter__ -> Dependencies: \nmain -> Dependencies: aSetter\n\nTrying to compile functions: aGetter,aSetter,__bGetter__,main\nImportable Functions: \nAS Compilation failed: 6 compile error(s)\nERROR TS2304: Cannot find name 'a'.\n   :\n 4 │ return a + 5;\n   │        ~\n   └─ in ../examples/custom/my-examples/nameproblem_output/nameproblem_compilable.ts(4,12)\r\n\r\nERROR TS2304: Cannot find name 'b'.\n    :\n 12 │ return b + \" jk\";\n    │        ~\n    └─ in ../examples/custom/my-examples/nameproblem_output/nameproblem_compilable.ts(12,12)\r\n\r\nERROR TS2304: Cannot find name 'c'.\n   :\n 8 │ c = val;\n   │ ~\n   └─ in ../examples/custom/my-examples/nameproblem_output/nameproblem_compilable.ts(8,5)\r\n\r\nERROR TS2304: Cannot find name 'c'.\n    :\n 17 │ if (c) {\n    │     ~\n    └─ in ../examples/custom/my-examples/nameproblem_output/nameproblem_compilable.ts(17,9)\r\n\r\nERROR TS2304: Cannot find name 'b'.\n    :\n 18 │ return b;\n    │        ~\n    └─ in ../examples/custom/my-examples/nameproblem_output/nameproblem_compilable.ts(18,16)\r\n\r\nERROR TS2304: Cannot find name 'b'.\n    :\n 20 │ return \"no \" + b;\n    │                ~\n    └─ in ../examples/custom/my-examples/nameproblem_output/nameproblem_compilable.ts(20,20)\r\n\r\nFAILURE 6 compile error(s)\r\n\nTrying to compile functions: \nImportable Functions: \n\nSelector Error: Unable to compile anything\n",
    "selectorSuccess": false,
    "runner": {
      "success": true,
      "ran": false,
      "runs": 20
    }
  }
}